{"name": "Var_cloneTest", "status": "compile error", "error": "[INFO] Scanning for projects...\n[INFO] \n[INFO] ----------------< commons-validator:commons-validator >-----------------\n[INFO] Building Apache Commons Validator 1.10.0-SNAPSHOT\n[INFO]   from pom.xml\n[INFO] --------------------------------[ jar ]---------------------------------\n[INFO] \n[INFO] --- enforcer:3.5.0:enforce (enforce-maven-version) @ commons-validator ---\n[INFO] Rule 0: org.apache.maven.enforcer.rules.version.RequireMavenVersion passed\n[INFO] \n[INFO] --- enforcer:3.5.0:enforce (enforce-java-version) @ commons-validator ---\n[INFO] Rule 0: org.apache.maven.enforcer.rules.version.RequireJavaVersion passed\n[INFO] \n[INFO] --- apache-rat:0.16.1:check (rat-check) @ commons-validator ---\n[INFO] RAT will not execute since it is configured to be skipped via system property 'rat.skip'.\n[INFO] \n[INFO] --- artifact:3.5.1:check-buildplan (check-buildplan) @ commons-validator ---\n[INFO] no known issue with org.apache.maven.plugins:maven-enforcer-plugin:3.5.0\n[INFO] no known issue with org.apache.rat:apache-rat-plugin:0.16.1\n[INFO] no known issue with org.apache.maven.plugins:maven-artifact-plugin:3.5.1\n[INFO] no known issue with org.codehaus.mojo:build-helper-maven-plugin:3.6.0\n[INFO] no known issue with org.apache.maven.plugins:maven-antrun-plugin:3.1.0\n[INFO] no known issue with org.apache.maven.plugins:maven-remote-resources-plugin:3.2.0 (>= 1.7.0)\n[INFO] no known issue with org.codehaus.mojo:buildnumber-maven-plugin:3.2.1\n[INFO] no known issue with org.apache.maven.plugins:maven-resources-plugin:3.3.1\n[INFO] no known issue with org.apache.maven.plugins:maven-compiler-plugin:3.13.0\n[INFO] no known issue with org.apache.felix:maven-bundle-plugin:5.1.9 (>= 5.1.9)\n[INFO] no known issue with org.jacoco:jacoco-maven-plugin:0.8.12\n[INFO] no known issue with org.apache.maven.plugins:maven-surefire-plugin:3.5.0\n[INFO] no known issue with org.apache.maven.plugins:maven-jar-plugin:3.4.2 (>= 3.2.0)\n[INFO] no known issue with org.apache.maven.plugins:maven-source-plugin:3.2.1 (>= 3.2.1)\n[INFO] no known issue with org.cyclonedx:cyclonedx-maven-plugin:2.8.1 (>= 2.7.9)\n[INFO] no known issue with org.spdx:spdx-maven-plugin:0.7.4\n[INFO] no known issue with org.moditect:moditect-maven-plugin:1.2.2.Final (>= 1.2.0.Final)\n[INFO] no known issue with org.apache.maven.plugins:maven-site-plugin:3.12.1\n[INFO] no known issue with org.apache.maven.plugins:maven-install-plugin:3.1.2\n[INFO] no known issue with org.apache.maven.plugins:maven-deploy-plugin:3.1.2\n[INFO] \n[INFO] --- build-helper:3.6.0:parse-version (parse-version) @ commons-validator ---\n[INFO] \n[INFO] --- antrun:3.1.0:run (javadoc.resources) @ commons-validator ---\n[INFO] Executing tasks\n[INFO]      [copy] Copying 2 files to /home/zhangzhe/fuzzing-repo/targets/commons-validator-for-ablation-3/target/apidocs/META-INF\n[INFO] Executed tasks\n[INFO] \n[INFO] --- remote-resources:3.2.0:process (process-resource-bundles) @ commons-validator ---\n[INFO] Skipping remote resources execution.\n[INFO] \n[INFO] --- buildnumber:3.2.1:create (default) @ commons-validator ---\n[INFO] Executing: /bin/sh -c cd '/home/zhangzhe/fuzzing-repo/targets/commons-validator-for-ablation-3' && 'git' 'log' '-1' '--no-merges' '--format=format:%H %aI %aE %aN'\n[INFO] Working directory: /home/zhangzhe/fuzzing-repo/targets/commons-validator-for-ablation-3\n[INFO] Storing buildNumber: null at timestamp: 1733401484329\n[INFO] Executing: /bin/sh -c cd '/home/zhangzhe/fuzzing-repo/targets/commons-validator-for-ablation-3' && 'git' 'symbolic-ref' 'HEAD'\n[INFO] Working directory: /home/zhangzhe/fuzzing-repo/targets/commons-validator-for-ablation-3\n[WARNING] Cannot get the branch information from the git repository: \nDetecting the current branch failed: fatal: ref HEAD is not a symbolic ref\n\n[INFO] Executing: /bin/sh -c cd '/home/zhangzhe/fuzzing-repo/targets/commons-validator-for-ablation-3' && 'git' 'log' '-1' '--no-merges' '--format=format:%H %aI %aE %aN'\n[INFO] Working directory: /home/zhangzhe/fuzzing-repo/targets/commons-validator-for-ablation-3\n[INFO] Storing scmBranch: UNKNOWN\n[INFO] \n[INFO] --- resources:3.3.1:resources (default-resources) @ commons-validator ---\n[INFO] Copying 2 resources from  to target/classes/META-INF\n[INFO] Copying 8 resources from src/main/resources to target/classes\n[INFO] \n[INFO] --- compiler:3.13.0:compile (default-compile) @ commons-validator ---\n[INFO] Recompiling the module because of changed source code.\n[INFO] Compiling 71 source files with javac [debug release 8] to target/classes\n[INFO] /home/zhangzhe/fuzzing-repo/targets/commons-validator-for-ablation-3/src/main/java/org/apache/commons/validator/Field.java: \u67d0\u4e9b\u8f93\u5165\u6587\u4ef6\u4f7f\u7528\u6216\u8986\u76d6\u4e86\u5df2\u8fc7\u65f6\u7684 API\u3002\n[INFO] /home/zhangzhe/fuzzing-repo/targets/commons-validator-for-ablation-3/src/main/java/org/apache/commons/validator/Field.java: \u6709\u5173\u8be6\u7ec6\u4fe1\u606f, \u8bf7\u4f7f\u7528 -Xlint:deprecation \u91cd\u65b0\u7f16\u8bd1\u3002\n[INFO] \n[INFO] --- bundle:5.1.9:manifest (bundle-manifest) @ commons-validator ---\n[INFO] No MANIFEST.MF file found, generating manifest.\n[INFO] Writing manifest: /home/zhangzhe/fuzzing-repo/targets/commons-validator-for-ablation-3/target/osgi/MANIFEST.MF\n[INFO] \n[INFO] --- resources:3.3.1:testResources (default-testResources) @ commons-validator ---\n[INFO] Copying 19 resources from src/test/resources to target/test-classes\n[INFO] Copying 2 resources from  to target/test-classes/META-INF\n[INFO] \n[INFO] --- compiler:3.13.0:testCompile (default-testCompile) @ commons-validator ---\n[INFO] Recompiling the module because of changed dependency.\n[INFO] Compiling 89 source files with javac [debug release 8] to target/test-classes\n[INFO] /home/zhangzhe/fuzzing-repo/targets/commons-validator-for-ablation-3/src/test/java/org/apache/commons/validator/ValidatorTest.java: \u67d0\u4e9b\u8f93\u5165\u6587\u4ef6\u4f7f\u7528\u6216\u8986\u76d6\u4e86\u5df2\u8fc7\u65f6\u7684 API\u3002\n[INFO] /home/zhangzhe/fuzzing-repo/targets/commons-validator-for-ablation-3/src/test/java/org/apache/commons/validator/ValidatorTest.java: \u6709\u5173\u8be6\u7ec6\u4fe1\u606f, \u8bf7\u4f7f\u7528 -Xlint:deprecation \u91cd\u65b0\u7f16\u8bd1\u3002\n[INFO] -------------------------------------------------------------\n[ERROR] COMPILATION ERROR : \n[INFO] -------------------------------------------------------------\n[ERROR] /home/zhangzhe/fuzzing-repo/targets/commons-validator-for-ablation-3/src/test/java/org/apache/commons/validator/Field_addArgTest.java:[83,45] DEFAULT_ARG \u5728 org.apache.commons.validator.Field \u4e2d\u662f private \u8bbf\u95ee\u63a7\u5236\n[INFO] 1 error\n[INFO] -------------------------------------------------------------\n[INFO] ------------------------------------------------------------------------\n[INFO] BUILD FAILURE\n[INFO] ------------------------------------------------------------------------\n[INFO] Total time:  9.184 s\n[INFO] Finished at: 2024-12-05T20:24:50+08:00\n[INFO] ------------------------------------------------------------------------\n[ERROR] Failed to execute goal org.apache.maven.plugins:maven-compiler-plugin:3.13.0:testCompile (default-testCompile) on project commons-validator: Compilation failure\n[ERROR] /home/zhangzhe/fuzzing-repo/targets/commons-validator-for-ablation-3/src/test/java/org/apache/commons/validator/Field_addArgTest.java:[83,45] DEFAULT_ARG \u5728 org.apache.commons.validator.Field \u4e2d\u662f private \u8bbf\u95ee\u63a7\u5236\n[ERROR] \n[ERROR] -> [Help 1]\n[ERROR] \n[ERROR] To see the full stack trace of the errors, re-run Maven with the -e switch.\n[ERROR] Re-run Maven using the -X switch to enable full debug logging.\n[ERROR] \n[ERROR] For more information about the errors and possible solutions, please read the following articles:\n[ERROR] [Help 1] http://cwiki.apache.org/confluence/display/MAVEN/MojoFailureException\n"}