{"name": "Pair_noneMatchTest", "status": "assertion error", "error": "[INFO] Scanning for projects...\n[INFO] \n[INFO] ------------------------< net.hydromatic:morel >------------------------\n[INFO] Building morel 0.5.0-SNAPSHOT\n[INFO]   from pom.xml\n[INFO] --------------------------------[ jar ]---------------------------------\n[INFO] \n[INFO] --- checkstyle:3.3.1:check (validate) @ morel ---\n[INFO] \n[INFO] --- enforcer:3.4.1:enforce (enforce-java) @ morel ---\n[INFO] Rule 0: org.apache.maven.enforcer.rules.version.RequireJavaVersion passed\n[INFO] \n[INFO] --- enforcer:3.4.1:enforce (enforce-maven) @ morel ---\n[INFO] Rule 0: org.apache.maven.enforcer.rules.version.RequireMavenVersion passed\n[INFO] \n[INFO] --- jacoco:0.8.12:prepare-agent (default) @ morel ---\n[INFO] argLine set to -javaagent:/home/zhangzhe/.m2/repository/org/jacoco/org.jacoco.agent/0.8.12/org.jacoco.agent-0.8.12-runtime.jar=destfile=/home/zhangzhe/fuzzing-repo/targets/java/morel-for-ablation-0/target/jacoco.exec,excludes=**/demo/**\n[INFO] \n[INFO] --- javacc:3.0.3:javacc (javacc) @ morel ---\nJava Compiler Compiler Version 7.0.13 (Parser Generator)\n(type \"javacc\" with no arguments for help)\nReading from file /home/zhangzhe/fuzzing-repo/targets/java/morel-for-ablation-0/src/main/javacc/MorelParser.jj . . .\nNote: UNICODE_INPUT option is specified. Please make sure you create the parser/lexer using a Reader with the correct character encoding.\nFile \"TokenMgrError.java\" does not exist.  Will create one.\nFile \"ParseException.java\" does not exist.  Will create one.\nFile \"Token.java\" does not exist.  Will create one.\nFile \"SimpleCharStream.java\" does not exist.  Will create one.\nParser generated with 0 errors and 23 warnings.\n[INFO] Processed 1 grammar\n[INFO] \n[INFO] --- build-helper:3.5.0:add-resource (add-resource) @ morel ---\n[INFO] \n[INFO] --- build-helper:3.5.0:add-test-resource (add-resource) @ morel ---\n[INFO] \n[INFO] --- resources:3.3.1:resources (default-resources) @ morel ---\n[INFO] skip non existing resourceDirectory /home/zhangzhe/fuzzing-repo/targets/java/morel-for-ablation-0/src/main/resources\n[INFO] Copying 2 resources from  to target/classes/META-INF\n[INFO] Copying 0 resource from target to target/classes/META-INF\n[INFO] \n[INFO] --- compiler:3.12.1:compile (default-compile) @ morel ---\n[INFO] Recompiling the module because of changed source code.\n[INFO] Compiling 126 source files with javac [debug target 8] to target/classes\n[WARNING] \u672a\u4e0e -source 8 \u4e00\u8d77\u8bbe\u7f6e\u5f15\u5bfc\u7c7b\u8def\u5f84\n[INFO] /home/zhangzhe/fuzzing-repo/targets/java/morel-for-ablation-0/src/main/java/net/hydromatic/morel/util/Pair.java: \u67d0\u4e9b\u8f93\u5165\u6587\u4ef6\u4f7f\u7528\u4e86\u672a\u7ecf\u68c0\u67e5\u6216\u4e0d\u5b89\u5168\u7684\u64cd\u4f5c\u3002\n[INFO] /home/zhangzhe/fuzzing-repo/targets/java/morel-for-ablation-0/src/main/java/net/hydromatic/morel/util/Pair.java: \u6709\u5173\u8be6\u7ec6\u4fe1\u606f, \u8bf7\u4f7f\u7528 -Xlint:unchecked \u91cd\u65b0\u7f16\u8bd1\u3002\n[INFO] \n[INFO] --- resources:3.3.1:testResources (default-testResources) @ morel ---\n[INFO] Copying 37 resources from src/test/resources to target/test-classes\n[INFO] Copying 2 resources from  to target/test-classes/META-INF\n[INFO] Copying 0 resource from target to target/test-classes/META-INF\n[INFO] \n[INFO] --- compiler:3.12.1:testCompile (default-testCompile) @ morel ---\n[INFO] Recompiling the module because of changed dependency.\n[INFO] Compiling 35 source files with javac [debug target 8] to target/test-classes\n[WARNING] \u672a\u4e0e -source 8 \u4e00\u8d77\u8bbe\u7f6e\u5f15\u5bfc\u7c7b\u8def\u5f84\n[INFO] /home/zhangzhe/fuzzing-repo/targets/java/morel-for-ablation-0/src/test/java/net/hydromatic/morel/Matchers.java: \u67d0\u4e9b\u8f93\u5165\u6587\u4ef6\u4f7f\u7528\u4e86\u672a\u7ecf\u68c0\u67e5\u6216\u4e0d\u5b89\u5168\u7684\u64cd\u4f5c\u3002\n[INFO] /home/zhangzhe/fuzzing-repo/targets/java/morel-for-ablation-0/src/test/java/net/hydromatic/morel/Matchers.java: \u6709\u5173\u8be6\u7ec6\u4fe1\u606f, \u8bf7\u4f7f\u7528 -Xlint:unchecked \u91cd\u65b0\u7f16\u8bd1\u3002\n[INFO] \n[INFO] --- surefire:3.2.3:test (default-test) @ morel ---\n[INFO] Using auto detected provider org.apache.maven.surefire.junitplatform.JUnitPlatformProvider\n[INFO] \n[INFO] -------------------------------------------------------\n[INFO]  T E S T S\n[INFO] -------------------------------------------------------\n[INFO] Running net.hydromatic.morel.util.Pair_noneMatchTest\n[ERROR] Tests run: 4, Failures: 1, Errors: 0, Skipped: 0, Time elapsed: 0.133 s <<< FAILURE! -- in net.hydromatic.morel.util.Pair_noneMatchTest\n[ERROR] net.hydromatic.morel.util.Pair_noneMatchTest.testNoneMatch_WithMatch -- Time elapsed: 0.055 s <<< FAILURE!\norg.opentest4j.AssertionFailedError: expected: <false> but was: <true>\n\tat org.junit.jupiter.api.AssertionFailureBuilder.build(AssertionFailureBuilder.java:151)\n\tat org.junit.jupiter.api.AssertionFailureBuilder.buildAndThrow(AssertionFailureBuilder.java:132)\n\tat org.junit.jupiter.api.AssertFalse.failNotFalse(AssertFalse.java:63)\n\tat org.junit.jupiter.api.AssertFalse.assertFalse(AssertFalse.java:36)\n\tat org.junit.jupiter.api.AssertFalse.assertFalse(AssertFalse.java:31)\n\tat org.junit.jupiter.api.Assertions.assertFalse(Assertions.java:231)\n\tat net.hydromatic.morel.util.Pair_noneMatchTest.testNoneMatch_WithMatch(Pair_noneMatchTest.java:34)\n\tat java.base/java.lang.reflect.Method.invoke(Method.java:566)\n\tat java.base/java.util.concurrent.RecursiveAction.exec(RecursiveAction.java:189)\n\tat java.base/java.util.concurrent.ForkJoinTask.doExec(ForkJoinTask.java:290)\n\tat java.base/java.util.concurrent.ForkJoinPool$WorkQueue.topLevelExec(ForkJoinPool.java:1020)\n\tat java.base/java.util.concurrent.ForkJoinPool.scan(ForkJoinPool.java:1656)\n\tat java.base/java.util.concurrent.ForkJoinPool.runWorker(ForkJoinPool.java:1594)\n\tat java.base/java.util.concurrent.ForkJoinWorkerThread.run(ForkJoinWorkerThread.java:183)\n\n[INFO] \n[INFO] Results:\n[INFO] \n[ERROR] Failures: \n[ERROR]   Pair_noneMatchTest.testNoneMatch_WithMatch:34 expected: <false> but was: <true>\n[INFO] \n[ERROR] Tests run: 4, Failures: 1, Errors: 0, Skipped: 0\n[INFO] \n[INFO] ------------------------------------------------------------------------\n[INFO] BUILD FAILURE\n[INFO] ------------------------------------------------------------------------\n[INFO] Total time:  8.904 s\n[INFO] Finished at: 2024-12-03T22:33:52+08:00\n[INFO] ------------------------------------------------------------------------\n[ERROR] Failed to execute goal org.apache.maven.plugins:maven-surefire-plugin:3.2.3:test (default-test) on project morel: There are test failures.\n[ERROR] \n[ERROR] Please refer to /home/zhangzhe/fuzzing-repo/targets/java/morel-for-ablation-0/target/surefire-reports for the individual test results.\n[ERROR] Please refer to dump files (if any exist) [date].dump, [date]-jvmRun[N].dump and [date].dumpstream.\n[ERROR] -> [Help 1]\n[ERROR] \n[ERROR] To see the full stack trace of the errors, re-run Maven with the -e switch.\n[ERROR] Re-run Maven using the -X switch to enable full debug logging.\n[ERROR] \n[ERROR] For more information about the errors and possible solutions, please read the following articles:\n[ERROR] [Help 1] http://cwiki.apache.org/confluence/display/MAVEN/MojoFailureException\n"}