{"name": "Shell_createTest", "status": "compile error", "error": "[INFO] Scanning for projects...\n[INFO] \n[INFO] ------------------------< net.hydromatic:morel >------------------------\n[INFO] Building morel 0.5.0-SNAPSHOT\n[INFO]   from pom.xml\n[INFO] --------------------------------[ jar ]---------------------------------\n[INFO] \n[INFO] --- checkstyle:3.3.1:check (validate) @ morel ---\n[INFO] \n[INFO] --- enforcer:3.4.1:enforce (enforce-java) @ morel ---\n[INFO] Rule 0: org.apache.maven.enforcer.rules.version.RequireJavaVersion passed\n[INFO] \n[INFO] --- enforcer:3.4.1:enforce (enforce-maven) @ morel ---\n[INFO] Rule 0: org.apache.maven.enforcer.rules.version.RequireMavenVersion passed\n[INFO] \n[INFO] --- jacoco:0.8.12:prepare-agent (default) @ morel ---\n[INFO] argLine set to -javaagent:/home/zhangzhe/.m2/repository/org/jacoco/org.jacoco.agent/0.8.12/org.jacoco.agent-0.8.12-runtime.jar=destfile=/home/zhangzhe/fuzzing-repo/targets/java/morel-for-ablation-0/target/jacoco.exec,excludes=**/demo/**\n[INFO] \n[INFO] --- javacc:3.0.3:javacc (javacc) @ morel ---\nJava Compiler Compiler Version 7.0.13 (Parser Generator)\n(type \"javacc\" with no arguments for help)\nReading from file /home/zhangzhe/fuzzing-repo/targets/java/morel-for-ablation-0/src/main/javacc/MorelParser.jj . . .\nNote: UNICODE_INPUT option is specified. Please make sure you create the parser/lexer using a Reader with the correct character encoding.\nFile \"TokenMgrError.java\" does not exist.  Will create one.\nFile \"ParseException.java\" does not exist.  Will create one.\nFile \"Token.java\" does not exist.  Will create one.\nFile \"SimpleCharStream.java\" does not exist.  Will create one.\nParser generated with 0 errors and 23 warnings.\n[INFO] Processed 1 grammar\n[INFO] \n[INFO] --- build-helper:3.5.0:add-resource (add-resource) @ morel ---\n[INFO] \n[INFO] --- build-helper:3.5.0:add-test-resource (add-resource) @ morel ---\n[INFO] \n[INFO] --- resources:3.3.1:resources (default-resources) @ morel ---\n[INFO] skip non existing resourceDirectory /home/zhangzhe/fuzzing-repo/targets/java/morel-for-ablation-0/src/main/resources\n[INFO] Copying 2 resources from  to target/classes/META-INF\n[INFO] Copying 0 resource from target to target/classes/META-INF\n[INFO] \n[INFO] --- compiler:3.12.1:compile (default-compile) @ morel ---\n[INFO] Recompiling the module because of changed source code.\n[INFO] Compiling 126 source files with javac [debug target 8] to target/classes\n[WARNING] \u672a\u4e0e -source 8 \u4e00\u8d77\u8bbe\u7f6e\u5f15\u5bfc\u7c7b\u8def\u5f84\n[INFO] /home/zhangzhe/fuzzing-repo/targets/java/morel-for-ablation-0/src/main/java/net/hydromatic/morel/util/Pair.java: \u67d0\u4e9b\u8f93\u5165\u6587\u4ef6\u4f7f\u7528\u4e86\u672a\u7ecf\u68c0\u67e5\u6216\u4e0d\u5b89\u5168\u7684\u64cd\u4f5c\u3002\n[INFO] /home/zhangzhe/fuzzing-repo/targets/java/morel-for-ablation-0/src/main/java/net/hydromatic/morel/util/Pair.java: \u6709\u5173\u8be6\u7ec6\u4fe1\u606f, \u8bf7\u4f7f\u7528 -Xlint:unchecked \u91cd\u65b0\u7f16\u8bd1\u3002\n[INFO] \n[INFO] --- resources:3.3.1:testResources (default-testResources) @ morel ---\n[INFO] Copying 37 resources from src/test/resources to target/test-classes\n[INFO] Copying 2 resources from  to target/test-classes/META-INF\n[INFO] Copying 0 resource from target to target/test-classes/META-INF\n[INFO] \n[INFO] --- compiler:3.12.1:testCompile (default-testCompile) @ morel ---\n[INFO] Recompiling the module because of changed dependency.\n[INFO] Compiling 22 source files with javac [debug target 8] to target/test-classes\n[WARNING] \u672a\u4e0e -source 8 \u4e00\u8d77\u8bbe\u7f6e\u5f15\u5bfc\u7c7b\u8def\u5f84\n[INFO] /home/zhangzhe/fuzzing-repo/targets/java/morel-for-ablation-0/src/test/java/net/hydromatic/morel/Matchers.java: \u67d0\u4e9b\u8f93\u5165\u6587\u4ef6\u4f7f\u7528\u4e86\u672a\u7ecf\u68c0\u67e5\u6216\u4e0d\u5b89\u5168\u7684\u64cd\u4f5c\u3002\n[INFO] /home/zhangzhe/fuzzing-repo/targets/java/morel-for-ablation-0/src/test/java/net/hydromatic/morel/Matchers.java: \u6709\u5173\u8be6\u7ec6\u4fe1\u606f, \u8bf7\u4f7f\u7528 -Xlint:unchecked \u91cd\u65b0\u7f16\u8bd1\u3002\n[INFO] \n[INFO] --- surefire:3.2.3:test (default-test) @ morel ---\n[INFO] Using auto detected provider org.apache.maven.surefire.junitplatform.JUnitPlatformProvider\n[INFO] \n[INFO] -------------------------------------------------------\n[INFO]  T E S T S\n[INFO] -------------------------------------------------------\n[INFO] Running net.hydromatic.morel.Shell_createTest\n[ERROR] Tests run: 9, Failures: 0, Errors: 8, Skipped: 0, Time elapsed: 0.354 s <<< FAILURE! -- in net.hydromatic.morel.Shell_createTest\n[ERROR] net.hydromatic.morel.Shell_createTest.testCreateShellWithForeign -- Time elapsed: 0.079 s <<< ERROR!\njava.lang.RuntimeException: Cannot load class: com.example.ForeignClass\n\tat net.hydromatic.morel.Shell.instantiate(Shell.java:288)\n\tat net.hydromatic.morel.Shell.parse(Shell.java:154)\n\tat net.hydromatic.morel.Shell.create(Shell.java:105)\n\tat net.hydromatic.morel.Shell_createTest.testCreateShellWithForeign(Shell_createTest.java:64)\n\tat java.base/java.lang.reflect.Method.invoke(Method.java:566)\n\tat java.base/java.util.concurrent.RecursiveAction.exec(RecursiveAction.java:189)\n\tat java.base/java.util.concurrent.ForkJoinTask.doExec(ForkJoinTask.java:290)\n\tat java.base/java.util.concurrent.ForkJoinPool$WorkQueue.topLevelExec(ForkJoinPool.java:1020)\n\tat java.base/java.util.concurrent.ForkJoinPool.scan(ForkJoinPool.java:1656)\n\tat java.base/java.util.concurrent.ForkJoinPool.runWorker(ForkJoinPool.java:1594)\n\tat java.base/java.util.concurrent.ForkJoinWorkerThread.run(ForkJoinWorkerThread.java:183)\nCaused by: java.lang.ClassNotFoundException: com.example.ForeignClass\n\tat java.base/jdk.internal.loader.BuiltinClassLoader.loadClass(BuiltinClassLoader.java:581)\n\tat java.base/jdk.internal.loader.ClassLoaders$AppClassLoader.loadClass(ClassLoaders.java:178)\n\tat java.base/java.lang.ClassLoader.loadClass(ClassLoader.java:527)\n\tat java.base/java.lang.Class.forName0(Native Method)\n\tat java.base/java.lang.Class.forName(Class.java:315)\n\tat net.hydromatic.morel.Shell.instantiate(Shell.java:283)\n\t... 10 more\n\n[ERROR] net.hydromatic.morel.Shell_createTest.testCreateShellWithDumbTerminal -- Time elapsed: 0.185 s <<< ERROR!\njava.lang.IllegalArgumentException: Cannot create a system terminal using non System streams\n\tat org.jline.terminal.TerminalBuilder.doBuild(TerminalBuilder.java:401)\n\tat org.jline.terminal.TerminalBuilder.build(TerminalBuilder.java:362)\n\tat net.hydromatic.morel.Shell.create(Shell.java:120)\n\tat net.hydromatic.morel.Shell.create(Shell.java:106)\n\tat net.hydromatic.morel.Shell_createTest.testCreateShellWithDumbTerminal(Shell_createTest.java:36)\n\tat java.base/java.lang.reflect.Method.invoke(Method.java:566)\n\tat java.base/java.util.concurrent.RecursiveAction.exec(RecursiveAction.java:189)\n\tat java.base/java.util.concurrent.ForkJoinTask.doExec(ForkJoinTask.java:290)\n\tat java.base/java.util.concurrent.ForkJoinPool$WorkQueue.topLevelExec(ForkJoinPool.java:1020)\n\tat java.base/java.util.concurrent.ForkJoinPool.scan(ForkJoinPool.java:1656)\n\tat java.base/java.util.concurrent.ForkJoinPool.runWorker(ForkJoinPool.java:1594)\n\tat java.base/java.util.concurrent.ForkJoinWorkerThread.run(ForkJoinWorkerThread.java:183)\n\n[ERROR] net.hydromatic.morel.Shell_createTest.testCreateShellWithEcho -- Time elapsed: 0.185 s <<< ERROR!\njava.lang.IllegalArgumentException: Cannot create a system terminal using non System streams\n\tat org.jline.terminal.TerminalBuilder.doBuild(TerminalBuilder.java:401)\n\tat org.jline.terminal.TerminalBuilder.build(TerminalBuilder.java:362)\n\tat net.hydromatic.morel.Shell.create(Shell.java:120)\n\tat net.hydromatic.morel.Shell.create(Shell.java:106)\n\tat net.hydromatic.morel.Shell_createTest.testCreateShellWithEcho(Shell_createTest.java:43)\n\tat java.base/java.lang.reflect.Method.invoke(Method.java:566)\n\tat java.base/java.util.concurrent.RecursiveAction.exec(RecursiveAction.java:189)\n\tat java.base/java.util.concurrent.ForkJoinTask.doExec(ForkJoinTask.java:290)\n\tat java.base/java.util.concurrent.ForkJoinPool$WorkQueue.topLevelExec(ForkJoinPool.java:1020)\n\tat java.base/java.util.concurrent.ForkJoinPool.scan(ForkJoinPool.java:1656)\n\tat java.base/java.util.concurrent.ForkJoinPool.runWorker(ForkJoinPool.java:1594)\n\tat java.base/java.util.concurrent.ForkJoinWorkerThread.run(ForkJoinWorkerThread.java:183)\n\n[ERROR] net.hydromatic.morel.Shell_createTest.testCreateShellWithDefaultConfig -- Time elapsed: 0.186 s <<< ERROR!\njava.lang.IllegalArgumentException: Cannot create a system terminal using non System streams\n\tat org.jline.terminal.TerminalBuilder.doBuild(TerminalBuilder.java:401)\n\tat org.jline.terminal.TerminalBuilder.build(TerminalBuilder.java:362)\n\tat net.hydromatic.morel.Shell.create(Shell.java:120)\n\tat net.hydromatic.morel.Shell.create(Shell.java:106)\n\tat net.hydromatic.morel.Shell_createTest.testCreateShellWithDefaultConfig(Shell_createTest.java:29)\n\tat java.base/java.lang.reflect.Method.invoke(Method.java:566)\n\tat java.base/java.util.concurrent.RecursiveAction.exec(RecursiveAction.java:189)\n\tat java.base/java.util.concurrent.ForkJoinTask.doExec(ForkJoinTask.java:290)\n\tat java.base/java.util.concurrent.ForkJoinPool$WorkQueue.topLevelExec(ForkJoinPool.java:1020)\n\tat java.base/java.util.concurrent.ForkJoinPool.scan(ForkJoinPool.java:1656)\n\tat java.base/java.util.concurrent.ForkJoinPool.runWorker(ForkJoinPool.java:1594)\n\tat java.base/java.util.concurrent.ForkJoinWorkerThread.run(ForkJoinWorkerThread.java:183)\n\n[ERROR] net.hydromatic.morel.Shell_createTest.testCreateShellWithMaxUseDepth -- Time elapsed: 0.185 s <<< ERROR!\njava.lang.IllegalArgumentException: Cannot create a system terminal using non System streams\n\tat org.jline.terminal.TerminalBuilder.doBuild(TerminalBuilder.java:401)\n\tat org.jline.terminal.TerminalBuilder.build(TerminalBuilder.java:362)\n\tat net.hydromatic.morel.Shell.create(Shell.java:120)\n\tat net.hydromatic.morel.Shell.create(Shell.java:106)\n\tat net.hydromatic.morel.Shell_createTest.testCreateShellWithMaxUseDepth(Shell_createTest.java:78)\n\tat java.base/java.lang.reflect.Method.invoke(Method.java:566)\n\tat java.base/java.util.concurrent.RecursiveAction.exec(RecursiveAction.java:189)\n\tat java.base/java.util.concurrent.ForkJoinTask.doExec(ForkJoinTask.java:290)\n\tat java.base/java.util.concurrent.ForkJoinPool$WorkQueue.topLevelExec(ForkJoinPool.java:1020)\n\tat java.base/java.util.concurrent.ForkJoinPool.scan(ForkJoinPool.java:1656)\n\tat java.base/java.util.concurrent.ForkJoinPool.runWorker(ForkJoinPool.java:1594)\n\tat java.base/java.util.concurrent.ForkJoinWorkerThread.run(ForkJoinWorkerThread.java:183)\n\n[ERROR] net.hydromatic.morel.Shell_createTest.testCreateShellWithDirectory -- Time elapsed: 0.185 s <<< ERROR!\njava.lang.IllegalArgumentException: Cannot create a system terminal using non System streams\n\tat org.jline.terminal.TerminalBuilder.doBuild(TerminalBuilder.java:401)\n\tat org.jline.terminal.TerminalBuilder.build(TerminalBuilder.java:362)\n\tat net.hydromatic.morel.Shell.create(Shell.java:120)\n\tat net.hydromatic.morel.Shell.create(Shell.java:106)\n\tat net.hydromatic.morel.Shell_createTest.testCreateShellWithDirectory(Shell_createTest.java:71)\n\tat java.base/java.lang.reflect.Method.invoke(Method.java:566)\n\tat java.base/java.util.concurrent.RecursiveAction.exec(RecursiveAction.java:189)\n\tat java.base/java.util.concurrent.ForkJoinTask.doExec(ForkJoinTask.java:290)\n\tat java.base/java.util.concurrent.ForkJoinPool$WorkQueue.topLevelExec(ForkJoinPool.java:1020)\n\tat java.base/java.util.concurrent.ForkJoinPool.scan(ForkJoinPool.java:1656)\n\tat java.base/java.util.concurrent.ForkJoinPool.runWorker(ForkJoinPool.java:1594)\n\tat java.base/java.util.concurrent.ForkJoinWorkerThread.run(ForkJoinWorkerThread.java:183)\n\n[ERROR] net.hydromatic.morel.Shell_createTest.testCreateShellWithHelp -- Time elapsed: 0.185 s <<< ERROR!\njava.lang.IllegalArgumentException: Cannot create a system terminal using non System streams\n\tat org.jline.terminal.TerminalBuilder.doBuild(TerminalBuilder.java:401)\n\tat org.jline.terminal.TerminalBuilder.build(TerminalBuilder.java:362)\n\tat net.hydromatic.morel.Shell.create(Shell.java:120)\n\tat net.hydromatic.morel.Shell.create(Shell.java:106)\n\tat net.hydromatic.morel.Shell_createTest.testCreateShellWithHelp(Shell_createTest.java:50)\n\tat java.base/java.lang.reflect.Method.invoke(Method.java:566)\n\tat java.base/java.util.concurrent.RecursiveAction.exec(RecursiveAction.java:189)\n\tat java.base/java.util.concurrent.ForkJoinTask.doExec(ForkJoinTask.java:290)\n\tat java.base/java.util.concurrent.ForkJoinPool$WorkQueue.topLevelExec(ForkJoinPool.java:1020)\n\tat java.base/java.util.concurrent.ForkJoinPool.scan(ForkJoinPool.java:1656)\n\tat java.base/java.util.concurrent.ForkJoinPool.runWorker(ForkJoinPool.java:1594)\n\tat java.base/java.util.concurrent.ForkJoinWorkerThread.run(ForkJoinWorkerThread.java:183)\n\n[ERROR] net.hydromatic.morel.Shell_createTest.testCreateShellWithSystemStreams -- Time elapsed: 0.212 s <<< ERROR!\njava.lang.IllegalStateException: Unable to create a terminal\n\tat org.jline.terminal.TerminalBuilder.doBuild(TerminalBuilder.java:394)\n\tat org.jline.terminal.TerminalBuilder.build(TerminalBuilder.java:362)\n\tat net.hydromatic.morel.Shell.create(Shell.java:120)\n\tat net.hydromatic.morel.Shell.create(Shell.java:106)\n\tat net.hydromatic.morel.Shell_createTest.testCreateShellWithSystemStreams(Shell_createTest.java:85)\n\tat java.base/java.lang.reflect.Method.invoke(Method.java:566)\n\tat java.base/java.util.concurrent.RecursiveAction.exec(RecursiveAction.java:189)\n\tat java.base/java.util.concurrent.ForkJoinTask.doExec(ForkJoinTask.java:290)\n\tat java.base/java.util.concurrent.ForkJoinPool$WorkQueue.topLevelExec(ForkJoinPool.java:1020)\n\tat java.base/java.util.concurrent.ForkJoinPool.scan(ForkJoinPool.java:1656)\n\tat java.base/java.util.concurrent.ForkJoinPool.runWorker(ForkJoinPool.java:1594)\n\tat java.base/java.util.concurrent.ForkJoinWorkerThread.run(ForkJoinWorkerThread.java:183)\n\tSuppressed: java.lang.UnsupportedClassVersionError: org/jline/terminal/impl/ffm/FfmTerminalProvider (class file version 65.65535) was compiled with preview features that are unsupported. This version of the Java Runtime only recognizes preview features for class file version 55.65535\n\t\tat java.base/java.lang.ClassLoader.defineClass1(Native Method)\n\t\tat java.base/java.lang.ClassLoader.defineClass(ClassLoader.java:1022)\n\t\tat java.base/java.security.SecureClassLoader.defineClass(SecureClassLoader.java:174)\n\t\tat java.base/jdk.internal.loader.BuiltinClassLoader.defineClass(BuiltinClassLoader.java:800)\n\t\tat java.base/jdk.internal.loader.BuiltinClassLoader.findClassOnClassPathOrNull(BuiltinClassLoader.java:698)\n\t\tat java.base/jdk.internal.loader.BuiltinClassLoader.loadClassOrNull(BuiltinClassLoader.java:621)\n\t\tat java.base/jdk.internal.loader.BuiltinClassLoader.loadClass(BuiltinClassLoader.java:579)\n\t\tat java.base/jdk.internal.loader.ClassLoaders$AppClassLoader.loadClass(ClassLoaders.java:178)\n\t\tat java.base/java.lang.ClassLoader.loadClass(ClassLoader.java:527)\n\t\tat org.jline.terminal.spi.TerminalProvider.load(TerminalProvider.java:68)\n\t\tat org.jline.terminal.TerminalBuilder.checkProvider(TerminalBuilder.java:665)\n\t\tat org.jline.terminal.TerminalBuilder.getProviders(TerminalBuilder.java:630)\n\t\tat org.jline.terminal.TerminalBuilder.doBuild(TerminalBuilder.java:395)\n\t\t... 11 more\n\tSuppressed: java.io.IOException: Unable to load terminal provider jansi: null\n\t\tat org.jline.terminal.spi.TerminalProvider.load(TerminalProvider.java:71)\n\t\tat org.jline.terminal.TerminalBuilder.checkProvider(TerminalBuilder.java:665)\n\t\tat org.jline.terminal.TerminalBuilder.getProviders(TerminalBuilder.java:634)\n\t\tat org.jline.terminal.TerminalBuilder.doBuild(TerminalBuilder.java:395)\n\t\t... 11 more\n\tCaused by: java.lang.reflect.InvocationTargetException\n\t\tat java.base/jdk.internal.reflect.NativeConstructorAccessorImpl.newInstance0(Native Method)\n\t\tat java.base/jdk.internal.reflect.NativeConstructorAccessorImpl.newInstance(NativeConstructorAccessorImpl.java:62)\n\t\tat java.base/jdk.internal.reflect.DelegatingConstructorAccessorImpl.newInstance(DelegatingConstructorAccessorImpl.java:45)\n\t\tat java.base/java.lang.reflect.Constructor.newInstance(Constructor.java:490)\n\t\tat org.jline.terminal.spi.TerminalProvider.load(TerminalProvider.java:69)\n\t\t... 14 more\n\tCaused by: java.lang.NoClassDefFoundError: org/fusesource/jansi/internal/Kernel32\n\t\tat org.jline.terminal.impl.jansi.JansiTerminalProvider.verifyAtLeast(JansiTerminalProvider.java:85)\n\t\tat org.jline.terminal.impl.jansi.JansiTerminalProvider.<init>(JansiTerminalProvider.java:93)\n\t\t... 19 more\n\tSuppressed: java.io.IOException: Unable to load terminal provider jna: null\n\t\tat org.jline.terminal.spi.TerminalProvider.load(TerminalProvider.java:71)\n\t\tat org.jline.terminal.TerminalBuilder.checkProvider(TerminalBuilder.java:665)\n\t\tat org.jline.terminal.TerminalBuilder.getProviders(TerminalBuilder.java:636)\n\t\tat org.jline.terminal.TerminalBuilder.doBuild(TerminalBuilder.java:395)\n\t\t... 11 more\n\tCaused by: java.lang.reflect.InvocationTargetException\n\t\tat java.base/jdk.internal.reflect.NativeConstructorAccessorImpl.newInstance0(Native Method)\n\t\tat java.base/jdk.internal.reflect.NativeConstructorAccessorImpl.newInstance(NativeConstructorAccessorImpl.java:62)\n\t\tat java.base/jdk.internal.reflect.DelegatingConstructorAccessorImpl.newInstance(DelegatingConstructorAccessorImpl.java:45)\n\t\tat java.base/java.lang.reflect.Constructor.newInstance(Constructor.java:490)\n\t\tat org.jline.terminal.spi.TerminalProvider.load(TerminalProvider.java:69)\n\t\t... 14 more\n\tCaused by: java.lang.NoClassDefFoundError: com/sun/jna/Platform\n\t\tat org.jline.terminal.impl.jna.JnaNativePty.isatty(JnaNativePty.java:192)\n\t\tat org.jline.terminal.impl.jna.JnaNativePty.isPosixSystemStream(JnaNativePty.java:170)\n\t\tat org.jline.terminal.impl.jna.JnaTerminalProvider.checkSystemStream(JnaTerminalProvider.java:124)\n\t\tat org.jline.terminal.impl.jna.JnaTerminalProvider.<init>(JnaTerminalProvider.java:31)\n\t\t... 19 more\n\n[INFO] \n[INFO] Results:\n[INFO] \n[ERROR] Errors: \n[ERROR]   Shell_createTest.testCreateShellWithDefaultConfig:29 \u00bb IllegalArgument Cannot create a system terminal using non System streams\n[ERROR]   Shell_createTest.testCreateShellWithDirectory:71 \u00bb IllegalArgument Cannot create a system terminal using non System streams\n[ERROR]   Shell_createTest.testCreateShellWithDumbTerminal:36 \u00bb IllegalArgument Cannot create a system terminal using non System streams\n[ERROR]   Shell_createTest.testCreateShellWithEcho:43 \u00bb IllegalArgument Cannot create a system terminal using non System streams\n[ERROR]   Shell_createTest.testCreateShellWithForeign:64 \u00bb Runtime Cannot load class: com.example.ForeignClass\n[ERROR]   Shell_createTest.testCreateShellWithHelp:50 \u00bb IllegalArgument Cannot create a system terminal using non System streams\n[ERROR]   Shell_createTest.testCreateShellWithMaxUseDepth:78 \u00bb IllegalArgument Cannot create a system terminal using non System streams\n[ERROR]   Shell_createTest.testCreateShellWithSystemStreams:85 \u00bb IllegalState Unable to create a terminal\n[INFO] \n[ERROR] Tests run: 9, Failures: 0, Errors: 8, Skipped: 0\n[INFO] \n[INFO] ------------------------------------------------------------------------\n[INFO] BUILD FAILURE\n[INFO] ------------------------------------------------------------------------\n[INFO] Total time:  8.572 s\n[INFO] Finished at: 2024-12-03T21:35:15+08:00\n[INFO] ------------------------------------------------------------------------\n[ERROR] Failed to execute goal org.apache.maven.plugins:maven-surefire-plugin:3.2.3:test (default-test) on project morel: \n[ERROR] \n[ERROR] Please refer to /home/zhangzhe/fuzzing-repo/targets/java/morel-for-ablation-0/target/surefire-reports for the individual test results.\n[ERROR] Please refer to dump files (if any exist) [date].dump, [date]-jvmRun[N].dump and [date].dumpstream.\n[ERROR] -> [Help 1]\n[ERROR] \n[ERROR] To see the full stack trace of the errors, re-run Maven with the -e switch.\n[ERROR] Re-run Maven using the -X switch to enable full debug logging.\n[ERROR] \n[ERROR] For more information about the errors and possible solutions, please read the following articles:\n[ERROR] [Help 1] http://cwiki.apache.org/confluence/display/MAVEN/MojoFailureException\n"}