{"name": "CompositeMap_addCompositedTest", "status": "assertion error", "error": "[INFO] Scanning for projects...\n[INFO] \n[INFO] --------------< org.apache.commons:commons-collections4 >---------------\n[INFO] Building Apache Commons Collections 4.5.0-M3-SNAPSHOT\n[INFO]   from pom.xml\n[INFO] --------------------------------[ jar ]---------------------------------\n[INFO] \n[INFO] --- enforcer:3.5.0:enforce (enforce-maven-version) @ commons-collections4 ---\n[INFO] Rule 0: org.apache.maven.enforcer.rules.version.RequireMavenVersion passed\n[INFO] \n[INFO] --- enforcer:3.5.0:enforce (enforce-java-version) @ commons-collections4 ---\n[INFO] Rule 0: org.apache.maven.enforcer.rules.version.RequireJavaVersion passed\n[INFO] \n[INFO] --- apache-rat:0.16.1:check (rat-check) @ commons-collections4 ---\n[INFO] RAT will not execute since it is configured to be skipped via system property 'rat.skip'.\n[INFO] \n[INFO] --- artifact:3.5.1:check-buildplan (check-buildplan) @ commons-collections4 ---\n[INFO] no known issue with org.apache.maven.plugins:maven-enforcer-plugin:3.5.0\n[INFO] no known issue with org.apache.rat:apache-rat-plugin:0.16.1\n[INFO] no known issue with org.apache.maven.plugins:maven-artifact-plugin:3.5.1\n[INFO] no known issue with org.codehaus.mojo:build-helper-maven-plugin:3.6.0\n[INFO] no known issue with org.apache.maven.plugins:maven-antrun-plugin:3.1.0\n[INFO] no known issue with org.apache.maven.plugins:maven-remote-resources-plugin:3.2.0 (>= 1.7.0)\n[INFO] no known issue with org.codehaus.mojo:buildnumber-maven-plugin:3.2.1\n[INFO] no known issue with org.apache.maven.plugins:maven-resources-plugin:3.3.1\n[INFO] no known issue with org.apache.maven.plugins:maven-compiler-plugin:3.13.0\n[INFO] no known issue with org.apache.felix:maven-bundle-plugin:5.1.9 (>= 5.1.9)\n[INFO] no known issue with org.jacoco:jacoco-maven-plugin:0.8.12\n[INFO] no known issue with org.apache.maven.plugins:maven-surefire-plugin:3.5.0\n[INFO] no known issue with org.apache.maven.plugins:maven-jar-plugin:3.4.2 (>= 3.2.0)\n[INFO] no known issue with org.apache.maven.plugins:maven-site-plugin:3.12.1\n[INFO] no known issue with org.apache.maven.plugins:maven-source-plugin:3.2.1 (>= 3.2.1)\n[INFO] no known issue with org.cyclonedx:cyclonedx-maven-plugin:2.8.1 (>= 2.7.9)\n[INFO] no known issue with org.spdx:spdx-maven-plugin:0.7.4\n[INFO] no known issue with org.moditect:moditect-maven-plugin:1.2.2.Final (>= 1.2.0.Final)\n[INFO] no known issue with org.apache.maven.plugins:maven-install-plugin:3.1.2\n[INFO] no known issue with org.apache.maven.plugins:maven-deploy-plugin:3.1.2\n[INFO] \n[INFO] --- build-helper:3.6.0:parse-version (parse-version) @ commons-collections4 ---\n[INFO] \n[INFO] --- antrun:3.1.0:run (javadoc.resources) @ commons-collections4 ---\n[INFO] Executing tasks\n[INFO] Executed tasks\n[INFO] \n[INFO] --- remote-resources:3.2.0:process (process-resource-bundles) @ commons-collections4 ---\n[INFO] Skipping remote resources execution.\n[INFO] \n[INFO] --- buildnumber:3.2.1:create (default) @ commons-collections4 ---\n[INFO] Executing: /bin/sh -c cd '/home/zhangzhe/fuzzing-repo/targets/java/commons-collections-3' && 'git' 'log' '-1' '--no-merges' '--format=format:%H %aI %aE %aN'\n[INFO] Working directory: /home/zhangzhe/fuzzing-repo/targets/java/commons-collections-3\n[INFO] Storing buildNumber: null at timestamp: 1728317271221\n[INFO] Executing: /bin/sh -c cd '/home/zhangzhe/fuzzing-repo/targets/java/commons-collections-3' && 'git' 'symbolic-ref' 'HEAD'\n[INFO] Working directory: /home/zhangzhe/fuzzing-repo/targets/java/commons-collections-3\n[INFO] Storing scmBranch: master\n[INFO] \n[INFO] --- resources:3.3.1:resources (default-resources) @ commons-collections4 ---\n[INFO] skip non existing resourceDirectory /home/zhangzhe/fuzzing-repo/targets/java/commons-collections-3/src/main/resources\n[INFO] Copying 2 resources from  to target/classes/META-INF\n[INFO] \n[INFO] --- compiler:3.13.0:compile (default-compile) @ commons-collections4 ---\n[INFO] Nothing to compile - all classes are up to date.\n[INFO] \n[INFO] --- bundle:5.1.9:manifest (bundle-manifest) @ commons-collections4 ---\n[INFO] Writing manifest: /home/zhangzhe/fuzzing-repo/targets/java/commons-collections-3/target/osgi/MANIFEST.MF\n[INFO] \n[INFO] --- resources:3.3.1:testResources (default-testResources) @ commons-collections4 ---\n[INFO] Copying 181 resources from src/test/resources to target/test-classes\n[INFO] Copying 2 resources from  to target/test-classes/META-INF\n[INFO] \n[INFO] --- compiler:3.13.0:testCompile (default-testCompile) @ commons-collections4 ---\n[INFO] Recompiling the module because of changed source code.\n[INFO] Compiling 371 source files with javac [debug release 8] to target/test-classes\n[WARNING] \u6e90\u503c 8 \u5df2\u8fc7\u65f6\uff0c\u5c06\u5728\u672a\u6765\u53d1\u884c\u7248\u4e2d\u5220\u9664\n[WARNING] \u76ee\u6807\u503c 8 \u5df2\u8fc7\u65f6\uff0c\u5c06\u5728\u672a\u6765\u53d1\u884c\u7248\u4e2d\u5220\u9664\n[WARNING] \u8981\u9690\u85cf\u6709\u5173\u5df2\u8fc7\u65f6\u9009\u9879\u7684\u8b66\u544a, \u8bf7\u4f7f\u7528 -Xlint:-options\u3002\n[WARNING] /home/zhangzhe/fuzzing-repo/targets/java/commons-collections-3/src/test/java/org/apache/commons/collections4/SetUtils_hashSetTest.java:[22,51] \u6700\u540e\u4e00\u4e2a\u53c2\u6570\u4f7f\u7528\u4e86\u4e0d\u51c6\u786e\u7684\u53d8\u91cf\u7c7b\u578b\u7684 varargs \u65b9\u6cd5\u7684\u975e varargs \u8c03\u7528; \n  \u5bf9\u4e8e varargs \u8c03\u7528, \u5e94\u4f7f\u7528 java.lang.String\n  \u5bf9\u4e8e\u975e varargs \u8c03\u7528, \u5e94\u4f7f\u7528 java.lang.String[], \u8fd9\u6837\u4e5f\u53ef\u4ee5\u6291\u5236\u6b64\u8b66\u544a\n[INFO] /home/zhangzhe/fuzzing-repo/targets/java/commons-collections-3/src/test/java/org/apache/commons/collections4/MapUtilsTest.java: \u67d0\u4e9b\u8f93\u5165\u6587\u4ef6\u4f7f\u7528\u6216\u8986\u76d6\u4e86\u5df2\u8fc7\u65f6\u7684 API\u3002\n[INFO] /home/zhangzhe/fuzzing-repo/targets/java/commons-collections-3/src/test/java/org/apache/commons/collections4/MapUtilsTest.java: \u6709\u5173\u8be6\u7ec6\u4fe1\u606f, \u8bf7\u4f7f\u7528 -Xlint:deprecation \u91cd\u65b0\u7f16\u8bd1\u3002\n[INFO] /home/zhangzhe/fuzzing-repo/targets/java/commons-collections-3/src/test/java/org/apache/commons/collections4/ComparatorUtilsTest.java: \u67d0\u4e9b\u8f93\u5165\u6587\u4ef6\u4f7f\u7528\u4e86\u672a\u7ecf\u68c0\u67e5\u6216\u4e0d\u5b89\u5168\u7684\u64cd\u4f5c\u3002\n[INFO] /home/zhangzhe/fuzzing-repo/targets/java/commons-collections-3/src/test/java/org/apache/commons/collections4/ComparatorUtilsTest.java: \u6709\u5173\u8be6\u7ec6\u4fe1\u606f, \u8bf7\u4f7f\u7528 -Xlint:unchecked \u91cd\u65b0\u7f16\u8bd1\u3002\n[INFO] \n[INFO] --- jacoco:0.8.12:prepare-agent (prepare-agent) @ commons-collections4 ---\n[INFO] argLine set to -javaagent:/home/zhangzhe/.m2/repository/org/jacoco/org.jacoco.agent/0.8.12/org.jacoco.agent-0.8.12-runtime.jar=destfile=/home/zhangzhe/fuzzing-repo/targets/java/commons-collections-3/target/jacoco.exec\n[INFO] \n[INFO] --- surefire:3.5.0:test (default-test) @ commons-collections4 ---\n[INFO] Using auto detected provider org.apache.maven.surefire.junitplatform.JUnitPlatformProvider\n[INFO] \n[INFO] -------------------------------------------------------\n[INFO]  T E S T S\n[INFO] -------------------------------------------------------\n[INFO] Running org.apache.commons.collections4.map.CompositeMap_addCompositedTest\n[ERROR] Tests run: 3, Failures: 1, Errors: 0, Skipped: 0, Time elapsed: 0.085 s <<< FAILURE! -- in org.apache.commons.collections4.map.CompositeMap_addCompositedTest\n[ERROR] org.apache.commons.collections4.map.CompositeMap_addCompositedTest.testAddCompositedWithCollisionWithMutator -- Time elapsed: 0.010 s <<< FAILURE!\norg.opentest4j.AssertionFailedError: expected: <5> but was: <6>\n\tat org.junit.jupiter.api.AssertionFailureBuilder.build(AssertionFailureBuilder.java:151)\n\tat org.junit.jupiter.api.AssertionFailureBuilder.buildAndThrow(AssertionFailureBuilder.java:132)\n\tat org.junit.jupiter.api.AssertEquals.failNotEqual(AssertEquals.java:197)\n\tat org.junit.jupiter.api.AssertEquals.assertEquals(AssertEquals.java:150)\n\tat org.junit.jupiter.api.AssertEquals.assertEquals(AssertEquals.java:145)\n\tat org.junit.jupiter.api.Assertions.assertEquals(Assertions.java:531)\n\tat org.apache.commons.collections4.map.CompositeMap_addCompositedTest.testAddCompositedWithCollisionWithMutator(CompositeMap_addCompositedTest.java:79)\n\tat java.base/java.lang.reflect.Method.invoke(Method.java:580)\n\tat java.base/java.util.ArrayList.forEach(ArrayList.java:1596)\n\tat java.base/java.util.ArrayList.forEach(ArrayList.java:1596)\n\n[INFO] \n[INFO] Results:\n[INFO] \n[ERROR] Failures: \n[ERROR]   CompositeMap_addCompositedTest.testAddCompositedWithCollisionWithMutator:79 expected: <5> but was: <6>\n[INFO] \n[ERROR] Tests run: 3, Failures: 1, Errors: 0, Skipped: 0\n[INFO] \n[INFO] ------------------------------------------------------------------------\n[INFO] BUILD FAILURE\n[INFO] ------------------------------------------------------------------------\n[INFO] Total time:  10.282 s\n[INFO] Finished at: 2024-10-08T00:07:59+08:00\n[INFO] ------------------------------------------------------------------------\n[ERROR] Failed to execute goal org.apache.maven.plugins:maven-surefire-plugin:3.5.0:test (default-test) on project commons-collections4: There are test failures.\n[ERROR] \n[ERROR] Please refer to /home/zhangzhe/fuzzing-repo/targets/java/commons-collections-3/target/surefire-reports for the individual test results.\n[ERROR] Please refer to dump files (if any exist) [date].dump, [date]-jvmRun[N].dump and [date].dumpstream.\n[ERROR] -> [Help 1]\n[ERROR] \n[ERROR] To see the full stack trace of the errors, re-run Maven with the -e switch.\n[ERROR] Re-run Maven using the -X switch to enable full debug logging.\n[ERROR] \n[ERROR] For more information about the errors and possible solutions, please read the following articles:\n[ERROR] [Help 1] http://cwiki.apache.org/confluence/display/MAVEN/MojoFailureException\n"}