{
    "name": "Comment_asXmlDeclarationTest",
    "status": "assertion error",
    "error": "[INFO] Scanning for projects...\n[INFO] \n[INFO] --------------------------< org.jsoup:jsoup >---------------------------\n[INFO] Building jsoup Java HTML Parser 1.18.2-SNAPSHOT\n[INFO]   from pom.xml\n[INFO] --------------------------------[ jar ]---------------------------------\n[INFO] \n[INFO] --- jacoco:0.8.12:prepare-agent (default) @ jsoup ---\n[INFO] argLine set to -javaagent:/home/zhangzhe/.m2/repository/org/jacoco/org.jacoco.agent/0.8.12/org.jacoco.agent-0.8.12-runtime.jar=destfile=/home/zhangzhe/fuzzing-repo/targets/jsoup-master/target/jacoco.exec,excludes=**/demo/**\n[INFO] \n[INFO] --- resources:3.3.1:resources (default-resources) @ jsoup ---\n[INFO] Copying 2 resources from  to target/classes/META-INF\n[INFO] \n[INFO] --- compiler:3.13.0:compile (default-compile) @ jsoup ---\n[INFO] Nothing to compile - all classes are up to date.\n[INFO] \n[INFO] --- compiler:3.13.0:compile (compile-java-9) @ jsoup ---\n[INFO] No sources to compile\n[INFO] \n[INFO] --- animal-sniffer:1.24:check (animal-sniffer) @ jsoup ---\n[INFO] Checking unresolved references to net.sf.androidscents.signature:android-api-level-10:2.3.3_r2\n[INFO] \n[INFO] --- bundle:5.1.9:manifest (bundle-manifest) @ jsoup ---\n[WARNING] Manifest org.jsoup:jsoup:jar:1.18.2-SNAPSHOT : Classes found in the wrong directory: {META-INF/versions/9/module-info.class=module-info, META-INF/versions/9/org/jsoup/helper/RequestAuthHandler.class=org.jsoup.helper.RequestAuthHandler}\n[INFO] Writing manifest: /home/zhangzhe/fuzzing-repo/targets/jsoup-master/target/classes/META-INF/MANIFEST.MF\n[INFO] \n[INFO] --- resources:3.3.1:testResources (default-testResources) @ jsoup ---\n[INFO] Copying 79 resources from src/test/resources to target/test-classes\n[INFO] \n[INFO] --- compiler:3.13.0:testCompile (default-testCompile) @ jsoup ---\n[INFO] Compiling 1 source file with javac [debug target 1.8] to target/test-classes\n[WARNING] \u672a\u4e0e -source 8 \u4e00\u8d77\u8bbe\u7f6e\u5f15\u5bfc\u7c7b\u8def\u5f84\n[WARNING] \u6e90\u503c 8 \u5df2\u8fc7\u65f6\uff0c\u5c06\u5728\u672a\u6765\u53d1\u884c\u7248\u4e2d\u5220\u9664\n[WARNING] \u76ee\u6807\u503c 8 \u5df2\u8fc7\u65f6\uff0c\u5c06\u5728\u672a\u6765\u53d1\u884c\u7248\u4e2d\u5220\u9664\n[WARNING] \u8981\u9690\u85cf\u6709\u5173\u5df2\u8fc7\u65f6\u9009\u9879\u7684\u8b66\u544a, \u8bf7\u4f7f\u7528 -Xlint:-options\u3002\n[INFO] \n[INFO] --- surefire:3.5.0:test (default-test) @ jsoup ---\n[INFO] Using auto detected provider org.apache.maven.surefire.junitplatform.JUnitPlatformProvider\n[INFO] \n[INFO] -------------------------------------------------------\n[INFO]  T E S T S\n[INFO] -------------------------------------------------------\n[INFO] Running org.jsoup.nodes.Comment_asXmlDeclarationTest\n[ERROR] Tests run: 3, Failures: 2, Errors: 0, Skipped: 0, Time elapsed: 0.208 s <<< FAILURE! -- in org.jsoup.nodes.Comment_asXmlDeclarationTest\n[ERROR] org.jsoup.nodes.Comment_asXmlDeclarationTest.testAsXmlDeclarationInvalid -- Time elapsed: 0.167 s <<< FAILURE!\norg.opentest4j.AssertionFailedError: expected: <null> but was: <<?nvalid conten?>>\n\tat org.junit.jupiter.api.AssertionFailureBuilder.build(AssertionFailureBuilder.java:151)\n\tat org.junit.jupiter.api.AssertionFailureBuilder.buildAndThrow(AssertionFailureBuilder.java:132)\n\tat org.junit.jupiter.api.AssertNull.failNotNull(AssertNull.java:50)\n\tat org.junit.jupiter.api.AssertNull.assertNull(AssertNull.java:35)\n\tat org.junit.jupiter.api.AssertNull.assertNull(AssertNull.java:30)\n\tat org.junit.jupiter.api.Assertions.assertNull(Assertions.java:279)\n\tat org.jsoup.nodes.Comment_asXmlDeclarationTest.testAsXmlDeclarationInvalid(Comment_asXmlDeclarationTest.java:29)\n\tat java.base/java.lang.reflect.Method.invoke(Method.java:580)\n\tat java.base/java.util.ArrayList.forEach(ArrayList.java:1596)\n\tat java.base/java.util.ArrayList.forEach(ArrayList.java:1596)\n\n[ERROR] org.jsoup.nodes.Comment_asXmlDeclarationTest.testAsXmlDeclarationValid -- Time elapsed: 0.003 s <<< FAILURE!\norg.opentest4j.AssertionFailedError: expected: not <null>\n\tat org.junit.jupiter.api.AssertionFailureBuilder.build(AssertionFailureBuilder.java:152)\n\tat org.junit.jupiter.api.AssertionFailureBuilder.buildAndThrow(AssertionFailureBuilder.java:132)\n\tat org.junit.jupiter.api.AssertNotNull.failNull(AssertNotNull.java:49)\n\tat org.junit.jupiter.api.AssertNotNull.assertNotNull(AssertNotNull.java:35)\n\tat org.junit.jupiter.api.AssertNotNull.assertNotNull(AssertNotNull.java:30)\n\tat org.junit.jupiter.api.Assertions.assertNotNull(Assertions.java:304)\n\tat org.jsoup.nodes.Comment_asXmlDeclarationTest.testAsXmlDeclarationValid(Comment_asXmlDeclarationTest.java:21)\n\tat java.base/java.lang.reflect.Method.invoke(Method.java:580)\n\tat java.base/java.util.ArrayList.forEach(ArrayList.java:1596)\n\tat java.base/java.util.ArrayList.forEach(ArrayList.java:1596)\n\n[INFO] \n[INFO] Results:\n[INFO] \n[ERROR] Failures: \n[ERROR]   Comment_asXmlDeclarationTest.testAsXmlDeclarationInvalid:29 expected: <null> but was: <<?nvalid conten?>>\n[ERROR]   Comment_asXmlDeclarationTest.testAsXmlDeclarationValid:21 expected: not <null>\n[INFO] \n[ERROR] Tests run: 3, Failures: 2, Errors: 0, Skipped: 0\n[INFO] \n[INFO] ------------------------------------------------------------------------\n[INFO] BUILD FAILURE\n[INFO] ------------------------------------------------------------------------\n[INFO] Total time:  3.997 s\n[INFO] Finished at: 2024-10-03T16:06:29+08:00\n[INFO] ------------------------------------------------------------------------\n[ERROR] Failed to execute goal org.apache.maven.plugins:maven-surefire-plugin:3.5.0:test (default-test) on project jsoup: There are test failures.\n[ERROR] \n[ERROR] Please refer to /home/zhangzhe/fuzzing-repo/targets/jsoup-master/target/surefire-reports for the individual test results.\n[ERROR] Please refer to dump files (if any exist) [date].dump, [date]-jvmRun[N].dump and [date].dumpstream.\n[ERROR] -> [Help 1]\n[ERROR] \n[ERROR] To see the full stack trace of the errors, re-run Maven with the -e switch.\n[ERROR] Re-run Maven using the -X switch to enable full debug logging.\n[ERROR] \n[ERROR] For more information about the errors and possible solutions, please read the following articles:\n[ERROR] [Help 1] http://cwiki.apache.org/confluence/display/MAVEN/MojoFailureException\n"
}