{"name": "DataUtil_streamParserTest", "status": "compile error", "error": "[INFO] Scanning for projects...\n[INFO] \n[INFO] --------------------------< org.jsoup:jsoup >---------------------------\n[INFO] Building jsoup Java HTML Parser 1.18.2-SNAPSHOT\n[INFO]   from pom.xml\n[INFO] --------------------------------[ jar ]---------------------------------\n[INFO] \n[INFO] --- jacoco:0.8.12:prepare-agent (default) @ jsoup ---\n[INFO] argLine set to -javaagent:/home/zhangzhe/.m2/repository/org/jacoco/org.jacoco.agent/0.8.12/org.jacoco.agent-0.8.12-runtime.jar=destfile=/home/zhangzhe/fuzzing-repo/targets/jsoup-master/target/jacoco.exec,excludes=**/demo/**\n[INFO] \n[INFO] --- resources:3.3.1:resources (default-resources) @ jsoup ---\n[INFO] Copying 2 resources from  to target/classes/META-INF\n[INFO] \n[INFO] --- compiler:3.13.0:compile (default-compile) @ jsoup ---\n[INFO] Nothing to compile - all classes are up to date.\n[INFO] \n[INFO] --- compiler:3.13.0:compile (compile-java-9) @ jsoup ---\n[INFO] No sources to compile\n[INFO] \n[INFO] --- animal-sniffer:1.24:check (animal-sniffer) @ jsoup ---\n[INFO] Checking unresolved references to net.sf.androidscents.signature:android-api-level-10:2.3.3_r2\n[INFO] \n[INFO] --- bundle:5.1.9:manifest (bundle-manifest) @ jsoup ---\n[WARNING] Manifest org.jsoup:jsoup:jar:1.18.2-SNAPSHOT : Classes found in the wrong directory: {META-INF/versions/9/module-info.class=module-info, META-INF/versions/9/org/jsoup/helper/RequestAuthHandler.class=org.jsoup.helper.RequestAuthHandler}\n[INFO] Writing manifest: /home/zhangzhe/fuzzing-repo/targets/jsoup-master/target/classes/META-INF/MANIFEST.MF\n[INFO] \n[INFO] --- resources:3.3.1:testResources (default-testResources) @ jsoup ---\n[INFO] Copying 79 resources from src/test/resources to target/test-classes\n[INFO] \n[INFO] --- compiler:3.13.0:testCompile (default-testCompile) @ jsoup ---\n[INFO] Nothing to compile - all classes are up to date.\n[INFO] \n[INFO] --- surefire:3.5.0:test (default-test) @ jsoup ---\n[INFO] Using auto detected provider org.apache.maven.surefire.junitplatform.JUnitPlatformProvider\n[INFO] \n[INFO] -------------------------------------------------------\n[INFO]  T E S T S\n[INFO] -------------------------------------------------------\n[INFO] Running org.jsoup.helper.DataUtil_streamParserTest\n[ERROR] Tests run: 3, Failures: 0, Errors: 1, Skipped: 0, Time elapsed: 0.270 s <<< FAILURE! -- in org.jsoup.helper.DataUtil_streamParserTest\n[ERROR] org.jsoup.helper.DataUtil_streamParserTest.testStreamParserWithNullCharset -- Time elapsed: 0.036 s <<< ERROR!\norg.jsoup.helper.ValidationException: Object must not be null\n\tat org.jsoup.internal.SimpleBufferedInput.getBuf(SimpleBufferedInput.java:113)\n\tat org.jsoup.internal.SimpleBufferedInput.read(SimpleBufferedInput.java:67)\n\tat java.base/java.io.FilterInputStream.read(FilterInputStream.java:119)\n\tat org.jsoup.internal.ControllableInputStream.read(ControllableInputStream.java:94)\n\tat java.base/sun.nio.cs.StreamDecoder.readBytes(StreamDecoder.java:350)\n\tat java.base/sun.nio.cs.StreamDecoder.implRead(StreamDecoder.java:393)\n\tat java.base/sun.nio.cs.StreamDecoder.lockedRead(StreamDecoder.java:217)\n\tat java.base/sun.nio.cs.StreamDecoder.read(StreamDecoder.java:171)\n\tat java.base/java.io.InputStreamReader.read(InputStreamReader.java:188)\n\tat java.base/java.io.BufferedReader.fill(BufferedReader.java:160)\n\tat java.base/java.io.BufferedReader.read1(BufferedReader.java:225)\n\tat java.base/java.io.BufferedReader.implRead(BufferedReader.java:314)\n\tat java.base/java.io.BufferedReader.read(BufferedReader.java:296)\n\tat org.jsoup.parser.CharacterReader.doBufferUp(CharacterReader.java:98)\n\tat org.jsoup.parser.CharacterReader.bufferUp(CharacterReader.java:79)\n\tat org.jsoup.parser.CharacterReader.<init>(CharacterReader.java:53)\n\tat org.jsoup.parser.TreeBuilder.initialiseParse(TreeBuilder.java:52)\n\tat org.jsoup.parser.HtmlTreeBuilder.initialiseParse(HtmlTreeBuilder.java:79)\n\tat org.jsoup.parser.StreamParser.parse(StreamParser.java:79)\n\tat org.jsoup.helper.DataUtil.streamParser(DataUtil.java:143)\n\tat org.jsoup.helper.DataUtil_streamParserTest.testStreamParserWithNullCharset(DataUtil_streamParserTest.java:38)\n\tat java.base/java.lang.reflect.Method.invoke(Method.java:580)\n\tat java.base/java.util.ArrayList.forEach(ArrayList.java:1596)\n\tat java.base/java.util.ArrayList.forEach(ArrayList.java:1596)\n\n[INFO] \n[INFO] Results:\n[INFO] \n[ERROR] Errors: \n[ERROR]   DataUtil_streamParserTest.testStreamParserWithNullCharset:38 \u00bb Validation Object must not be null\n[INFO] \n[ERROR] Tests run: 3, Failures: 0, Errors: 1, Skipped: 0\n[INFO] \n[INFO] ------------------------------------------------------------------------\n[INFO] BUILD FAILURE\n[INFO] ------------------------------------------------------------------------\n[INFO] Total time:  3.622 s\n[INFO] Finished at: 2024-10-03T13:39:54+08:00\n[INFO] ------------------------------------------------------------------------\n[ERROR] Failed to execute goal org.apache.maven.plugins:maven-surefire-plugin:3.5.0:test (default-test) on project jsoup: \n[ERROR] \n[ERROR] Please refer to /home/zhangzhe/fuzzing-repo/targets/jsoup-master/target/surefire-reports for the individual test results.\n[ERROR] Please refer to dump files (if any exist) [date].dump, [date]-jvmRun[N].dump and [date].dumpstream.\n[ERROR] -> [Help 1]\n[ERROR] \n[ERROR] To see the full stack trace of the errors, re-run Maven with the -e switch.\n[ERROR] Re-run Maven using the -X switch to enable full debug logging.\n[ERROR] \n[ERROR] For more information about the errors and possible solutions, please read the following articles:\n[ERROR] [Help 1] http://cwiki.apache.org/confluence/display/MAVEN/MojoFailureException\n"}