{"name": "Element_prependChildrenTest", "status": "compile error", "error": "[INFO] Scanning for projects...\n[INFO] \n[INFO] --------------------------< org.jsoup:jsoup >---------------------------\n[INFO] Building jsoup Java HTML Parser 1.18.2-SNAPSHOT\n[INFO]   from pom.xml\n[INFO] --------------------------------[ jar ]---------------------------------\n[INFO] \n[INFO] --- jacoco:0.8.12:prepare-agent (default) @ jsoup ---\n[INFO] argLine set to -javaagent:/home/zhangzhe/.m2/repository/org/jacoco/org.jacoco.agent/0.8.12/org.jacoco.agent-0.8.12-runtime.jar=destfile=/home/zhangzhe/fuzzing-repo/targets/jsoup-master/target/jacoco.exec,excludes=**/demo/**\n[INFO] \n[INFO] --- resources:3.3.1:resources (default-resources) @ jsoup ---\n[INFO] Copying 2 resources from  to target/classes/META-INF\n[INFO] \n[INFO] --- compiler:3.13.0:compile (default-compile) @ jsoup ---\n[INFO] Nothing to compile - all classes are up to date.\n[INFO] \n[INFO] --- compiler:3.13.0:compile (compile-java-9) @ jsoup ---\n[INFO] No sources to compile\n[INFO] \n[INFO] --- animal-sniffer:1.24:check (animal-sniffer) @ jsoup ---\n[INFO] Checking unresolved references to net.sf.androidscents.signature:android-api-level-10:2.3.3_r2\n[INFO] \n[INFO] --- bundle:5.1.9:manifest (bundle-manifest) @ jsoup ---\n[INFO] Writing manifest: /home/zhangzhe/fuzzing-repo/targets/jsoup-master/target/classes/META-INF/MANIFEST.MF\n[INFO] \n[INFO] --- resources:3.3.1:testResources (default-testResources) @ jsoup ---\n[INFO] Copying 79 resources from src/test/resources to target/test-classes\n[INFO] \n[INFO] --- compiler:3.13.0:testCompile (default-testCompile) @ jsoup ---\n[INFO] Nothing to compile - all classes are up to date.\n[INFO] \n[INFO] --- surefire:3.5.0:test (default-test) @ jsoup ---\n[INFO] Using auto detected provider org.apache.maven.surefire.junitplatform.JUnitPlatformProvider\n[INFO] \n[INFO] -------------------------------------------------------\n[INFO]  T E S T S\n[INFO] -------------------------------------------------------\n[INFO] Running org.jsoup.nodes.Element_prependChildrenTest\n[ERROR] Tests run: 1, Failures: 0, Errors: 1, Skipped: 0, Time elapsed: 0.093 s <<< FAILURE! -- in org.jsoup.nodes.Element_prependChildrenTest\n[ERROR] org.jsoup.nodes.Element_prependChildrenTest.testPrependChildren -- Time elapsed: 0.059 s <<< ERROR!\njava.lang.IndexOutOfBoundsException: Index 0 out of bounds for length 0\n\tat java.base/jdk.internal.util.Preconditions.outOfBounds(Preconditions.java:100)\n\tat java.base/jdk.internal.util.Preconditions.outOfBoundsCheckIndex(Preconditions.java:106)\n\tat java.base/jdk.internal.util.Preconditions.checkIndex(Preconditions.java:302)\n\tat java.base/java.util.Objects.checkIndex(Objects.java:385)\n\tat java.base/java.util.ArrayList.get(ArrayList.java:427)\n\tat org.jsoup.nodes.Element.child(Element.java:343)\n\tat org.jsoup.nodes.Element_prependChildrenTest.testPrependChildren(Element_prependChildrenTest.java:31)\n\tat java.base/java.lang.reflect.Method.invoke(Method.java:580)\n\tat java.base/java.util.ArrayList.forEach(ArrayList.java:1596)\n\tat java.base/java.util.ArrayList.forEach(ArrayList.java:1596)\n\n[INFO] \n[INFO] Results:\n[INFO] \n[ERROR] Errors: \n[ERROR]   Element_prependChildrenTest.testPrependChildren:31 \u00bb IndexOutOfBounds Index 0 out of bounds for length 0\n[INFO] \n[ERROR] Tests run: 1, Failures: 0, Errors: 1, Skipped: 0\n[INFO] \n[INFO] ------------------------------------------------------------------------\n[INFO] BUILD FAILURE\n[INFO] ------------------------------------------------------------------------\n[INFO] Total time:  3.505 s\n[INFO] Finished at: 2024-10-03T16:36:29+08:00\n[INFO] ------------------------------------------------------------------------\n[ERROR] Failed to execute goal org.apache.maven.plugins:maven-surefire-plugin:3.5.0:test (default-test) on project jsoup: \n[ERROR] \n[ERROR] Please refer to /home/zhangzhe/fuzzing-repo/targets/jsoup-master/target/surefire-reports for the individual test results.\n[ERROR] Please refer to dump files (if any exist) [date].dump, [date]-jvmRun[N].dump and [date].dumpstream.\n[ERROR] -> [Help 1]\n[ERROR] \n[ERROR] To see the full stack trace of the errors, re-run Maven with the -e switch.\n[ERROR] Re-run Maven using the -X switch to enable full debug logging.\n[ERROR] \n[ERROR] For more information about the errors and possible solutions, please read the following articles:\n[ERROR] [Help 1] http://cwiki.apache.org/confluence/display/MAVEN/MojoFailureException\n"}