{"name": "FormElement_submitTest", "status": "compile error", "error": "[INFO] Scanning for projects...\n[INFO] \n[INFO] --------------------------< org.jsoup:jsoup >---------------------------\n[INFO] Building jsoup Java HTML Parser 1.18.2-SNAPSHOT\n[INFO]   from pom.xml\n[INFO] --------------------------------[ jar ]---------------------------------\n[INFO] \n[INFO] --- jacoco:0.8.12:prepare-agent (default) @ jsoup ---\n[INFO] argLine set to -javaagent:/home/zhangzhe/.m2/repository/org/jacoco/org.jacoco.agent/0.8.12/org.jacoco.agent-0.8.12-runtime.jar=destfile=/home/zhangzhe/fuzzing-repo/targets/jsoup-master/target/jacoco.exec,excludes=**/demo/**\n[INFO] \n[INFO] --- resources:3.3.1:resources (default-resources) @ jsoup ---\n[INFO] Copying 2 resources from  to target/classes/META-INF\n[INFO] \n[INFO] --- compiler:3.13.0:compile (default-compile) @ jsoup ---\n[INFO] Nothing to compile - all classes are up to date.\n[INFO] \n[INFO] --- compiler:3.13.0:compile (compile-java-9) @ jsoup ---\n[INFO] No sources to compile\n[INFO] \n[INFO] --- animal-sniffer:1.24:check (animal-sniffer) @ jsoup ---\n[INFO] Checking unresolved references to net.sf.androidscents.signature:android-api-level-10:2.3.3_r2\n[INFO] \n[INFO] --- bundle:5.1.9:manifest (bundle-manifest) @ jsoup ---\n[INFO] Writing manifest: /home/zhangzhe/fuzzing-repo/targets/jsoup-master/target/classes/META-INF/MANIFEST.MF\n[INFO] \n[INFO] --- resources:3.3.1:testResources (default-testResources) @ jsoup ---\n[INFO] Copying 79 resources from src/test/resources to target/test-classes\n[INFO] \n[INFO] --- compiler:3.13.0:testCompile (default-testCompile) @ jsoup ---\n[INFO] Compiling 1 source file with javac [debug target 1.8] to target/test-classes\n[WARNING] \u672a\u4e0e -source 8 \u4e00\u8d77\u8bbe\u7f6e\u5f15\u5bfc\u7c7b\u8def\u5f84\n[WARNING] \u6e90\u503c 8 \u5df2\u8fc7\u65f6\uff0c\u5c06\u5728\u672a\u6765\u53d1\u884c\u7248\u4e2d\u5220\u9664\n[WARNING] \u76ee\u6807\u503c 8 \u5df2\u8fc7\u65f6\uff0c\u5c06\u5728\u672a\u6765\u53d1\u884c\u7248\u4e2d\u5220\u9664\n[WARNING] \u8981\u9690\u85cf\u6709\u5173\u5df2\u8fc7\u65f6\u9009\u9879\u7684\u8b66\u544a, \u8bf7\u4f7f\u7528 -Xlint:-options\u3002\n[INFO] \n[INFO] --- surefire:3.5.0:test (default-test) @ jsoup ---\n[INFO] Using auto detected provider org.apache.maven.surefire.junitplatform.JUnitPlatformProvider\n[INFO] \n[INFO] -------------------------------------------------------\n[INFO]  T E S T S\n[INFO] -------------------------------------------------------\n[INFO] Running org.jsoup.nodes.FormElement_submitTest\n[ERROR] Tests run: 3, Failures: 0, Errors: 3, Skipped: 0, Time elapsed: 1.270 s <<< FAILURE! -- in org.jsoup.nodes.FormElement_submitTest\n[ERROR] org.jsoup.nodes.FormElement_submitTest.testSubmitWithAction -- Time elapsed: 1.221 s <<< ERROR!\norg.mockito.exceptions.misusing.MissingMethodInvocationException: \n\nwhen() requires an argument which has to be 'a method call on a mock'.\nFor example:\n    when(mock.getArticles()).thenReturn(articles);\n\nAlso, this error might show up because:\n1. you stub either of: final/private/equals()/hashCode() methods.\n   Those methods *cannot* be stubbed/verified.\n   Mocking methods declared on non-public parent classes is not supported.\n2. inside when() you don't call method on mock but on some other object.\n\n\tat org.jsoup.nodes.FormElement_submitTest.testSubmitWithAction(FormElement_submitTest.java:33)\n\tat java.base/java.lang.reflect.Method.invoke(Method.java:580)\n\tat java.base/java.util.ArrayList.forEach(ArrayList.java:1596)\n\tat java.base/java.util.ArrayList.forEach(ArrayList.java:1596)\n\n[ERROR] org.jsoup.nodes.FormElement_submitTest.testSubmitWithInvalidAction -- Time elapsed: 0.004 s <<< ERROR!\norg.mockito.exceptions.misusing.MissingMethodInvocationException: \n\nwhen() requires an argument which has to be 'a method call on a mock'.\nFor example:\n    when(mock.getArticles()).thenReturn(articles);\n\nAlso, this error might show up because:\n1. you stub either of: final/private/equals()/hashCode() methods.\n   Those methods *cannot* be stubbed/verified.\n   Mocking methods declared on non-public parent classes is not supported.\n2. inside when() you don't call method on mock but on some other object.\n\n\tat org.jsoup.nodes.FormElement_submitTest.testSubmitWithInvalidAction(FormElement_submitTest.java:59)\n\tat java.base/java.lang.reflect.Method.invoke(Method.java:580)\n\tat java.base/java.util.ArrayList.forEach(ArrayList.java:1596)\n\tat java.base/java.util.ArrayList.forEach(ArrayList.java:1596)\n\n[ERROR] org.jsoup.nodes.FormElement_submitTest.testSubmitWithoutAction -- Time elapsed: 0.003 s <<< ERROR!\norg.mockito.exceptions.misusing.MissingMethodInvocationException: \n\nwhen() requires an argument which has to be 'a method call on a mock'.\nFor example:\n    when(mock.getArticles()).thenReturn(articles);\n\nAlso, this error might show up because:\n1. you stub either of: final/private/equals()/hashCode() methods.\n   Those methods *cannot* be stubbed/verified.\n   Mocking methods declared on non-public parent classes is not supported.\n2. inside when() you don't call method on mock but on some other object.\n\n\tat org.jsoup.nodes.FormElement_submitTest.testSubmitWithoutAction(FormElement_submitTest.java:46)\n\tat java.base/java.lang.reflect.Method.invoke(Method.java:580)\n\tat java.base/java.util.ArrayList.forEach(ArrayList.java:1596)\n\tat java.base/java.util.ArrayList.forEach(ArrayList.java:1596)\n\n[INFO] \n[INFO] Results:\n[INFO] \n[ERROR] Errors: \n[ERROR]   FormElement_submitTest.testSubmitWithAction:33 MissingMethodInvocation \nwhen() requires an argument which has to be 'a method call on a mock'.\nFor example:\n    when(mock.getArticles()).thenReturn(articles);\n\nAlso, this error might show up because:\n1. you stub either of: final/private/equals()/hashCode() methods.\n   Those methods *cannot* be stubbed/verified.\n   Mocking methods declared on non-public parent classes is not supported.\n2. inside when() you don't call method on mock but on some other object.\n\n[ERROR]   FormElement_submitTest.testSubmitWithInvalidAction:59 MissingMethodInvocation \nwhen() requires an argument which has to be 'a method call on a mock'.\nFor example:\n    when(mock.getArticles()).thenReturn(articles);\n\nAlso, this error might show up because:\n1. you stub either of: final/private/equals()/hashCode() methods.\n   Those methods *cannot* be stubbed/verified.\n   Mocking methods declared on non-public parent classes is not supported.\n2. inside when() you don't call method on mock but on some other object.\n\n[ERROR]   FormElement_submitTest.testSubmitWithoutAction:46 MissingMethodInvocation \nwhen() requires an argument which has to be 'a method call on a mock'.\nFor example:\n    when(mock.getArticles()).thenReturn(articles);\n\nAlso, this error might show up because:\n1. you stub either of: final/private/equals()/hashCode() methods.\n   Those methods *cannot* be stubbed/verified.\n   Mocking methods declared on non-public parent classes is not supported.\n2. inside when() you don't call method on mock but on some other object.\n\n[INFO] \n[ERROR] Tests run: 3, Failures: 0, Errors: 3, Skipped: 0\n[INFO] \n[INFO] ------------------------------------------------------------------------\n[INFO] BUILD FAILURE\n[INFO] ------------------------------------------------------------------------\n[INFO] Total time:  5.236 s\n[INFO] Finished at: 2024-10-03T17:42:56+08:00\n[INFO] ------------------------------------------------------------------------\n[ERROR] Failed to execute goal org.apache.maven.plugins:maven-surefire-plugin:3.5.0:test (default-test) on project jsoup: \n[ERROR] \n[ERROR] Please refer to /home/zhangzhe/fuzzing-repo/targets/jsoup-master/target/surefire-reports for the individual test results.\n[ERROR] Please refer to dump files (if any exist) [date].dump, [date]-jvmRun[N].dump and [date].dumpstream.\n[ERROR] -> [Help 1]\n[ERROR] \n[ERROR] To see the full stack trace of the errors, re-run Maven with the -e switch.\n[ERROR] Re-run Maven using the -X switch to enable full debug logging.\n[ERROR] \n[ERROR] For more information about the errors and possible solutions, please read the following articles:\n[ERROR] [Help 1] http://cwiki.apache.org/confluence/display/MAVEN/MojoFailureException\n"}