{"name": "Commerce_departmentTest", "status": "compile error", "error": "[INFO] Scanning for projects...\n[INFO] Inspecting build with total of 1 modules...\n[INFO] Installing Nexus Staging features:\n[INFO]   ... total of 1 executions of maven-deploy-plugin replaced with nexus-staging-maven-plugin\n[INFO] \n[INFO] ----------------------< net.datafaker:datafaker >-----------------------\n[INFO] Building Datafaker 2.4.1-SNAPSHOT\n[INFO]   from pom.xml\n[INFO] --------------------------------[ jar ]---------------------------------\n[INFO] \n[INFO] --- enforcer:3.5.0:enforce (enforce-maven) @ datafaker ---\n[INFO] Rule 0: org.apache.maven.enforcer.rules.version.RequireJavaVersion passed\n[INFO] Rule 1: org.apache.maven.enforcer.rules.version.RequireMavenVersion passed\n[INFO] \n[INFO] --- spotless:2.43.0:check (spotless-check) @ datafaker ---\n[INFO] Index file does not exist. Fallback to an empty index\n[INFO] Spotless.Java is keeping 642 files clean - 1 needs changes to be clean, 641 were already clean, 0 were skipped because caching determined they were already clean\n[INFO] ------------------------------------------------------------------------\n[INFO] BUILD FAILURE\n[INFO] ------------------------------------------------------------------------\n[INFO] Total time:  2.954 s\n[INFO] Finished at: 2024-12-03T23:41:35+08:00\n[INFO] ------------------------------------------------------------------------\n[ERROR] Failed to execute goal com.diffplug.spotless:spotless-maven-plugin:2.43.0:check (spotless-check) on project datafaker: The following files had format violations:\n[ERROR]     src/test/java/net/datafaker/providers/base/Commerce_departmentTest.java\n[ERROR]         @@ -3,7 +3,6 @@\n[ERROR]          \n[ERROR]          import\u00b7org.junit.jupiter.api.BeforeEach;\n[ERROR]          import\u00b7org.junit.jupiter.api.Test;\n[ERROR]         -import\u00b7static\u00b7org.junit.jupiter.api.Assertions.assertEquals;\n[ERROR]          import\u00b7static\u00b7org.junit.jupiter.api.Assertions.assertTrue;\n[ERROR]          \n[ERROR]          public\u00b7class\u00b7Commerce_departmentTest\u00b7{\n[ERROR] Run 'mvn spotless:apply' to fix these violations.\n[ERROR] -> [Help 1]\n[ERROR] \n[ERROR] To see the full stack trace of the errors, re-run Maven with the -e switch.\n[ERROR] Re-run Maven using the -X switch to enable full debug logging.\n[ERROR] \n[ERROR] For more information about the errors and possible solutions, please read the following articles:\n[ERROR] [Help 1] http://cwiki.apache.org/confluence/display/MAVEN/MojoExecutionException\n"}