{"name": "CommandLine_getOptionValueTest", "status": "compile error", "error": "[INFO] Scanning for projects...\n[INFO] \n[INFO] ----------------------< commons-cli:commons-cli >-----------------------\n[INFO] Building Apache Commons CLI 1.9.1-SNAPSHOT\n[INFO]   from pom.xml\n[INFO] --------------------------------[ jar ]---------------------------------\n[INFO] \n[INFO] --- enforcer:3.5.0:enforce (enforce-maven-version) @ commons-cli ---\n[INFO] Rule 0: org.apache.maven.enforcer.rules.version.RequireMavenVersion passed\n[INFO] \n[INFO] --- enforcer:3.5.0:enforce (enforce-java-version) @ commons-cli ---\n[INFO] Rule 0: org.apache.maven.enforcer.rules.version.RequireJavaVersion passed\n[INFO] \n[INFO] --- apache-rat:0.16.1:check (rat-check) @ commons-cli ---\n[INFO] RAT will not execute since it is configured to be skipped via system property 'rat.skip'.\n[INFO] \n[INFO] --- artifact:3.5.1:check-buildplan (check-buildplan) @ commons-cli ---\n[INFO] no known issue with org.apache.maven.plugins:maven-enforcer-plugin:3.5.0\n[INFO] no known issue with org.apache.rat:apache-rat-plugin:0.16.1\n[INFO] no known issue with org.apache.maven.plugins:maven-artifact-plugin:3.5.1\n[INFO] no known issue with org.codehaus.mojo:build-helper-maven-plugin:3.6.0\n[INFO] no known issue with org.apache.maven.plugins:maven-antrun-plugin:3.1.0\n[INFO] no known issue with org.apache.maven.plugins:maven-remote-resources-plugin:3.2.0 (>= 1.7.0)\n[INFO] no known issue with org.codehaus.mojo:buildnumber-maven-plugin:3.2.1\n[INFO] no known issue with org.apache.maven.plugins:maven-resources-plugin:3.3.1\n[INFO] no known issue with org.apache.maven.plugins:maven-compiler-plugin:3.13.0\n[INFO] no known issue with org.apache.felix:maven-bundle-plugin:5.1.9 (>= 5.1.9)\n[INFO] no known issue with org.jacoco:jacoco-maven-plugin:0.8.12\n[INFO] no known issue with org.apache.maven.plugins:maven-surefire-plugin:3.5.0\n[INFO] no known issue with org.apache.maven.plugins:maven-jar-plugin:3.4.2 (>= 3.2.0)\n[INFO] no known issue with org.apache.maven.plugins:maven-source-plugin:3.2.1 (>= 3.2.1)\n[INFO] no known issue with org.cyclonedx:cyclonedx-maven-plugin:2.8.1 (>= 2.7.9)\n[INFO] no known issue with org.spdx:spdx-maven-plugin:0.7.4\n[INFO] no known issue with org.moditect:moditect-maven-plugin:1.2.2.Final (>= 1.2.0.Final)\n[INFO] no known issue with org.apache.maven.plugins:maven-site-plugin:3.12.1\n[INFO] no known issue with org.apache.maven.plugins:maven-install-plugin:3.1.2\n[INFO] no known issue with org.apache.maven.plugins:maven-deploy-plugin:3.1.2\n[INFO] \n[INFO] --- build-helper:3.6.0:parse-version (parse-version) @ commons-cli ---\n[INFO] \n[INFO] --- antrun:3.1.0:run (javadoc.resources) @ commons-cli ---\n[INFO] Executing tasks\n[INFO] Executed tasks\n[INFO] \n[INFO] --- remote-resources:3.2.0:process (process-resource-bundles) @ commons-cli ---\n[INFO] Skipping remote resources execution.\n[INFO] \n[INFO] --- buildnumber:3.2.1:create (default) @ commons-cli ---\n[INFO] Executing: /bin/sh -c cd '/home/zhangzhe/fuzzing-repo/targets/java/commons-cli-3' && 'git' 'log' '-1' '--no-merges' '--format=format:%H %aI %aE %aN'\n[INFO] Working directory: /home/zhangzhe/fuzzing-repo/targets/java/commons-cli-3\n[INFO] Storing buildNumber: null at timestamp: 1727867965415\n[INFO] Executing: /bin/sh -c cd '/home/zhangzhe/fuzzing-repo/targets/java/commons-cli-3' && 'git' 'symbolic-ref' 'HEAD'\n[INFO] Working directory: /home/zhangzhe/fuzzing-repo/targets/java/commons-cli-3\n[INFO] Storing scmBranch: master\n[INFO] \n[INFO] --- resources:3.3.1:resources (default-resources) @ commons-cli ---\n[INFO] skip non existing resourceDirectory /home/zhangzhe/fuzzing-repo/targets/java/commons-cli-3/src/main/resources\n[INFO] Copying 2 resources from  to target/classes/META-INF\n[INFO] \n[INFO] --- compiler:3.13.0:compile (default-compile) @ commons-cli ---\n[INFO] Nothing to compile - all classes are up to date.\n[INFO] \n[INFO] --- bundle:5.1.9:manifest (bundle-manifest) @ commons-cli ---\n[INFO] Writing manifest: /home/zhangzhe/fuzzing-repo/targets/java/commons-cli-3/target/osgi/MANIFEST.MF\n[INFO] \n[INFO] --- resources:3.3.1:testResources (default-testResources) @ commons-cli ---\n[INFO] Copying 1 resource from src/test/resources to target/test-classes\n[INFO] Copying 2 resources from  to target/test-classes/META-INF\n[INFO] \n[INFO] --- compiler:3.13.0:testCompile (default-testCompile) @ commons-cli ---\n[INFO] Nothing to compile - all classes are up to date.\n[INFO] \n[INFO] --- jacoco:0.8.12:prepare-agent (prepare-agent) @ commons-cli ---\n[INFO] argLine set to -javaagent:/home/zhangzhe/.m2/repository/org/jacoco/org.jacoco.agent/0.8.12/org.jacoco.agent-0.8.12-runtime.jar=destfile=/home/zhangzhe/fuzzing-repo/targets/java/commons-cli-3/target/jacoco.exec\n[INFO] \n[INFO] --- surefire:3.5.0:test (default-test) @ commons-cli ---\n[INFO] Using auto detected provider org.apache.maven.surefire.junitplatform.JUnitPlatformProvider\n[INFO] \n[INFO] -------------------------------------------------------\n[INFO]  T E S T S\n[INFO] -------------------------------------------------------\n[INFO] Running org.apache.commons.cli.CommandLine_getOptionValueTest\n[ERROR] Tests run: 2, Failures: 0, Errors: 1, Skipped: 0, Time elapsed: 0.070 s <<< FAILURE! -- in org.apache.commons.cli.CommandLine_getOptionValueTest\n[ERROR] org.apache.commons.cli.CommandLine_getOptionValueTest.testGetOptionValueWithNonNullValues -- Time elapsed: 0.005 s <<< ERROR!\njava.lang.Error: \nUnresolved compilation problem: \n\tThe method addValueForProcessing(String) is undefined for the type Option\n\n\tat org.apache.commons.cli.CommandLine_getOptionValueTest.testGetOptionValueWithNonNullValues(CommandLine_getOptionValueTest.java:28)\n\tat java.base/java.lang.reflect.Method.invoke(Method.java:580)\n\tat java.base/java.util.ArrayList.forEach(ArrayList.java:1596)\n\tat java.base/java.util.ArrayList.forEach(ArrayList.java:1596)\n\n[INFO] \n[INFO] Results:\n[INFO] \n[ERROR] Errors: \n[ERROR]   CommandLine_getOptionValueTest.testGetOptionValueWithNonNullValues:28  Unresolved compilation problem: \n\tThe method addValueForProcessing(String) is undefined for the type Option\n\n[INFO] \n[ERROR] Tests run: 2, Failures: 0, Errors: 1, Skipped: 0\n[INFO] \n[INFO] ------------------------------------------------------------------------\n[INFO] BUILD FAILURE\n[INFO] ------------------------------------------------------------------------\n[INFO] Total time:  3.730 s\n[INFO] Finished at: 2024-10-02T19:19:27+08:00\n[INFO] ------------------------------------------------------------------------\n[ERROR] Failed to execute goal org.apache.maven.plugins:maven-surefire-plugin:3.5.0:test (default-test) on project commons-cli: \n[ERROR] \n[ERROR] Please refer to /home/zhangzhe/fuzzing-repo/targets/java/commons-cli-3/target/surefire-reports for the individual test results.\n[ERROR] Please refer to dump files (if any exist) [date].dump, [date]-jvmRun[N].dump and [date].dumpstream.\n[ERROR] -> [Help 1]\n[ERROR] \n[ERROR] To see the full stack trace of the errors, re-run Maven with the -e switch.\n[ERROR] Re-run Maven using the -X switch to enable full debug logging.\n[ERROR] \n[ERROR] For more information about the errors and possible solutions, please read the following articles:\n[ERROR] [Help 1] http://cwiki.apache.org/confluence/display/MAVEN/MojoFailureException\n"}