{"name": "Geometries_rectangleGeographicTest", "status": "assertion error", "error": "[INFO] Scanning for projects...\n[INFO] Inspecting build with total of 1 modules...\n[INFO] Installing Nexus Staging features:\n[INFO]   ... total of 1 executions of maven-deploy-plugin replaced with nexus-staging-maven-plugin\n[INFO] \n[INFO] --------------------< com.github.davidmoten:rtree >---------------------\n[INFO] Building rtree 0.13-SNAPSHOT\n[INFO]   from pom.xml\n[INFO] -------------------------------[ bundle ]-------------------------------\n[INFO] \n[INFO] --- jacoco:0.8.12:prepare-agent (default) @ rtree ---\n[INFO] argLine set to -javaagent:/home/zhangzhe/.m2/repository/org/jacoco/org.jacoco.agent/0.8.12/org.jacoco.agent-0.8.12-runtime.jar=destfile=/home/zhangzhe/fuzzing-repo/targets/rtree-master-for-ablation-0/target/jacoco.exec\n[INFO] \n[INFO] --- resources:3.3.1:resources (default-resources) @ rtree ---\n[INFO] skip non existing resourceDirectory /home/zhangzhe/fuzzing-repo/targets/rtree-master-for-ablation-0/src/main/resources\n[INFO] \n[INFO] --- compiler:3.13.0:compile (default-compile) @ rtree ---\n[INFO] Recompiling the module because of changed source code.\n[INFO] Compiling 88 source files with javac [debug target 1.8] to target/classes\n[WARNING] \u672a\u4e0e -source 8 \u4e00\u8d77\u8bbe\u7f6e\u5f15\u5bfc\u7c7b\u8def\u5f84\n[INFO] \n[INFO] --- resources:3.3.1:testResources (default-testResources) @ rtree ---\n[INFO] Copying 2 resources from src/test/resources to target/test-classes\n[INFO] \n[INFO] --- compiler:3.13.0:testCompile (default-testCompile) @ rtree ---\n[INFO] Recompiling the module because of changed dependency.\n[INFO] Compiling 44 source files with javac [debug target 1.8] to target/test-classes\n[WARNING] \u672a\u4e0e -source 8 \u4e00\u8d77\u8bbe\u7f6e\u5f15\u5bfc\u7c7b\u8def\u5f84\n[INFO] /home/zhangzhe/fuzzing-repo/targets/rtree-master-for-ablation-0/src/test/java/com/github/davidmoten/internal/operators/OperatorBoundedPriorityQueueTest.java: /home/zhangzhe/fuzzing-repo/targets/rtree-master-for-ablation-0/src/test/java/com/github/davidmoten/internal/operators/OperatorBoundedPriorityQueueTest.java\u4f7f\u7528\u6216\u8986\u76d6\u4e86\u5df2\u8fc7\u65f6\u7684 API\u3002\n[INFO] /home/zhangzhe/fuzzing-repo/targets/rtree-master-for-ablation-0/src/test/java/com/github/davidmoten/internal/operators/OperatorBoundedPriorityQueueTest.java: \u6709\u5173\u8be6\u7ec6\u4fe1\u606f, \u8bf7\u4f7f\u7528 -Xlint:deprecation \u91cd\u65b0\u7f16\u8bd1\u3002\n[INFO] /home/zhangzhe/fuzzing-repo/targets/rtree-master-for-ablation-0/src/test/java/com/github/davidmoten/rtree/NodePosition_toStringTest.java: /home/zhangzhe/fuzzing-repo/targets/rtree-master-for-ablation-0/src/test/java/com/github/davidmoten/rtree/NodePosition_toStringTest.java\u4f7f\u7528\u4e86\u672a\u7ecf\u68c0\u67e5\u6216\u4e0d\u5b89\u5168\u7684\u64cd\u4f5c\u3002\n[INFO] /home/zhangzhe/fuzzing-repo/targets/rtree-master-for-ablation-0/src/test/java/com/github/davidmoten/rtree/NodePosition_toStringTest.java: \u6709\u5173\u8be6\u7ec6\u4fe1\u606f, \u8bf7\u4f7f\u7528 -Xlint:unchecked \u91cd\u65b0\u7f16\u8bd1\u3002\n[INFO] \n[INFO] --- surefire:3.5.2:test (default-test) @ rtree ---\n[INFO] Using auto detected provider org.apache.maven.surefire.junit4.JUnit4Provider\n[INFO] \n[INFO] -------------------------------------------------------\n[INFO]  T E S T S\n[INFO] -------------------------------------------------------\n[INFO] Running com.github.davidmoten.rtree.geometry.Geometries_rectangleGeographicTest\n[ERROR] Tests run: 5, Failures: 2, Errors: 0, Skipped: 0, Time elapsed: 0.106 s <<< FAILURE! -- in com.github.davidmoten.rtree.geometry.Geometries_rectangleGeographicTest\n[ERROR] com.github.davidmoten.rtree.geometry.Geometries_rectangleGeographicTest.testRectangleGeographicNegativeLongitude -- Time elapsed: 0.021 s <<< FAILURE!\njava.lang.AssertionError: expected:<-30.0> but was:<330.0>\n\tat org.junit.Assert.fail(Assert.java:89)\n\tat org.junit.Assert.failNotEquals(Assert.java:835)\n\tat org.junit.Assert.assertEquals(Assert.java:555)\n\tat org.junit.Assert.assertEquals(Assert.java:685)\n\tat com.github.davidmoten.rtree.geometry.Geometries_rectangleGeographicTest.testRectangleGeographicNegativeLongitude(Geometries_rectangleGeographicTest.java:43)\n\tat java.base/jdk.internal.reflect.NativeMethodAccessorImpl.invoke0(Native Method)\n\tat java.base/jdk.internal.reflect.NativeMethodAccessorImpl.invoke(NativeMethodAccessorImpl.java:62)\n\tat java.base/jdk.internal.reflect.DelegatingMethodAccessorImpl.invoke(DelegatingMethodAccessorImpl.java:43)\n\tat java.base/java.lang.reflect.Method.invoke(Method.java:566)\n\tat org.junit.runners.model.FrameworkMethod$1.runReflectiveCall(FrameworkMethod.java:59)\n\tat org.junit.internal.runners.model.ReflectiveCallable.run(ReflectiveCallable.java:12)\n\tat org.junit.runners.model.FrameworkMethod.invokeExplosively(FrameworkMethod.java:56)\n\tat org.junit.internal.runners.statements.InvokeMethod.evaluate(InvokeMethod.java:17)\n\tat org.junit.runners.ParentRunner$3.evaluate(ParentRunner.java:306)\n\tat org.junit.runners.BlockJUnit4ClassRunner$1.evaluate(BlockJUnit4ClassRunner.java:100)\n\tat org.junit.runners.ParentRunner.runLeaf(ParentRunner.java:366)\n\tat org.junit.runners.BlockJUnit4ClassRunner.runChild(BlockJUnit4ClassRunner.java:103)\n\tat org.junit.runners.BlockJUnit4ClassRunner.runChild(BlockJUnit4ClassRunner.java:63)\n\tat org.junit.runners.ParentRunner$4.run(ParentRunner.java:331)\n\tat org.junit.runners.ParentRunner$1.schedule(ParentRunner.java:79)\n\tat org.junit.runners.ParentRunner.runChildren(ParentRunner.java:329)\n\tat org.junit.runners.ParentRunner.access$100(ParentRunner.java:66)\n\tat org.junit.runners.ParentRunner$2.evaluate(ParentRunner.java:293)\n\tat org.junit.runners.ParentRunner$3.evaluate(ParentRunner.java:306)\n\tat org.junit.runners.ParentRunner.run(ParentRunner.java:413)\n\tat org.apache.maven.surefire.junit4.JUnit4Provider.execute(JUnit4Provider.java:316)\n\tat org.apache.maven.surefire.junit4.JUnit4Provider.executeWithRerun(JUnit4Provider.java:240)\n\tat org.apache.maven.surefire.junit4.JUnit4Provider.executeTestSet(JUnit4Provider.java:214)\n\tat org.apache.maven.surefire.junit4.JUnit4Provider.invoke(JUnit4Provider.java:155)\n\tat org.apache.maven.surefire.booter.ForkedBooter.runSuitesInProcess(ForkedBooter.java:385)\n\tat org.apache.maven.surefire.booter.ForkedBooter.execute(ForkedBooter.java:162)\n\tat org.apache.maven.surefire.booter.ForkedBooter.run(ForkedBooter.java:507)\n\tat org.apache.maven.surefire.booter.ForkedBooter.main(ForkedBooter.java:495)\n\n[ERROR] com.github.davidmoten.rtree.geometry.Geometries_rectangleGeographicTest.testRectangleGeographicCrossingAntiMeridian -- Time elapsed: 0 s <<< FAILURE!\njava.lang.AssertionError: expected:<-170.0> but was:<190.0>\n\tat org.junit.Assert.fail(Assert.java:89)\n\tat org.junit.Assert.failNotEquals(Assert.java:835)\n\tat org.junit.Assert.assertEquals(Assert.java:555)\n\tat org.junit.Assert.assertEquals(Assert.java:685)\n\tat com.github.davidmoten.rtree.geometry.Geometries_rectangleGeographicTest.testRectangleGeographicCrossingAntiMeridian(Geometries_rectangleGeographicTest.java:25)\n\tat java.base/jdk.internal.reflect.NativeMethodAccessorImpl.invoke0(Native Method)\n\tat java.base/jdk.internal.reflect.NativeMethodAccessorImpl.invoke(NativeMethodAccessorImpl.java:62)\n\tat java.base/jdk.internal.reflect.DelegatingMethodAccessorImpl.invoke(DelegatingMethodAccessorImpl.java:43)\n\tat java.base/java.lang.reflect.Method.invoke(Method.java:566)\n\tat org.junit.runners.model.FrameworkMethod$1.runReflectiveCall(FrameworkMethod.java:59)\n\tat org.junit.internal.runners.model.ReflectiveCallable.run(ReflectiveCallable.java:12)\n\tat org.junit.runners.model.FrameworkMethod.invokeExplosively(FrameworkMethod.java:56)\n\tat org.junit.internal.runners.statements.InvokeMethod.evaluate(InvokeMethod.java:17)\n\tat org.junit.runners.ParentRunner$3.evaluate(ParentRunner.java:306)\n\tat org.junit.runners.BlockJUnit4ClassRunner$1.evaluate(BlockJUnit4ClassRunner.java:100)\n\tat org.junit.runners.ParentRunner.runLeaf(ParentRunner.java:366)\n\tat org.junit.runners.BlockJUnit4ClassRunner.runChild(BlockJUnit4ClassRunner.java:103)\n\tat org.junit.runners.BlockJUnit4ClassRunner.runChild(BlockJUnit4ClassRunner.java:63)\n\tat org.junit.runners.ParentRunner$4.run(ParentRunner.java:331)\n\tat org.junit.runners.ParentRunner$1.schedule(ParentRunner.java:79)\n\tat org.junit.runners.ParentRunner.runChildren(ParentRunner.java:329)\n\tat org.junit.runners.ParentRunner.access$100(ParentRunner.java:66)\n\tat org.junit.runners.ParentRunner$2.evaluate(ParentRunner.java:293)\n\tat org.junit.runners.ParentRunner$3.evaluate(ParentRunner.java:306)\n\tat org.junit.runners.ParentRunner.run(ParentRunner.java:413)\n\tat org.apache.maven.surefire.junit4.JUnit4Provider.execute(JUnit4Provider.java:316)\n\tat org.apache.maven.surefire.junit4.JUnit4Provider.executeWithRerun(JUnit4Provider.java:240)\n\tat org.apache.maven.surefire.junit4.JUnit4Provider.executeTestSet(JUnit4Provider.java:214)\n\tat org.apache.maven.surefire.junit4.JUnit4Provider.invoke(JUnit4Provider.java:155)\n\tat org.apache.maven.surefire.booter.ForkedBooter.runSuitesInProcess(ForkedBooter.java:385)\n\tat org.apache.maven.surefire.booter.ForkedBooter.execute(ForkedBooter.java:162)\n\tat org.apache.maven.surefire.booter.ForkedBooter.run(ForkedBooter.java:507)\n\tat org.apache.maven.surefire.booter.ForkedBooter.main(ForkedBooter.java:495)\n\n[INFO] \n[INFO] Results:\n[INFO] \n[ERROR] Failures: \n[ERROR]   Geometries_rectangleGeographicTest.testRectangleGeographicCrossingAntiMeridian:25 expected:<-170.0> but was:<190.0>\n[ERROR]   Geometries_rectangleGeographicTest.testRectangleGeographicNegativeLongitude:43 expected:<-30.0> but was:<330.0>\n[INFO] \n[ERROR] Tests run: 5, Failures: 2, Errors: 0, Skipped: 0\n[INFO] \n[INFO] ------------------------------------------------------------------------\n[INFO] BUILD FAILURE\n[INFO] ------------------------------------------------------------------------\n[INFO] Total time:  5.819 s\n[INFO] Finished at: 2024-12-03T22:38:15+08:00\n[INFO] ------------------------------------------------------------------------\n[ERROR] Failed to execute goal org.apache.maven.plugins:maven-surefire-plugin:3.5.2:test (default-test) on project rtree: There are test failures.\n[ERROR] \n[ERROR] See /home/zhangzhe/fuzzing-repo/targets/rtree-master-for-ablation-0/target/surefire-reports for the individual test results.\n[ERROR] See dump files (if any exist) [date].dump, [date]-jvmRun[N].dump and [date].dumpstream.\n[ERROR] -> [Help 1]\n[ERROR] \n[ERROR] To see the full stack trace of the errors, re-run Maven with the -e switch.\n[ERROR] Re-run Maven using the -X switch to enable full debug logging.\n[ERROR] \n[ERROR] For more information about the errors and possible solutions, please read the following articles:\n[ERROR] [Help 1] http://cwiki.apache.org/confluence/display/MAVEN/MojoFailureException\n"}