{"name": "CucumberExpression_matchTest", "status": "compile error", "error": "[INFO] Scanning for projects...\n[INFO] ------------------------------------------------------------------------\n[INFO] BUILD FAILURE\n[INFO] ------------------------------------------------------------------------\n[INFO] Total time:  0.065 s\n[INFO] Finished at: 2024-12-03T23:12:27+08:00\n[INFO] ------------------------------------------------------------------------\n[ERROR] The goal you specified requires a project to execute but there is no POM in this directory (/home/zhangzhe/fuzzing-repo/targets/java/cucumber-expressions-0/java). Please verify you invoked Maven from the correct directory. -> [Help 1]\n[ERROR] \n[ERROR] To see the full stack trace of the errors, re-run Maven with the -e switch.\n[ERROR] Re-run Maven using the -X switch to enable full debug logging.\n[ERROR] \n[ERROR] For more information about the errors and possible solutions, please read the following articles:\n[ERROR] [Help 1] http://cwiki.apache.org/confluence/display/MAVEN/MissingProjectException\n"}