{"name": "Nation_flagTest", "status": "compile error", "error": "[INFO] Scanning for projects...\n[INFO] Inspecting build with total of 1 modules...\n[INFO] Installing Nexus Staging features:\n[INFO]   ... total of 1 executions of maven-deploy-plugin replaced with nexus-staging-maven-plugin\n[INFO] \n[INFO] ----------------------< net.datafaker:datafaker >-----------------------\n[INFO] Building Datafaker 2.4.1-SNAPSHOT\n[INFO]   from pom.xml\n[INFO] --------------------------------[ jar ]---------------------------------\n[INFO] \n[INFO] --- enforcer:3.5.0:enforce (enforce-maven) @ datafaker ---\n[INFO] Rule 0: org.apache.maven.enforcer.rules.version.RequireJavaVersion passed\n[INFO] Rule 1: org.apache.maven.enforcer.rules.version.RequireMavenVersion passed\n[INFO] \n[INFO] --- spotless:2.43.0:check (spotless-check) @ datafaker ---\n[INFO] Spotless.Java is keeping 645 files clean - 1 needs changes to be clean, 0 were already clean, 644 were skipped because caching determined they were already clean\n[INFO] ------------------------------------------------------------------------\n[INFO] BUILD FAILURE\n[INFO] ------------------------------------------------------------------------\n[INFO] Total time:  1.866 s\n[INFO] Finished at: 2024-10-01T16:16:56+08:00\n[INFO] ------------------------------------------------------------------------\n[ERROR] Failed to execute goal com.diffplug.spotless:spotless-maven-plugin:2.43.0:check (spotless-check) on project datafaker: The following files had format violations:\n[ERROR]     src/test/java/net/datafaker/providers/base/Nation_flagTest.java\n[ERROR]         @@ -6,8 +6,6 @@\n[ERROR]          import\u00b7static\u00b7org.assertj.core.api.Assertions.assertThat;\n[ERROR]          import\u00b7static\u00b7org.mockito.Mockito.*;\n[ERROR]          \n[ERROR]         -import\u00b7java.nio.ByteBuffer;\n[ERROR]         -import\u00b7java.nio.MappedByteBuffer;\n[ERROR]          import\u00b7java.util.Arrays;\n[ERROR]          import\u00b7java.util.List;\n[ERROR]          \n[ERROR] Run 'mvn spotless:apply' to fix these violations.\n[ERROR] -> [Help 1]\n[ERROR] \n[ERROR] To see the full stack trace of the errors, re-run Maven with the -e switch.\n[ERROR] Re-run Maven using the -X switch to enable full debug logging.\n[ERROR] \n[ERROR] For more information about the errors and possible solutions, please read the following articles:\n[ERROR] [Help 1] http://cwiki.apache.org/confluence/display/MAVEN/MojoExecutionException\n"}