{"name": "SqlTransformer_generateTest", "status": "assertion error", "error": "[INFO] Scanning for projects...\n[INFO] Inspecting build with total of 1 modules...\n[INFO] Installing Nexus Staging features:\n[INFO]   ... total of 1 executions of maven-deploy-plugin replaced with nexus-staging-maven-plugin\n[INFO] \n[INFO] ----------------------< net.datafaker:datafaker >-----------------------\n[INFO] Building Datafaker 2.4.1-SNAPSHOT\n[INFO]   from pom.xml\n[INFO] --------------------------------[ jar ]---------------------------------\n[INFO] \n[INFO] --- enforcer:3.5.0:enforce (enforce-maven) @ datafaker ---\n[INFO] Rule 0: org.apache.maven.enforcer.rules.version.RequireJavaVersion passed\n[INFO] Rule 1: org.apache.maven.enforcer.rules.version.RequireMavenVersion passed\n[INFO] \n[INFO] --- spotless:2.43.0:check (spotless-check) @ datafaker ---\n[INFO] Spotless.Java is keeping 673 files clean - 0 needs changes to be clean, 0 were already clean, 673 were skipped because caching determined they were already clean\n[INFO] Spotless.Yaml is keeping 254 files clean - 0 needs changes to be clean, 0 were already clean, 254 were skipped because caching determined they were already clean\n[INFO] \n[INFO] --- jacoco:0.8.12:prepare-agent (default) @ datafaker ---\n[INFO] argLine set to -javaagent:/home/zhangzhe/.m2/repository/org/jacoco/org.jacoco.agent/0.8.12/org.jacoco.agent-0.8.12-runtime.jar=destfile=/home/zhangzhe/fuzzing-repo/targets/datafaker/target/jacoco.exec\n[INFO] \n[INFO] --- resources:3.3.1:resources (default-resources) @ datafaker ---\n[INFO] Copying 340 resources from src/main/resources to target/classes\n[INFO] \n[INFO] --- kotlin:2.0.20:compile (compile) @ datafaker ---\n[INFO] No sources to compile\n[INFO] \n[INFO] --- compiler:3.13.0:compile (compile) @ datafaker ---\n[INFO] Nothing to compile - all classes are up to date.\n[INFO] \n[INFO] --- resources:3.3.1:testResources (default-testResources) @ datafaker ---\n[INFO] Copying 5 resources from src/test/resources to target/test-classes\n[INFO] \n[INFO] --- kotlin:2.0.20:test-compile (test-compile) @ datafaker ---\n[INFO] \n[INFO] --- compiler:3.13.0:testCompile (testCompile) @ datafaker ---\n[INFO] Nothing to compile - all classes are up to date.\n[INFO] \n[INFO] --- surefire:3.5.0:test (default-test) @ datafaker ---\n[INFO] Using auto detected provider org.apache.maven.surefire.junitplatform.JUnitPlatformProvider\n[INFO] \n[INFO] -------------------------------------------------------\n[INFO]  T E S T S\n[INFO] -------------------------------------------------------\n[INFO] Running net.datafaker.transformations.sql.SqlTransformer_generateTest\nMockito is currently self-attaching to enable the inline-mock-maker. This will no longer work in future releases of the JDK. Please add Mockito as an agent to your build what is described in Mockito's documentation: https://javadoc.io/doc/org.mockito/mockito-core/latest/org/mockito/Mockito.html#0.3\nMockito is currently self-attaching to enable the inline-mock-maker. This will no longer work in future releases of the JDK. Please add Mockito as an agent to your build what is described in Mockito's documentation: https://javadoc.io/doc/org.mockito/mockito-core/latest/org/mockito/Mockito.html#0.3\n[ERROR] Tests run: 5, Failures: 1, Errors: 4, Skipped: 0, Time elapsed: 1.745 s <<< FAILURE! -- in net.datafaker.transformations.sql.SqlTransformer_generateTest\n[ERROR] net.datafaker.transformations.sql.SqlTransformer_generateTest.testGenerateWithList -- Time elapsed: 0.075 s <<< ERROR!\njava.lang.Error: \nUnresolved compilation problem: \n\tThe method thenReturn(Field<Object,capture#5-of ?>[]) in the type OngoingStubbing<Field<Object,capture#5-of ?>[]> is not applicable for the arguments (Field<?,?>[])\n\n\tat net.datafaker.transformations.sql.SqlTransformer_generateTest.testGenerateWithList(SqlTransformer_generateTest.java:56)\n\tat java.base/java.lang.reflect.Method.invoke(Method.java:580)\n\tat java.base/java.util.concurrent.ForkJoinTask.doExec(ForkJoinTask.java:387)\n\tat java.base/java.util.concurrent.ForkJoinPool$WorkQueue.topLevelExec(ForkJoinPool.java:1312)\n\tat java.base/java.util.concurrent.ForkJoinPool.scan(ForkJoinPool.java:1843)\n\tat java.base/java.util.concurrent.ForkJoinPool.runWorker(ForkJoinPool.java:1808)\n\tat java.base/java.util.concurrent.ForkJoinWorkerThread.run(ForkJoinWorkerThread.java:188)\n\n[ERROR] net.datafaker.transformations.sql.SqlTransformer_generateTest.testGenerateWithBatchMode -- Time elapsed: 0.074 s <<< ERROR!\njava.lang.Error: \nUnresolved compilation problem: \n\tThe method thenReturn(Field<Object,capture#7-of ?>[]) in the type OngoingStubbing<Field<Object,capture#7-of ?>[]> is not applicable for the arguments (Field<?,?>[])\n\n\tat net.datafaker.transformations.sql.SqlTransformer_generateTest.testGenerateWithBatchMode(SqlTransformer_generateTest.java:68)\n\tat java.base/java.lang.reflect.Method.invoke(Method.java:580)\n\tat java.base/java.util.concurrent.ForkJoinTask.doExec(ForkJoinTask.java:387)\n\tat java.base/java.util.concurrent.ForkJoinPool$WorkQueue.topLevelExec(ForkJoinPool.java:1312)\n\tat java.base/java.util.concurrent.ForkJoinPool.scan(ForkJoinPool.java:1843)\n\tat java.base/java.util.concurrent.ForkJoinPool.runWorker(ForkJoinPool.java:1808)\n\tat java.base/java.util.concurrent.ForkJoinWorkerThread.run(ForkJoinWorkerThread.java:188)\n\n[ERROR] net.datafaker.transformations.sql.SqlTransformer_generateTest.testGenerateWithFakeStream -- Time elapsed: 0.075 s <<< ERROR!\njava.lang.Error: \nUnresolved compilation problem: \n\tThe method thenReturn(Field<Object,capture#3-of ?>[]) in the type OngoingStubbing<Field<Object,capture#3-of ?>[]> is not applicable for the arguments (Field<?,?>[])\n\n\tat net.datafaker.transformations.sql.SqlTransformer_generateTest.testGenerateWithFakeStream(SqlTransformer_generateTest.java:44)\n\tat java.base/java.lang.reflect.Method.invoke(Method.java:580)\n\tat java.base/java.util.concurrent.ForkJoinTask.doExec(ForkJoinTask.java:387)\n\tat java.base/java.util.concurrent.ForkJoinPool$WorkQueue.topLevelExec(ForkJoinPool.java:1312)\n\tat java.base/java.util.concurrent.ForkJoinPool.scan(ForkJoinPool.java:1843)\n\tat java.base/java.util.concurrent.ForkJoinPool.runWorker(ForkJoinPool.java:1808)\n\tat java.base/java.util.concurrent.ForkJoinWorkerThread.run(ForkJoinWorkerThread.java:188)\n\n[ERROR] net.datafaker.transformations.sql.SqlTransformer_generateTest.testGenerateWithEmptySchema -- Time elapsed: 0.075 s <<< ERROR!\njava.lang.Error: \nUnresolved compilation problem: \n\tThe method thenReturn(Field<Object,capture#1-of ?>[]) in the type OngoingStubbing<Field<Object,capture#1-of ?>[]> is not applicable for the arguments (Field<?,?>[])\n\n\tat net.datafaker.transformations.sql.SqlTransformer_generateTest.testGenerateWithEmptySchema(SqlTransformer_generateTest.java:21)\n\tat java.base/java.lang.reflect.Method.invoke(Method.java:580)\n\tat java.base/java.util.concurrent.ForkJoinTask.doExec(ForkJoinTask.java:387)\n\tat java.base/java.util.concurrent.ForkJoinPool$WorkQueue.tryRemoveAndExec(ForkJoinPool.java:1351)\n\tat java.base/java.util.concurrent.ForkJoinTask.awaitDone(ForkJoinTask.java:422)\n\tat java.base/java.util.concurrent.ForkJoinTask.join(ForkJoinTask.java:651)\n\tat java.base/java.util.concurrent.ForkJoinTask.doExec(ForkJoinTask.java:387)\n\tat java.base/java.util.concurrent.ForkJoinPool$WorkQueue.topLevelExec(ForkJoinPool.java:1312)\n\tat java.base/java.util.concurrent.ForkJoinPool.scan(ForkJoinPool.java:1843)\n\tat java.base/java.util.concurrent.ForkJoinPool.runWorker(ForkJoinPool.java:1808)\n\tat java.base/java.util.concurrent.ForkJoinWorkerThread.run(ForkJoinWorkerThread.java:188)\n\n[ERROR] net.datafaker.transformations.sql.SqlTransformer_generateTest.testGenerateWithInfiniteFakeSequence -- Time elapsed: 1.661 s <<< FAILURE!\norg.opentest4j.AssertionFailedError: Unexpected exception type thrown, expected: <java.lang.IllegalArgumentException> but was: <java.lang.NullPointerException>\n\tat org.junit.jupiter.api.AssertionFailureBuilder.build(AssertionFailureBuilder.java:151)\n\tat org.junit.jupiter.api.AssertThrows.assertThrows(AssertThrows.java:67)\n\tat org.junit.jupiter.api.AssertThrows.assertThrows(AssertThrows.java:35)\n\tat org.junit.jupiter.api.Assertions.assertThrows(Assertions.java:3128)\n\tat net.datafaker.transformations.sql.SqlTransformer_generateTest.testGenerateWithInfiniteFakeSequence(SqlTransformer_generateTest.java:33)\n\tat java.base/java.lang.reflect.Method.invoke(Method.java:580)\n\tat java.base/java.util.concurrent.ForkJoinTask.doExec(ForkJoinTask.java:387)\n\tat java.base/java.util.concurrent.ForkJoinPool$WorkQueue.topLevelExec(ForkJoinPool.java:1312)\n\tat java.base/java.util.concurrent.ForkJoinPool.scan(ForkJoinPool.java:1843)\n\tat java.base/java.util.concurrent.ForkJoinPool.runWorker(ForkJoinPool.java:1808)\n\tat java.base/java.util.concurrent.ForkJoinWorkerThread.run(ForkJoinWorkerThread.java:188)\nCaused by: java.lang.NullPointerException: Cannot read the array length because the return value of \"net.datafaker.transformations.Schema.getFields()\" is null\n\tat net.datafaker.transformations.sql.SqlTransformer.generate(SqlTransformer.java:327)\n\tat net.datafaker.transformations.sql.SqlTransformer_generateTest.lambda$0(SqlTransformer_generateTest.java:33)\n\tat org.junit.jupiter.api.AssertThrows.assertThrows(AssertThrows.java:53)\n\t... 9 more\n\n[INFO] \n[INFO] Results:\n[INFO] \n[ERROR] Failures: \n[ERROR]   SqlTransformer_generateTest.testGenerateWithInfiniteFakeSequence:33 Unexpected exception type thrown, expected: <java.lang.IllegalArgumentException> but was: <java.lang.NullPointerException>\n[ERROR] Errors: \n[ERROR]   SqlTransformer_generateTest.testGenerateWithBatchMode:68  Unresolved compilation problem: \n\tThe method thenReturn(Field<Object,capture#7-of ?>[]) in the type OngoingStubbing<Field<Object,capture#7-of ?>[]> is not applicable for the arguments (Field<?,?>[])\n\n[ERROR]   SqlTransformer_generateTest.testGenerateWithEmptySchema:21  Unresolved compilation problem: \n\tThe method thenReturn(Field<Object,capture#1-of ?>[]) in the type OngoingStubbing<Field<Object,capture#1-of ?>[]> is not applicable for the arguments (Field<?,?>[])\n\n[ERROR]   SqlTransformer_generateTest.testGenerateWithFakeStream:44  Unresolved compilation problem: \n\tThe method thenReturn(Field<Object,capture#3-of ?>[]) in the type OngoingStubbing<Field<Object,capture#3-of ?>[]> is not applicable for the arguments (Field<?,?>[])\n\n[ERROR]   SqlTransformer_generateTest.testGenerateWithList:56  Unresolved compilation problem: \n\tThe method thenReturn(Field<Object,capture#5-of ?>[]) in the type OngoingStubbing<Field<Object,capture#5-of ?>[]> is not applicable for the arguments (Field<?,?>[])\n\n[INFO] \n[ERROR] Tests run: 5, Failures: 1, Errors: 4, Skipped: 0\n[INFO] \n[INFO] ------------------------------------------------------------------------\n[INFO] BUILD FAILURE\n[INFO] ------------------------------------------------------------------------\n[INFO] Total time:  10.130 s\n[INFO] Finished at: 2024-10-01T20:44:53+08:00\n[INFO] ------------------------------------------------------------------------\n[ERROR] Failed to execute goal org.apache.maven.plugins:maven-surefire-plugin:3.5.0:test (default-test) on project datafaker: There are test failures.\n[ERROR] \n[ERROR] Please refer to /home/zhangzhe/fuzzing-repo/targets/datafaker/target/surefire-reports for the individual test results.\n[ERROR] Please refer to dump files (if any exist) [date].dump, [date]-jvmRun[N].dump and [date].dumpstream.\n[ERROR] -> [Help 1]\n[ERROR] \n[ERROR] To see the full stack trace of the errors, re-run Maven with the -e switch.\n[ERROR] Re-run Maven using the -X switch to enable full debug logging.\n[ERROR] \n[ERROR] For more information about the errors and possible solutions, please read the following articles:\n[ERROR] [Help 1] http://cwiki.apache.org/confluence/display/MAVEN/MojoFailureException\n"}