{"name": "Margin_disableIsolatedAccountTest", "status": "assertion error", "error": "[INFO] Scanning for projects...\n[INFO] \n[INFO] --------------< io.github.binance:binance-connector-java >--------------\n[INFO] Building io.github.binance:binance-connector-java 3.3.0\n[INFO]   from pom.xml\n[INFO] --------------------------------[ jar ]---------------------------------\n[INFO] \n[INFO] --- checkstyle:3.1.2:checkstyle (validate) @ binance-connector-java ---\n[INFO] \n[INFO] --- jacoco:0.8.7:prepare-agent (default-prepare-agent) @ binance-connector-java ---\n[INFO] argLine set to -javaagent:/home/zhangzhe/.m2/repository/org/jacoco/org.jacoco.agent/0.8.7/org.jacoco.agent-0.8.7-runtime.jar=destfile=/home/zhangzhe/fuzzing-repo/targets/binance-connector-java-5/target/jacoco.exec\n[INFO] \n[INFO] --- resources:3.3.1:resources (default-resources) @ binance-connector-java ---\n[WARNING] Using platform encoding (UTF-8 actually) to copy filtered resources, i.e. build is platform dependent!\n[INFO] Copying 1 resource from src/main/resources to target/classes\n[INFO] \n[INFO] --- compiler:3.11.0:compile (default-compile) @ binance-connector-java ---\n[INFO] Nothing to compile - all classes are up to date\n[INFO] \n[INFO] --- resources:3.3.1:testResources (default-testResources) @ binance-connector-java ---\n[WARNING] Using platform encoding (UTF-8 actually) to copy filtered resources, i.e. build is platform dependent!\n[INFO] skip non existing resourceDirectory /home/zhangzhe/fuzzing-repo/targets/binance-connector-java-5/src/test/resources\n[INFO] \n[INFO] --- compiler:3.11.0:testCompile (default-testCompile) @ binance-connector-java ---\n[INFO] Changes detected - recompiling the module! :source\n[WARNING] File encoding has not been set, using platform encoding UTF-8, i.e. build is platform dependent!\n[INFO] Compiling 801 source files with javac [debug target 8] to target/test-classes\n[WARNING] \u672a\u4e0e -source 8 \u4e00\u8d77\u8bbe\u7f6e\u5f15\u5bfc\u7c7b\u8def\u5f84\n[WARNING] \u6e90\u503c 8 \u5df2\u8fc7\u65f6\uff0c\u5c06\u5728\u672a\u6765\u53d1\u884c\u7248\u4e2d\u5220\u9664\n[WARNING] \u76ee\u6807\u503c 8 \u5df2\u8fc7\u65f6\uff0c\u5c06\u5728\u672a\u6765\u53d1\u884c\u7248\u4e2d\u5220\u9664\n[WARNING] \u8981\u9690\u85cf\u6709\u5173\u5df2\u8fc7\u65f6\u9009\u9879\u7684\u8b66\u544a, \u8bf7\u4f7f\u7528 -Xlint:-options\u3002\n[INFO] /home/zhangzhe/fuzzing-repo/targets/binance-connector-java-5/src/test/java/unit/TestUrlBuilder.java: /home/zhangzhe/fuzzing-repo/targets/binance-connector-java-5/src/test/java/unit/TestUrlBuilder.java\u4f7f\u7528\u6216\u8986\u76d6\u4e86\u5df2\u8fc7\u65f6\u7684 API\u3002\n[INFO] /home/zhangzhe/fuzzing-repo/targets/binance-connector-java-5/src/test/java/unit/TestUrlBuilder.java: \u6709\u5173\u8be6\u7ec6\u4fe1\u606f, \u8bf7\u4f7f\u7528 -Xlint:deprecation \u91cd\u65b0\u7f16\u8bd1\u3002\n[INFO] \n[INFO] --- surefire:3.2.2:test (default-test) @ binance-connector-java ---\n[INFO] Using auto detected provider org.apache.maven.surefire.junit4.JUnit4Provider\n[INFO] \n[INFO] -------------------------------------------------------\n[INFO]  T E S T S\n[INFO] -------------------------------------------------------\n[INFO] Running com.binance.connector.client.impl.spot.Margin_disableIsolatedAccountTest\n[ERROR] Tests run: 2, Failures: 1, Errors: 0, Skipped: 0, Time elapsed: 0.771 s <<< FAILURE! -- in com.binance.connector.client.impl.spot.Margin_disableIsolatedAccountTest\n[ERROR] com.binance.connector.client.impl.spot.Margin_disableIsolatedAccountTest.testDisableIsolatedAccountSuccess -- Time elapsed: 0.704 s <<< FAILURE!\norg.junit.ComparisonFailure: expected:<{\"[key_1\": \"value_1\", \"key_2\": \"value_2]\"}> but was:<{\"[data\":\"{\\\"key_1\\\": \\\"value_1\\\", \\\"key_2\\\": \\\"value_2\\\"}]\"}>\n\tat org.junit.Assert.assertEquals(Assert.java:117)\n\tat org.junit.Assert.assertEquals(Assert.java:146)\n\tat com.binance.connector.client.impl.spot.Margin_disableIsolatedAccountTest.testDisableIsolatedAccountSuccess(Margin_disableIsolatedAccountTest.java:41)\n\tat java.base/jdk.internal.reflect.DirectMethodHandleAccessor.invoke(DirectMethodHandleAccessor.java:103)\n\tat java.base/java.lang.reflect.Method.invoke(Method.java:580)\n\tat org.junit.runners.model.FrameworkMethod$1.runReflectiveCall(FrameworkMethod.java:59)\n\tat org.junit.internal.runners.model.ReflectiveCallable.run(ReflectiveCallable.java:12)\n\tat org.junit.runners.model.FrameworkMethod.invokeExplosively(FrameworkMethod.java:56)\n\tat org.junit.internal.runners.statements.InvokeMethod.evaluate(InvokeMethod.java:17)\n\tat org.junit.internal.runners.statements.RunBefores.evaluate(RunBefores.java:26)\n\tat org.junit.runners.ParentRunner$3.evaluate(ParentRunner.java:306)\n\tat org.junit.runners.BlockJUnit4ClassRunner$1.evaluate(BlockJUnit4ClassRunner.java:100)\n\tat org.junit.runners.ParentRunner.runLeaf(ParentRunner.java:366)\n\tat org.junit.runners.BlockJUnit4ClassRunner.runChild(BlockJUnit4ClassRunner.java:103)\n\tat org.junit.runners.BlockJUnit4ClassRunner.runChild(BlockJUnit4ClassRunner.java:63)\n\tat org.junit.runners.ParentRunner$4.run(ParentRunner.java:331)\n\tat org.junit.runners.ParentRunner$1.schedule(ParentRunner.java:79)\n\tat org.junit.runners.ParentRunner.runChildren(ParentRunner.java:329)\n\tat org.junit.runners.ParentRunner.access$100(ParentRunner.java:66)\n\tat org.junit.runners.ParentRunner$2.evaluate(ParentRunner.java:293)\n\tat org.junit.runners.ParentRunner$3.evaluate(ParentRunner.java:306)\n\tat org.junit.runners.ParentRunner.run(ParentRunner.java:413)\n\tat org.apache.maven.surefire.junit4.JUnit4Provider.execute(JUnit4Provider.java:316)\n\tat org.apache.maven.surefire.junit4.JUnit4Provider.executeWithRerun(JUnit4Provider.java:240)\n\tat org.apache.maven.surefire.junit4.JUnit4Provider.executeTestSet(JUnit4Provider.java:214)\n\tat org.apache.maven.surefire.junit4.JUnit4Provider.invoke(JUnit4Provider.java:155)\n\tat org.apache.maven.surefire.booter.ForkedBooter.runSuitesInProcess(ForkedBooter.java:385)\n\tat org.apache.maven.surefire.booter.ForkedBooter.execute(ForkedBooter.java:162)\n\tat org.apache.maven.surefire.booter.ForkedBooter.run(ForkedBooter.java:507)\n\tat org.apache.maven.surefire.booter.ForkedBooter.main(ForkedBooter.java:495)\n\n[INFO] \n[INFO] Results:\n[INFO] \n[ERROR] Failures: \n[ERROR]   Margin_disableIsolatedAccountTest.testDisableIsolatedAccountSuccess:41 expected:<{\"[key_1\": \"value_1\", \"key_2\": \"value_2]\"}> but was:<{\"[data\":\"{\\\"key_1\\\": \\\"value_1\\\", \\\"key_2\\\": \\\"value_2\\\"}]\"}>\n[INFO] \n[ERROR] Tests run: 2, Failures: 1, Errors: 0, Skipped: 0\n[INFO] \n[INFO] ------------------------------------------------------------------------\n[INFO] BUILD FAILURE\n[INFO] ------------------------------------------------------------------------\n[INFO] Total time:  6.563 s\n[INFO] Finished at: 2024-10-01T23:11:22+08:00\n[INFO] ------------------------------------------------------------------------\n[ERROR] Failed to execute goal org.apache.maven.plugins:maven-surefire-plugin:3.2.2:test (default-test) on project binance-connector-java: There are test failures.\n[ERROR] \n[ERROR] Please refer to /home/zhangzhe/fuzzing-repo/targets/binance-connector-java-5/target/surefire-reports for the individual test results.\n[ERROR] Please refer to dump files (if any exist) [date].dump, [date]-jvmRun[N].dump and [date].dumpstream.\n[ERROR] -> [Help 1]\n[ERROR] \n[ERROR] To see the full stack trace of the errors, re-run Maven with the -e switch.\n[ERROR] Re-run Maven using the -X switch to enable full debug logging.\n[ERROR] \n[ERROR] For more information about the errors and possible solutions, please read the following articles:\n[ERROR] [Help 1] http://cwiki.apache.org/confluence/display/MAVEN/MojoFailureException\n"}