{"file_path": "src/test/java/org/ice4j/attribute/ErrorCodeAttribute_getDefaultReasonPhraseTest.java", "testclass_name": "ErrorCodeAttribute_getDefaultReasonPhraseTest", "dependencies": ["package org.ice4j.attribute;", "import org.junit.jupiter.api.BeforeEach;", "import org.junit.jupiter.api.Test;", "import static org.junit.jupiter.api.Assertions.*;"], "name": "ErrorCodeAttribute_getDefaultReasonPhraseTest", "description": "Unit tests for the getDefaultReasonPhrase method of the ErrorCodeAttribute class.", "class_members": {"variables": [{"name": "errorCodeAttribute", "type": "ErrorCodeAttribute"}]}, "fixtures": ["setUp"], "test_cases": [{"name": "testGetDefaultReasonPhraseTryAlternate", "primary_tested": ["ErrorCodeAttribute.getDefaultReasonPhrase(char)"], "external_dependencies": {"modules": ["ErrorCodeAttribute"], "class_members": [{"name": "errorCodeAttribute", "type": "variable"}]}, "category": "unit", "fixtures_used": ["setUp"], "description": "Tests the getDefaultReasonPhrase method for the TRY_ALTERNATE error code."}, {"name": "testGetDefaultReasonPhraseBadRequest", "primary_tested": ["ErrorCodeAttribute.getDefaultReasonPhrase(char)"], "external_dependencies": {"modules": ["ErrorCodeAttribute"], "class_members": [{"name": "errorCodeAttribute", "type": "variable"}]}, "category": "unit", "fixtures_used": ["setUp"], "description": "Tests the getDefaultReasonPhrase method for the BAD_REQUEST error code."}, {"name": "testGetDefaultReasonPhraseUnauthorized", "primary_tested": ["ErrorCodeAttribute.getDefaultReasonPhrase(char)"], "external_dependencies": {"modules": ["ErrorCodeAttribute"], "class_members": [{"name": "errorCodeAttribute", "type": "variable"}]}, "category": "unit", "fixtures_used": ["setUp"], "description": "Tests the getDefaultReasonPhrase method for the UNAUTHORIZED error code."}, {"name": "testGetDefaultReasonPhraseForbidden", "primary_tested": ["ErrorCodeAttribute.getDefaultReasonPhrase(char)"], "external_dependencies": {"modules": ["ErrorCodeAttribute"], "class_members": [{"name": "errorCodeAttribute", "type": "variable"}]}, "category": "unit", "fixtures_used": ["setUp"], "description": "Tests the getDefaultReasonPhrase method for the FORBIDDEN error code."}, {"name": "testGetDefaultReasonPhraseUnknownAttribute", "primary_tested": ["ErrorCodeAttribute.getDefaultReasonPhrase(char)"], "external_dependencies": {"modules": ["ErrorCodeAttribute"], "class_members": [{"name": "errorCodeAttribute", "type": "variable"}]}, "category": "unit", "fixtures_used": ["setUp"], "description": "Tests the getDefaultReasonPhrase method for the UNKNOWN_ATTRIBUTE error code."}, {"name": "testGetDefaultReasonPhraseStaleCredentials", "primary_tested": ["ErrorCodeAttribute.getDefaultReasonPhrase(char)"], "external_dependencies": {"modules": ["ErrorCodeAttribute"], "class_members": [{"name": "errorCodeAttribute", "type": "variable"}]}, "category": "unit", "fixtures_used": ["setUp"], "description": "Tests the getDefaultReasonPhrase method for the STALE_CREDENTIALS error code."}, {"name": "testGetDefaultReasonPhraseIntegrityCheckFailure", "primary_tested": ["ErrorCodeAttribute.getDefaultReasonPhrase(char)"], "external_dependencies": {"modules": ["ErrorCodeAttribute"], "class_members": [{"name": "errorCodeAttribute", "type": "variable"}]}, "category": "unit", "fixtures_used": ["setUp"], "description": "Tests the getDefaultReasonPhrase method for the INTEGRITY_CHECK_FAILURE error code."}, {"name": "testGetDefaultReasonPhraseMissingUsername", "primary_tested": ["ErrorCodeAttribute.getDefaultReasonPhrase(char)"], "external_dependencies": {"modules": ["ErrorCodeAttribute"], "class_members": [{"name": "errorCodeAttribute", "type": "variable"}]}, "category": "unit", "fixtures_used": ["setUp"], "description": "Tests the getDefaultReasonPhrase method for the MISSING_USERNAME error code."}, {"name": "testGetDefaultReasonPhraseUseTLS", "primary_tested": ["ErrorCodeAttribute.getDefaultReasonPhrase(char)"], "external_dependencies": {"modules": ["ErrorCodeAttribute"], "class_members": [{"name": "errorCodeAttribute", "type": "variable"}]}, "category": "unit", "fixtures_used": ["setUp"], "description": "Tests the getDefaultReasonPhrase method for the USE_TLS error code."}, {"name": "testGetDefaultReasonPhraseAllocationMismatch", "primary_tested": ["ErrorCodeAttribute.getDefaultReasonPhrase(char)"], "external_dependencies": {"modules": ["ErrorCodeAttribute"], "class_members": [{"name": "errorCodeAttribute", "type": "variable"}]}, "category": "unit", "fixtures_used": ["setUp"], "description": "Tests the getDefaultReasonPhrase method for the ALLOCATION_MISMATCH error code."}, {"name": "testGetDefaultReasonPhraseStaleNonce", "primary_tested": ["ErrorCodeAttribute.getDefaultReasonPhrase(char)"], "external_dependencies": {"modules": ["ErrorCodeAttribute"], "class_members": [{"name": "errorCodeAttribute", "type": "variable"}]}, "category": "unit", "fixtures_used": ["setUp"], "description": "Tests the getDefaultReasonPhrase method for the STALE_NONCE error code."}, {"name": "testGetDefaultReasonPhraseAddressFamilyNotSupported", "primary_tested": ["ErrorCodeAttribute.getDefaultReasonPhrase(char)"], "external_dependencies": {"modules": ["ErrorCodeAttribute"], "class_members": [{"name": "errorCodeAttribute", "type": "variable"}]}, "category": "unit", "fixtures_used": ["setUp"], "description": "Tests the getDefaultReasonPhrase method for the ADDRESS_FAMILY_NOT_SUPPORTED error code."}, {"name": "testGetDefaultReasonPhraseWrongCredentials", "primary_tested": ["ErrorCodeAttribute.getDefaultReasonPhrase(char)"], "external_dependencies": {"modules": ["ErrorCodeAttribute"], "class_members": [{"name": "errorCodeAttribute", "type": "variable"}]}, "category": "unit", "fixtures_used": ["setUp"], "description": "Tests the getDefaultReasonPhrase method for the WRONG_CREDENTIALS error code."}, {"name": "testGetDefaultReasonPhraseUnsupportedTransportProtocol", "primary_tested": ["ErrorCodeAttribute.getDefaultReasonPhrase(char)"], "external_dependencies": {"modules": ["ErrorCodeAttribute"], "class_members": [{"name": "errorCodeAttribute", "type": "variable"}]}, "category": "unit", "fixtures_used": ["setUp"], "description": "Tests the getDefaultReasonPhrase method for the UNSUPPORTED_TRANSPORT_PROTOCOL error code."}, {"name": "testGetDefaultReasonPhrasePeerAddressFamilyMismatch", "primary_tested": ["ErrorCodeAttribute.getDefaultReasonPhrase(char)"], "external_dependencies": {"modules": ["ErrorCodeAttribute"], "class_members": [{"name": "errorCodeAttribute", "type": "variable"}]}, "category": "unit", "fixtures_used": ["setUp"], "description": "Tests the getDefaultReasonPhrase method for the PEER_ADDRESS_FAMILY_MISMATCH error code."}, {"name": "testGetDefaultReasonPhraseConnectionAlreadyExists", "primary_tested": ["ErrorCodeAttribute.getDefaultReasonPhrase(char)"], "external_dependencies": {"modules": ["ErrorCodeAttribute"], "class_members": [{"name": "errorCodeAttribute", "type": "variable"}]}, "category": "unit", "fixtures_used": ["setUp"], "description": "Tests the getDefaultReasonPhrase method for the CONNECTION_ALREADY_EXISTS error code."}, {"name": "testGetDefaultReasonPhraseConnectionTimeoutOrFailure", "primary_tested": ["ErrorCodeAttribute.getDefaultReasonPhrase(char)"], "external_dependencies": {"modules": ["ErrorCodeAttribute"], "class_members": [{"name": "errorCodeAttribute", "type": "variable"}]}, "category": "unit", "fixtures_used": ["setUp"], "description": "Tests the getDefaultReasonPhrase method for the CONNECTION_TIMEOUT_OR_FAILURE error code."}, {"name": "testGetDefaultReasonPhraseAllocationQuotaReached", "primary_tested": ["ErrorCodeAttribute.getDefaultReasonPhrase(char)"], "external_dependencies": {"modules": ["ErrorCodeAttribute"], "class_members": [{"name": "errorCodeAttribute", "type": "variable"}]}, "category": "unit", "fixtures_used": ["setUp"], "description": "Tests the getDefaultReasonPhrase method for the ALLOCATION_QUOTA_REACHED error code."}, {"name": "testGetDefaultReasonPhraseServerError", "primary_tested": ["ErrorCodeAttribute.getDefaultReasonPhrase(char)"], "external_dependencies": {"modules": ["ErrorCodeAttribute"], "class_members": [{"name": "errorCodeAttribute", "type": "variable"}]}, "category": "unit", "fixtures_used": ["setUp"], "description": "Tests the getDefaultReasonPhrase method for the SERVER_ERROR error code."}, {"name": "testGetDefaultReasonPhraseInsufficientCapacity", "primary_tested": ["ErrorCodeAttribute.getDefaultReasonPhrase(char)"], "external_dependencies": {"modules": ["ErrorCodeAttribute"], "class_members": [{"name": "errorCodeAttribute", "type": "variable"}]}, "category": "unit", "fixtures_used": ["setUp"], "description": "Tests the getDefaultReasonPhrase method for the INSUFFICIENT_CAPACITY error code."}, {"name": "testGetDefaultReasonPhraseGlobalFailure", "primary_tested": ["ErrorCodeAttribute.getDefaultReasonPhrase(char)"], "external_dependencies": {"modules": ["ErrorCodeAttribute"], "class_members": [{"name": "errorCodeAttribute", "type": "variable"}]}, "category": "unit", "fixtures_used": ["setUp"], "description": "Tests the getDefaultReasonPhrase method for the GLOBAL_FAILURE error code."}, {"name": "testGetDefaultReasonPhraseUnknownError", "primary_tested": ["ErrorCodeAttribute.getDefaultReasonPhrase(char)"], "external_dependencies": {"modules": ["ErrorCodeAttribute"], "class_members": [{"name": "errorCodeAttribute", "type": "variable"}]}, "category": "unit", "fixtures_used": ["setUp"], "description": "Tests the getDefaultReasonPhrase method for an unknown error code."}]}