{"name": "FromBuilder_orderTest", "status": "compile error", "error": "[INFO] Scanning for projects...\n[INFO] \n[INFO] ------------------------< net.hydromatic:morel >------------------------\n[INFO] Building morel 0.5.0-SNAPSHOT\n[INFO]   from pom.xml\n[INFO] --------------------------------[ jar ]---------------------------------\n[INFO] \n[INFO] --- checkstyle:3.3.1:check (validate) @ morel ---\n[INFO] \n[INFO] --- enforcer:3.4.1:enforce (enforce-java) @ morel ---\n[INFO] Rule 0: org.apache.maven.enforcer.rules.version.RequireJavaVersion passed\n[INFO] \n[INFO] --- enforcer:3.4.1:enforce (enforce-maven) @ morel ---\n[INFO] Rule 0: org.apache.maven.enforcer.rules.version.RequireMavenVersion passed\n[INFO] \n[INFO] --- jacoco:0.8.12:prepare-agent (default) @ morel ---\n[INFO] argLine set to -javaagent:/home/zhangzhe/.m2/repository/org/jacoco/org.jacoco.agent/0.8.12/org.jacoco.agent-0.8.12-runtime.jar=destfile=/home/zhangzhe/fuzzing-repo/targets/java/morel/target/jacoco.exec,excludes=**/demo/**\n[INFO] \n[INFO] --- git-commit-id:4.9.10:revision (default) @ morel ---\n[INFO] \n[INFO] --- javacc:3.0.3:javacc (javacc) @ morel ---\n[INFO] Skipping - all parsers are up to date\n[INFO] \n[INFO] --- build-helper:3.5.0:add-resource (add-resource) @ morel ---\n[INFO] \n[INFO] --- build-helper:3.5.0:add-test-resource (add-resource) @ morel ---\n[INFO] \n[INFO] --- resources:3.3.1:resources (default-resources) @ morel ---\n[INFO] skip non existing resourceDirectory /home/zhangzhe/fuzzing-repo/targets/java/morel/src/main/resources\n[INFO] Copying 2 resources from  to target/classes/META-INF\n[INFO] Copying 1 resource from target to target/classes/META-INF\n[INFO] \n[INFO] --- compiler:3.12.1:compile (default-compile) @ morel ---\n[INFO] Nothing to compile - all classes are up to date.\n[INFO] \n[INFO] --- resources:3.3.1:testResources (default-testResources) @ morel ---\n[INFO] Copying 37 resources from src/test/resources to target/test-classes\n[INFO] Copying 2 resources from  to target/test-classes/META-INF\n[INFO] Copying 1 resource from target to target/test-classes/META-INF\n[INFO] \n[INFO] --- compiler:3.12.1:testCompile (default-testCompile) @ morel ---\n[INFO] Recompiling the module because of changed source code.\n[INFO] Compiling 27 source files with javac [debug target 8] to target/test-classes\n[INFO] /home/zhangzhe/fuzzing-repo/targets/java/morel/src/test/java/net/hydromatic/morel/UtilTest.java: \u67d0\u4e9b\u8f93\u5165\u6587\u4ef6\u4f7f\u7528\u4e86\u672a\u7ecf\u68c0\u67e5\u6216\u4e0d\u5b89\u5168\u7684\u64cd\u4f5c\u3002\n[INFO] /home/zhangzhe/fuzzing-repo/targets/java/morel/src/test/java/net/hydromatic/morel/UtilTest.java: \u6709\u5173\u8be6\u7ec6\u4fe1\u606f, \u8bf7\u4f7f\u7528 -Xlint:unchecked \u91cd\u65b0\u7f16\u8bd1\u3002\n[INFO] -------------------------------------------------------------\n[WARNING] COMPILATION WARNING : \n[INFO] -------------------------------------------------------------\n[WARNING] \u672a\u4e0e -source 8 \u4e00\u8d77\u8bbe\u7f6e\u5f15\u5bfc\u7c7b\u8def\u5f84\n[WARNING] \u6e90\u503c 8 \u5df2\u8fc7\u65f6\uff0c\u5c06\u5728\u672a\u6765\u53d1\u884c\u7248\u4e2d\u5220\u9664\n[WARNING] \u76ee\u6807\u503c 8 \u5df2\u8fc7\u65f6\uff0c\u5c06\u5728\u672a\u6765\u53d1\u884c\u7248\u4e2d\u5220\u9664\n[WARNING] \u8981\u9690\u85cf\u6709\u5173\u5df2\u8fc7\u65f6\u9009\u9879\u7684\u8b66\u544a, \u8bf7\u4f7f\u7528 -Xlint:-options\u3002\n[INFO] 4 warnings \n[INFO] -------------------------------------------------------------\n[INFO] -------------------------------------------------------------\n[ERROR] COMPILATION ERROR : \n[INFO] -------------------------------------------------------------\n[ERROR] /home/zhangzhe/fuzzing-repo/targets/java/morel/src/test/java/net/hydromatic/morel/ast/FromBuilder_orderTest.java:[21,27] net.hydromatic.morel.compile.Environment\u662f\u62bd\u8c61\u7684; \u65e0\u6cd5\u5b9e\u4f8b\u5316\n[ERROR] /home/zhangzhe/fuzzing-repo/targets/java/morel/src/test/java/net/hydromatic/morel/ast/FromBuilder_orderTest.java:[40,72] \u65e0\u6cd5\u5c06\u7c7b net.hydromatic.morel.ast.Core.OrderItem\u4e2d\u7684\u6784\u9020\u5668 OrderItem\u5e94\u7528\u5230\u7ed9\u5b9a\u7c7b\u578b;\n  \u9700\u8981: net.hydromatic.morel.ast.Core.Exp,net.hydromatic.morel.ast.Ast.Direction\n  \u627e\u5230:    \u6ca1\u6709\u53c2\u6570\n  \u539f\u56e0: \u5b9e\u9645\u53c2\u6570\u5217\u8868\u548c\u5f62\u5f0f\u53c2\u6570\u5217\u8868\u957f\u5ea6\u4e0d\u540c\n[INFO] 2 errors \n[INFO] -------------------------------------------------------------\n[INFO] ------------------------------------------------------------------------\n[INFO] BUILD FAILURE\n[INFO] ------------------------------------------------------------------------\n[INFO] Total time:  5.979 s\n[INFO] Finished at: 2024-10-01T00:24:59+08:00\n[INFO] ------------------------------------------------------------------------\n[ERROR] Failed to execute goal org.apache.maven.plugins:maven-compiler-plugin:3.12.1:testCompile (default-testCompile) on project morel: Compilation failure: Compilation failure: \n[ERROR] /home/zhangzhe/fuzzing-repo/targets/java/morel/src/test/java/net/hydromatic/morel/ast/FromBuilder_orderTest.java:[21,27] net.hydromatic.morel.compile.Environment\u662f\u62bd\u8c61\u7684; \u65e0\u6cd5\u5b9e\u4f8b\u5316\n[ERROR] /home/zhangzhe/fuzzing-repo/targets/java/morel/src/test/java/net/hydromatic/morel/ast/FromBuilder_orderTest.java:[40,72] \u65e0\u6cd5\u5c06\u7c7b net.hydromatic.morel.ast.Core.OrderItem\u4e2d\u7684\u6784\u9020\u5668 OrderItem\u5e94\u7528\u5230\u7ed9\u5b9a\u7c7b\u578b;\n[ERROR]   \u9700\u8981: net.hydromatic.morel.ast.Core.Exp,net.hydromatic.morel.ast.Ast.Direction\n[ERROR]   \u627e\u5230:    \u6ca1\u6709\u53c2\u6570\n[ERROR]   \u539f\u56e0: \u5b9e\u9645\u53c2\u6570\u5217\u8868\u548c\u5f62\u5f0f\u53c2\u6570\u5217\u8868\u957f\u5ea6\u4e0d\u540c\n[ERROR] -> [Help 1]\n[ERROR] \n[ERROR] To see the full stack trace of the errors, re-run Maven with the -e switch.\n[ERROR] Re-run Maven using the -X switch to enable full debug logging.\n[ERROR] \n[ERROR] For more information about the errors and possible solutions, please read the following articles:\n[ERROR] [Help 1] http://cwiki.apache.org/confluence/display/MAVEN/MojoFailureException\n"}