{"name": "Main_runTest", "status": "compile error", "error": "[INFO] Scanning for projects...\n[INFO] \n[INFO] ------------------------< net.hydromatic:morel >------------------------\n[INFO] Building morel 0.5.0-SNAPSHOT\n[INFO]   from pom.xml\n[INFO] --------------------------------[ jar ]---------------------------------\n[INFO] \n[INFO] --- checkstyle:3.3.1:check (validate) @ morel ---\n[INFO] \n[INFO] --- enforcer:3.4.1:enforce (enforce-java) @ morel ---\n[INFO] Rule 0: org.apache.maven.enforcer.rules.version.RequireJavaVersion passed\n[INFO] \n[INFO] --- enforcer:3.4.1:enforce (enforce-maven) @ morel ---\n[INFO] Rule 0: org.apache.maven.enforcer.rules.version.RequireMavenVersion passed\n[INFO] \n[INFO] --- jacoco:0.8.12:prepare-agent (default) @ morel ---\n[INFO] argLine set to -javaagent:/home/zhangzhe/.m2/repository/org/jacoco/org.jacoco.agent/0.8.12/org.jacoco.agent-0.8.12-runtime.jar=destfile=/home/zhangzhe/fuzzing-repo/targets/java/morel/target/jacoco.exec,excludes=**/demo/**\n[INFO] \n[INFO] --- git-commit-id:4.9.10:revision (default) @ morel ---\n[INFO] \n[INFO] --- javacc:3.0.3:javacc (javacc) @ morel ---\n[INFO] Skipping - all parsers are up to date\n[INFO] \n[INFO] --- build-helper:3.5.0:add-resource (add-resource) @ morel ---\n[INFO] \n[INFO] --- build-helper:3.5.0:add-test-resource (add-resource) @ morel ---\n[INFO] \n[INFO] --- resources:3.3.1:resources (default-resources) @ morel ---\n[INFO] skip non existing resourceDirectory /home/zhangzhe/fuzzing-repo/targets/java/morel/src/main/resources\n[INFO] Copying 2 resources from  to target/classes/META-INF\n[INFO] Copying 1 resource from target to target/classes/META-INF\n[INFO] \n[INFO] --- compiler:3.12.1:compile (default-compile) @ morel ---\n[INFO] Nothing to compile - all classes are up to date.\n[INFO] \n[INFO] --- resources:3.3.1:testResources (default-testResources) @ morel ---\n[INFO] Copying 37 resources from src/test/resources to target/test-classes\n[INFO] Copying 2 resources from  to target/test-classes/META-INF\n[INFO] Copying 1 resource from target to target/test-classes/META-INF\n[INFO] \n[INFO] --- compiler:3.12.1:testCompile (default-testCompile) @ morel ---\n[INFO] Nothing to compile - all classes are up to date.\n[INFO] \n[INFO] --- surefire:3.2.3:test (default-test) @ morel ---\n[INFO] Using auto detected provider org.apache.maven.surefire.junitplatform.JUnitPlatformProvider\n[INFO] \n[INFO] -------------------------------------------------------\n[INFO]  T E S T S\n[INFO] -------------------------------------------------------\n[INFO] Running net.hydromatic.morel.Main_runTest\n[ERROR] Tests run: 1, Failures: 0, Errors: 1, Skipped: 0, Time elapsed: 0.061 s <<< FAILURE! -- in net.hydromatic.morel.Main_runTest\n[ERROR] net.hydromatic.morel.Main_runTest.testRun -- Time elapsed: 0.024 s <<< ERROR!\njava.lang.Error: \nUnresolved compilation problems: \n\tThe constructor Main(null, BufferedReader, PrintWriter, Map<String,Object>, null, boolean) is undefined\n\tThe method getSession() of type new Main(){} must override or implement a supertype method\n\n\tat net.hydromatic.morel.Main_runTest.setUp(Main_runTest.java:33)\n\tat java.base/java.lang.reflect.Method.invoke(Method.java:580)\n\tat java.base/java.util.concurrent.RecursiveAction.exec(RecursiveAction.java:194)\n\tat java.base/java.util.concurrent.ForkJoinTask.doExec(ForkJoinTask.java:387)\n\tat java.base/java.util.concurrent.ForkJoinPool$WorkQueue.topLevelExec(ForkJoinPool.java:1312)\n\tat java.base/java.util.concurrent.ForkJoinPool.scan(ForkJoinPool.java:1843)\n\tat java.base/java.util.concurrent.ForkJoinPool.runWorker(ForkJoinPool.java:1808)\n\tat java.base/java.util.concurrent.ForkJoinWorkerThread.run(ForkJoinWorkerThread.java:188)\n\n[INFO] \n[INFO] Results:\n[INFO] \n[ERROR] Errors: \n[ERROR]   Main_runTest.setUp:33  Unresolved compilation problems: \n\tThe constructor Main(null, BufferedReader, PrintWriter, Map<String,Object>, null, boolean) is undefined\n\tThe method getSession() of type new Main(){} must override or implement a supertype method\n\n[INFO] \n[ERROR] Tests run: 1, Failures: 0, Errors: 1, Skipped: 0\n[INFO] \n[INFO] ------------------------------------------------------------------------\n[INFO] BUILD FAILURE\n[INFO] ------------------------------------------------------------------------\n[INFO] Total time:  4.607 s\n[INFO] Finished at: 2024-09-30T22:46:30+08:00\n[INFO] ------------------------------------------------------------------------\n[ERROR] Failed to execute goal org.apache.maven.plugins:maven-surefire-plugin:3.2.3:test (default-test) on project morel: \n[ERROR] \n[ERROR] Please refer to /home/zhangzhe/fuzzing-repo/targets/java/morel/target/surefire-reports for the individual test results.\n[ERROR] Please refer to dump files (if any exist) [date].dump, [date]-jvmRun[N].dump and [date].dumpstream.\n[ERROR] -> [Help 1]\n[ERROR] \n[ERROR] To see the full stack trace of the errors, re-run Maven with the -e switch.\n[ERROR] Re-run Maven using the -X switch to enable full debug logging.\n[ERROR] \n[ERROR] For more information about the errors and possible solutions, please read the following articles:\n[ERROR] [Help 1] http://cwiki.apache.org/confluence/display/MAVEN/MojoFailureException\n"}