{"name": "Main_runTest", "status": "compile error", "error": "[INFO] Scanning for projects...\n[INFO] \n[INFO] ------------------------< net.hydromatic:morel >------------------------\n[INFO] Building morel 0.5.0-SNAPSHOT\n[INFO]   from pom.xml\n[INFO] --------------------------------[ jar ]---------------------------------\n[INFO] \n[INFO] --- checkstyle:3.3.1:check (validate) @ morel ---\n[INFO] \n[INFO] --- enforcer:3.4.1:enforce (enforce-java) @ morel ---\n[INFO] Rule 0: org.apache.maven.enforcer.rules.version.RequireJavaVersion passed\n[INFO] \n[INFO] --- enforcer:3.4.1:enforce (enforce-maven) @ morel ---\n[INFO] Rule 0: org.apache.maven.enforcer.rules.version.RequireMavenVersion passed\n[INFO] \n[INFO] --- jacoco:0.8.12:prepare-agent (default) @ morel ---\n[INFO] argLine set to -javaagent:/home/zhangzhe/.m2/repository/org/jacoco/org.jacoco.agent/0.8.12/org.jacoco.agent-0.8.12-runtime.jar=destfile=/home/zhangzhe/fuzzing-repo/targets/java/morel/target/jacoco.exec,excludes=**/demo/**\n[INFO] \n[INFO] --- git-commit-id:4.9.10:revision (default) @ morel ---\n[INFO] \n[INFO] --- javacc:3.0.3:javacc (javacc) @ morel ---\n[INFO] Skipping - all parsers are up to date\n[INFO] \n[INFO] --- build-helper:3.5.0:add-resource (add-resource) @ morel ---\n[INFO] \n[INFO] --- build-helper:3.5.0:add-test-resource (add-resource) @ morel ---\n[INFO] \n[INFO] --- resources:3.3.1:resources (default-resources) @ morel ---\n[INFO] skip non existing resourceDirectory /home/zhangzhe/fuzzing-repo/targets/java/morel/src/main/resources\n[INFO] Copying 2 resources from  to target/classes/META-INF\n[INFO] Copying 1 resource from target to target/classes/META-INF\n[INFO] \n[INFO] --- compiler:3.12.1:compile (default-compile) @ morel ---\n[INFO] Recompiling the module because of changed source code.\n[INFO] Compiling 126 source files with javac [debug target 8] to target/classes\n[WARNING] \u672a\u4e0e -source 8 \u4e00\u8d77\u8bbe\u7f6e\u5f15\u5bfc\u7c7b\u8def\u5f84\n[WARNING] \u6e90\u503c 8 \u5df2\u8fc7\u65f6\uff0c\u5c06\u5728\u672a\u6765\u53d1\u884c\u7248\u4e2d\u5220\u9664\n[WARNING] \u76ee\u6807\u503c 8 \u5df2\u8fc7\u65f6\uff0c\u5c06\u5728\u672a\u6765\u53d1\u884c\u7248\u4e2d\u5220\u9664\n[WARNING] \u8981\u9690\u85cf\u6709\u5173\u5df2\u8fc7\u65f6\u9009\u9879\u7684\u8b66\u544a, \u8bf7\u4f7f\u7528 -Xlint:-options\u3002\n[INFO] /home/zhangzhe/fuzzing-repo/targets/java/morel/src/main/java/net/hydromatic/morel/util/Pair.java: \u67d0\u4e9b\u8f93\u5165\u6587\u4ef6\u4f7f\u7528\u4e86\u672a\u7ecf\u68c0\u67e5\u6216\u4e0d\u5b89\u5168\u7684\u64cd\u4f5c\u3002\n[INFO] /home/zhangzhe/fuzzing-repo/targets/java/morel/src/main/java/net/hydromatic/morel/util/Pair.java: \u6709\u5173\u8be6\u7ec6\u4fe1\u606f, \u8bf7\u4f7f\u7528 -Xlint:unchecked \u91cd\u65b0\u7f16\u8bd1\u3002\n[INFO] \n[INFO] --- resources:3.3.1:testResources (default-testResources) @ morel ---\n[INFO] Copying 37 resources from src/test/resources to target/test-classes\n[INFO] Copying 2 resources from  to target/test-classes/META-INF\n[INFO] Copying 1 resource from target to target/test-classes/META-INF\n[INFO] \n[INFO] --- compiler:3.12.1:testCompile (default-testCompile) @ morel ---\n[INFO] Recompiling the module because of changed dependency.\n[INFO] Compiling 22 source files with javac [debug target 8] to target/test-classes\n[INFO] /home/zhangzhe/fuzzing-repo/targets/java/morel/src/test/java/net/hydromatic/morel/Matchers.java: \u67d0\u4e9b\u8f93\u5165\u6587\u4ef6\u4f7f\u7528\u4e86\u672a\u7ecf\u68c0\u67e5\u6216\u4e0d\u5b89\u5168\u7684\u64cd\u4f5c\u3002\n[INFO] /home/zhangzhe/fuzzing-repo/targets/java/morel/src/test/java/net/hydromatic/morel/Matchers.java: \u6709\u5173\u8be6\u7ec6\u4fe1\u606f, \u8bf7\u4f7f\u7528 -Xlint:unchecked \u91cd\u65b0\u7f16\u8bd1\u3002\n[INFO] \u67d0\u4e9b\u6d88\u606f\u5df2\u7ecf\u8fc7\u7b80\u5316; \u8bf7\u4f7f\u7528 -Xdiags:verbose \u91cd\u65b0\u7f16\u8bd1\u4ee5\u83b7\u5f97\u5b8c\u6574\u8f93\u51fa\n[INFO] -------------------------------------------------------------\n[WARNING] COMPILATION WARNING : \n[INFO] -------------------------------------------------------------\n[WARNING] \u672a\u4e0e -source 8 \u4e00\u8d77\u8bbe\u7f6e\u5f15\u5bfc\u7c7b\u8def\u5f84\n[WARNING] \u6e90\u503c 8 \u5df2\u8fc7\u65f6\uff0c\u5c06\u5728\u672a\u6765\u53d1\u884c\u7248\u4e2d\u5220\u9664\n[WARNING] \u76ee\u6807\u503c 8 \u5df2\u8fc7\u65f6\uff0c\u5c06\u5728\u672a\u6765\u53d1\u884c\u7248\u4e2d\u5220\u9664\n[WARNING] \u8981\u9690\u85cf\u6709\u5173\u5df2\u8fc7\u65f6\u9009\u9879\u7684\u8b66\u544a, \u8bf7\u4f7f\u7528 -Xlint:-options\u3002\n[INFO] 4 warnings \n[INFO] -------------------------------------------------------------\n[INFO] -------------------------------------------------------------\n[ERROR] COMPILATION ERROR : \n[INFO] -------------------------------------------------------------\n[ERROR] /home/zhangzhe/fuzzing-repo/targets/java/morel/src/test/java/net/hydromatic/morel/Main_runTest.java:[25,25] \u627e\u4e0d\u5230\u7b26\u53f7\n  \u7b26\u53f7:   \u7c7b ForeignValue\n  \u4f4d\u7f6e: \u7c7b net.hydromatic.morel.Main_runTest\n[ERROR] /home/zhangzhe/fuzzing-repo/targets/java/morel/src/test/java/net/hydromatic/morel/Main_runTest.java:[34,13] \u65b9\u6cd5\u4e0d\u4f1a\u8986\u76d6\u6216\u5b9e\u73b0\u8d85\u7c7b\u578b\u7684\u65b9\u6cd5\n[ERROR] /home/zhangzhe/fuzzing-repo/targets/java/morel/src/test/java/net/hydromatic/morel/Main_runTest.java:[51,25] \u4e0d\u517c\u5bb9\u7684\u7c7b\u578b: \u63a8\u8bba\u53d8\u91cf T \u5177\u6709\u4e0d\u517c\u5bb9\u7684\u4e0a\u9650\n    \u7b49\u5f0f\u7ea6\u675f\u6761\u4ef6\uff1anet.hydromatic.morel.Shell\n    \u4e0a\u9650\uff1anet.hydromatic.morel.eval.Session.Shell,java.lang.Object\n[ERROR] /home/zhangzhe/fuzzing-repo/targets/java/morel/src/test/java/net/hydromatic/morel/Main_runTest.java:[62,28] \u4e0d\u517c\u5bb9\u7684\u7c7b\u578b: \u63a8\u8bba\u53d8\u91cf T \u5177\u6709\u4e0d\u517c\u5bb9\u7684\u4e0a\u9650\n    \u7b49\u5f0f\u7ea6\u675f\u6761\u4ef6\uff1anet.hydromatic.morel.Shell\n    \u4e0a\u9650\uff1anet.hydromatic.morel.eval.Session.Shell,java.lang.Object\n[INFO] 4 errors \n[INFO] -------------------------------------------------------------\n[INFO] ------------------------------------------------------------------------\n[INFO] BUILD FAILURE\n[INFO] ------------------------------------------------------------------------\n[INFO] Total time:  8.793 s\n[INFO] Finished at: 2024-09-30T22:45:55+08:00\n[INFO] ------------------------------------------------------------------------\n[ERROR] Failed to execute goal org.apache.maven.plugins:maven-compiler-plugin:3.12.1:testCompile (default-testCompile) on project morel: Compilation failure: Compilation failure: \n[ERROR] /home/zhangzhe/fuzzing-repo/targets/java/morel/src/test/java/net/hydromatic/morel/Main_runTest.java:[25,25] \u627e\u4e0d\u5230\u7b26\u53f7\n[ERROR]   \u7b26\u53f7:   \u7c7b ForeignValue\n[ERROR]   \u4f4d\u7f6e: \u7c7b net.hydromatic.morel.Main_runTest\n[ERROR] /home/zhangzhe/fuzzing-repo/targets/java/morel/src/test/java/net/hydromatic/morel/Main_runTest.java:[34,13] \u65b9\u6cd5\u4e0d\u4f1a\u8986\u76d6\u6216\u5b9e\u73b0\u8d85\u7c7b\u578b\u7684\u65b9\u6cd5\n[ERROR] /home/zhangzhe/fuzzing-repo/targets/java/morel/src/test/java/net/hydromatic/morel/Main_runTest.java:[51,25] \u4e0d\u517c\u5bb9\u7684\u7c7b\u578b: \u63a8\u8bba\u53d8\u91cf T \u5177\u6709\u4e0d\u517c\u5bb9\u7684\u4e0a\u9650\n[ERROR]     \u7b49\u5f0f\u7ea6\u675f\u6761\u4ef6\uff1anet.hydromatic.morel.Shell\n[ERROR]     \u4e0a\u9650\uff1anet.hydromatic.morel.eval.Session.Shell,java.lang.Object\n[ERROR] /home/zhangzhe/fuzzing-repo/targets/java/morel/src/test/java/net/hydromatic/morel/Main_runTest.java:[62,28] \u4e0d\u517c\u5bb9\u7684\u7c7b\u578b: \u63a8\u8bba\u53d8\u91cf T \u5177\u6709\u4e0d\u517c\u5bb9\u7684\u4e0a\u9650\n[ERROR]     \u7b49\u5f0f\u7ea6\u675f\u6761\u4ef6\uff1anet.hydromatic.morel.Shell\n[ERROR]     \u4e0a\u9650\uff1anet.hydromatic.morel.eval.Session.Shell,java.lang.Object\n[ERROR] -> [Help 1]\n[ERROR] \n[ERROR] To see the full stack trace of the errors, re-run Maven with the -e switch.\n[ERROR] Re-run Maven using the -X switch to enable full debug logging.\n[ERROR] \n[ERROR] For more information about the errors and possible solutions, please read the following articles:\n[ERROR] [Help 1] http://cwiki.apache.org/confluence/display/MAVEN/MojoFailureException\n"}