{"name": "ImmutableStack_emptyTest", "status": "compile error", "error": "[INFO] Scanning for projects...\n[INFO] Inspecting build with total of 1 modules...\n[INFO] Installing Nexus Staging features:\n[INFO]   ... total of 1 executions of maven-deploy-plugin replaced with nexus-staging-maven-plugin\n[INFO] \n[INFO] --------------------< com.github.davidmoten:rtree >---------------------\n[INFO] Building rtree 0.13-SNAPSHOT\n[INFO]   from pom.xml\n[INFO] -------------------------------[ bundle ]-------------------------------\n[INFO] \n[INFO] --- jacoco:0.8.12:prepare-agent (default) @ rtree ---\n[INFO] argLine set to -javaagent:/home/zhangzhe/.m2/repository/org/jacoco/org.jacoco.agent/0.8.12/org.jacoco.agent-0.8.12-runtime.jar=destfile=/home/zhangzhe/fuzzing-repo/targets/rtree-master/target/jacoco.exec\n[INFO] \n[INFO] --- resources:3.3.1:resources (default-resources) @ rtree ---\n[INFO] skip non existing resourceDirectory /home/zhangzhe/fuzzing-repo/targets/rtree-master/src/main/resources\n[INFO] \n[INFO] --- compiler:3.13.0:compile (default-compile) @ rtree ---\n[INFO] Nothing to compile - all classes are up to date.\n[INFO] \n[INFO] --- resources:3.3.1:testResources (default-testResources) @ rtree ---\n[INFO] Copying 2 resources from src/test/resources to target/test-classes\n[INFO] \n[INFO] --- compiler:3.13.0:testCompile (default-testCompile) @ rtree ---\n[INFO] Recompiling the module because of added or removed source files.\n[INFO] Compiling 54 source files with javac [debug target 1.8] to target/test-classes\n[INFO] \u7531\u4e8e\u5728\u7c7b\u8def\u5f84\u4e2d\u53d1\u73b0\u4e86\u4e00\u4e2a\u6216\u591a\u4e2a\u5904\u7406\u7a0b\u5e8f\uff0c\u56e0\u6b64\u542f\u7528\u4e86\n  \u6279\u6ce8\u5904\u7406\u3002\u672a\u6765\u53d1\u884c\u7248\u7684 javac \u53ef\u80fd\u4f1a\u7981\u7528\u6279\u6ce8\u5904\u7406\uff0c\n  \u9664\u975e\u81f3\u5c11\u6309\u540d\u79f0\u6307\u5b9a\u4e86\u4e00\u4e2a\u5904\u7406\u7a0b\u5e8f (-processor)\uff0c\n  \u6216\u6307\u5b9a\u4e86\u641c\u7d22\u8def\u5f84 (--processor-path, --processor-module-path)\uff0c\n  \u6216\u663e\u5f0f\u542f\u7528\u4e86\u6279\u6ce8\u5904\u7406 (-proc:only, -proc:full)\u3002\n  \u53ef\u4f7f\u7528 -Xlint:-options \u9690\u85cf\u6b64\u6d88\u606f\u3002\n  \u53ef\u4f7f\u7528 -proc:none \u7981\u7528\u6279\u6ce8\u5904\u7406\u3002\n[INFO] -------------------------------------------------------------\n[WARNING] COMPILATION WARNING : \n[INFO] -------------------------------------------------------------\n[WARNING] \u672a\u4e0e -source 8 \u4e00\u8d77\u8bbe\u7f6e\u5f15\u5bfc\u7c7b\u8def\u5f84\n[WARNING] \u6e90\u503c 8 \u5df2\u8fc7\u65f6\uff0c\u5c06\u5728\u672a\u6765\u53d1\u884c\u7248\u4e2d\u5220\u9664\n[WARNING] \u76ee\u6807\u503c 8 \u5df2\u8fc7\u65f6\uff0c\u5c06\u5728\u672a\u6765\u53d1\u884c\u7248\u4e2d\u5220\u9664\n[WARNING] \u8981\u9690\u85cf\u6709\u5173\u5df2\u8fc7\u65f6\u9009\u9879\u7684\u8b66\u544a, \u8bf7\u4f7f\u7528 -Xlint:-options\u3002\n[INFO] 4 warnings \n[INFO] -------------------------------------------------------------\n[INFO] ------------------------------------------------------------------------\n[INFO] BUILD FAILURE\n[INFO] ------------------------------------------------------------------------\n[INFO] Total time:  1.790 s\n[INFO] Finished at: 2024-10-03T13:18:42+08:00\n[INFO] ------------------------------------------------------------------------\n[ERROR] Failed to execute goal org.apache.maven.plugins:maven-compiler-plugin:3.13.0:testCompile (default-testCompile) on project rtree: Compilation failure: Compilation failure: \n[ERROR] \u672a\u4e0e -source 8 \u4e00\u8d77\u8bbe\u7f6e\u5f15\u5bfc\u7c7b\u8def\u5f84\n[ERROR] \u6e90\u503c 8 \u5df2\u8fc7\u65f6\uff0c\u5c06\u5728\u672a\u6765\u53d1\u884c\u7248\u4e2d\u5220\u9664\n[ERROR] \u76ee\u6807\u503c 8 \u5df2\u8fc7\u65f6\uff0c\u5c06\u5728\u672a\u6765\u53d1\u884c\u7248\u4e2d\u5220\u9664\n[ERROR] \u8981\u9690\u85cf\u6709\u5173\u5df2\u8fc7\u65f6\u9009\u9879\u7684\u8b66\u544a, \u8bf7\u4f7f\u7528 -Xlint:-options\u3002\n[ERROR] -> [Help 1]\n[ERROR] \n[ERROR] To see the full stack trace of the errors, re-run Maven with the -e switch.\n[ERROR] Re-run Maven using the -X switch to enable full debug logging.\n[ERROR] \n[ERROR] For more information about the errors and possible solutions, please read the following articles:\n[ERROR] [Help 1] http://cwiki.apache.org/confluence/display/MAVEN/MojoFailureException\n"}