{"name": "SplitterRStar_splitTest", "status": "compile error", "error": "[INFO] Scanning for projects...\n[INFO] Inspecting build with total of 1 modules...\n[INFO] Installing Nexus Staging features:\n[INFO]   ... total of 1 executions of maven-deploy-plugin replaced with nexus-staging-maven-plugin\n[INFO] \n[INFO] --------------------< com.github.davidmoten:rtree >---------------------\n[INFO] Building rtree 0.13-SNAPSHOT\n[INFO]   from pom.xml\n[INFO] -------------------------------[ bundle ]-------------------------------\n[INFO] \n[INFO] --- jacoco:0.8.12:prepare-agent (default) @ rtree ---\n[INFO] argLine set to -javaagent:/home/zhangzhe/.m2/repository/org/jacoco/org.jacoco.agent/0.8.12/org.jacoco.agent-0.8.12-runtime.jar=destfile=/home/zhangzhe/fuzzing-repo/targets/rtree-master/target/jacoco.exec\n[INFO] \n[INFO] --- resources:3.3.1:resources (default-resources) @ rtree ---\n[INFO] skip non existing resourceDirectory /home/zhangzhe/fuzzing-repo/targets/rtree-master/src/main/resources\n[INFO] \n[INFO] --- compiler:3.13.0:compile (default-compile) @ rtree ---\n[INFO] Nothing to compile - all classes are up to date.\n[INFO] \n[INFO] --- resources:3.3.1:testResources (default-testResources) @ rtree ---\n[INFO] Copying 2 resources from src/test/resources to target/test-classes\n[INFO] \n[INFO] --- compiler:3.13.0:testCompile (default-testCompile) @ rtree ---\n[INFO] Recompiling the module because of added or removed source files.\n[INFO] Compiling 44 source files with javac [debug target 1.8] to target/test-classes\n[WARNING] \u672a\u4e0e -source 8 \u4e00\u8d77\u8bbe\u7f6e\u5f15\u5bfc\u7c7b\u8def\u5f84\n[WARNING] \u6e90\u503c 8 \u5df2\u8fc7\u65f6\uff0c\u5c06\u5728\u672a\u6765\u53d1\u884c\u7248\u4e2d\u5220\u9664\n[WARNING] \u76ee\u6807\u503c 8 \u5df2\u8fc7\u65f6\uff0c\u5c06\u5728\u672a\u6765\u53d1\u884c\u7248\u4e2d\u5220\u9664\n[WARNING] \u8981\u9690\u85cf\u6709\u5173\u5df2\u8fc7\u65f6\u9009\u9879\u7684\u8b66\u544a, \u8bf7\u4f7f\u7528 -Xlint:-options\u3002\n[INFO] \u7531\u4e8e\u5728\u7c7b\u8def\u5f84\u4e2d\u53d1\u73b0\u4e86\u4e00\u4e2a\u6216\u591a\u4e2a\u5904\u7406\u7a0b\u5e8f\uff0c\u56e0\u6b64\u542f\u7528\u4e86\n  \u6279\u6ce8\u5904\u7406\u3002\u672a\u6765\u53d1\u884c\u7248\u7684 javac \u53ef\u80fd\u4f1a\u7981\u7528\u6279\u6ce8\u5904\u7406\uff0c\n  \u9664\u975e\u81f3\u5c11\u6309\u540d\u79f0\u6307\u5b9a\u4e86\u4e00\u4e2a\u5904\u7406\u7a0b\u5e8f (-processor)\uff0c\n  \u6216\u6307\u5b9a\u4e86\u641c\u7d22\u8def\u5f84 (--processor-path, --processor-module-path)\uff0c\n  \u6216\u663e\u5f0f\u542f\u7528\u4e86\u6279\u6ce8\u5904\u7406 (-proc:only, -proc:full)\u3002\n  \u53ef\u4f7f\u7528 -Xlint:-options \u9690\u85cf\u6b64\u6d88\u606f\u3002\n  \u53ef\u4f7f\u7528 -proc:none \u7981\u7528\u6279\u6ce8\u5904\u7406\u3002\n[INFO] /home/zhangzhe/fuzzing-repo/targets/rtree-master/src/test/java/com/github/davidmoten/internal/operators/OperatorBoundedPriorityQueueTest.java: /home/zhangzhe/fuzzing-repo/targets/rtree-master/src/test/java/com/github/davidmoten/internal/operators/OperatorBoundedPriorityQueueTest.java\u4f7f\u7528\u6216\u8986\u76d6\u4e86\u5df2\u8fc7\u65f6\u7684 API\u3002\n[INFO] /home/zhangzhe/fuzzing-repo/targets/rtree-master/src/test/java/com/github/davidmoten/internal/operators/OperatorBoundedPriorityQueueTest.java: \u6709\u5173\u8be6\u7ec6\u4fe1\u606f, \u8bf7\u4f7f\u7528 -Xlint:deprecation \u91cd\u65b0\u7f16\u8bd1\u3002\n[INFO] /home/zhangzhe/fuzzing-repo/targets/rtree-master/src/test/java/com/github/davidmoten/rtree/NodePosition_toStringTest.java: /home/zhangzhe/fuzzing-repo/targets/rtree-master/src/test/java/com/github/davidmoten/rtree/NodePosition_toStringTest.java\u4f7f\u7528\u4e86\u672a\u7ecf\u68c0\u67e5\u6216\u4e0d\u5b89\u5168\u7684\u64cd\u4f5c\u3002\n[INFO] /home/zhangzhe/fuzzing-repo/targets/rtree-master/src/test/java/com/github/davidmoten/rtree/NodePosition_toStringTest.java: \u6709\u5173\u8be6\u7ec6\u4fe1\u606f, \u8bf7\u4f7f\u7528 -Xlint:unchecked \u91cd\u65b0\u7f16\u8bd1\u3002\n[INFO] \n[INFO] --- surefire:3.2.5:test (default-test) @ rtree ---\n[INFO] Using auto detected provider org.apache.maven.surefire.junit4.JUnit4Provider\n[INFO] \n[INFO] -------------------------------------------------------\n[INFO]  T E S T S\n[INFO] -------------------------------------------------------\n[INFO] Running com.github.davidmoten.rtree.SplitterRStar_splitTest\n[ERROR] Tests run: 1, Failures: 0, Errors: 1, Skipped: 0, Time elapsed: 0.734 s <<< FAILURE! -- in com.github.davidmoten.rtree.SplitterRStar_splitTest\n[ERROR] com.github.davidmoten.rtree.SplitterRStar_splitTest.testSplit -- Time elapsed: 0.343 s <<< ERROR!\njava.lang.NullPointerException: Cannot invoke \"com.github.davidmoten.rtree.geometry.Geometry.mbr()\" because the return value of \"com.github.davidmoten.rtree.geometry.HasGeometry.geometry()\" is null\n\tat com.github.davidmoten.rtree.internal.Util.mbr(Util.java:51)\n\tat com.github.davidmoten.rtree.geometry.Group.<init>(Group.java:14)\n\tat com.github.davidmoten.rtree.geometry.ListPair.<init>(ListPair.java:21)\n\tat com.github.davidmoten.rtree.SplitterRStar_splitTest.testSplit(SplitterRStar_splitTest.java:42)\n\tat java.base/jdk.internal.reflect.DirectMethodHandleAccessor.invoke(DirectMethodHandleAccessor.java:103)\n\tat java.base/java.lang.reflect.Method.invoke(Method.java:580)\n\tat org.junit.runners.model.FrameworkMethod$1.runReflectiveCall(FrameworkMethod.java:59)\n\tat org.junit.internal.runners.model.ReflectiveCallable.run(ReflectiveCallable.java:12)\n\tat org.junit.runners.model.FrameworkMethod.invokeExplosively(FrameworkMethod.java:56)\n\tat org.junit.internal.runners.statements.InvokeMethod.evaluate(InvokeMethod.java:17)\n\tat org.junit.internal.runners.statements.RunBefores.evaluate(RunBefores.java:26)\n\tat org.mockito.internal.runners.DefaultInternalRunner$1$1.evaluate(DefaultInternalRunner.java:55)\n\tat org.junit.runners.ParentRunner$3.evaluate(ParentRunner.java:306)\n\tat org.junit.runners.BlockJUnit4ClassRunner$1.evaluate(BlockJUnit4ClassRunner.java:100)\n\tat org.junit.runners.ParentRunner.runLeaf(ParentRunner.java:366)\n\tat org.junit.runners.BlockJUnit4ClassRunner.runChild(BlockJUnit4ClassRunner.java:103)\n\tat org.junit.runners.BlockJUnit4ClassRunner.runChild(BlockJUnit4ClassRunner.java:63)\n\tat org.junit.runners.ParentRunner$4.run(ParentRunner.java:331)\n\tat org.junit.runners.ParentRunner$1.schedule(ParentRunner.java:79)\n\tat org.junit.runners.ParentRunner.runChildren(ParentRunner.java:329)\n\tat org.junit.runners.ParentRunner.access$100(ParentRunner.java:66)\n\tat org.junit.runners.ParentRunner$2.evaluate(ParentRunner.java:293)\n\tat org.junit.runners.ParentRunner$3.evaluate(ParentRunner.java:306)\n\tat org.junit.runners.ParentRunner.run(ParentRunner.java:413)\n\tat org.mockito.internal.runners.DefaultInternalRunner$1.run(DefaultInternalRunner.java:100)\n\tat org.mockito.internal.runners.DefaultInternalRunner.run(DefaultInternalRunner.java:107)\n\tat org.mockito.internal.runners.StrictRunner.run(StrictRunner.java:41)\n\tat org.mockito.junit.MockitoJUnitRunner.run(MockitoJUnitRunner.java:163)\n\tat org.apache.maven.surefire.junit4.JUnit4Provider.execute(JUnit4Provider.java:316)\n\tat org.apache.maven.surefire.junit4.JUnit4Provider.executeWithRerun(JUnit4Provider.java:240)\n\tat org.apache.maven.surefire.junit4.JUnit4Provider.executeTestSet(JUnit4Provider.java:214)\n\tat org.apache.maven.surefire.junit4.JUnit4Provider.invoke(JUnit4Provider.java:155)\n\tat org.apache.maven.surefire.booter.ForkedBooter.runSuitesInProcess(ForkedBooter.java:385)\n\tat org.apache.maven.surefire.booter.ForkedBooter.execute(ForkedBooter.java:162)\n\tat org.apache.maven.surefire.booter.ForkedBooter.run(ForkedBooter.java:507)\n\tat org.apache.maven.surefire.booter.ForkedBooter.main(ForkedBooter.java:495)\n\n[INFO] \n[INFO] Results:\n[INFO] \n[ERROR] Errors: \n[ERROR]   SplitterRStar_splitTest.testSplit:42 \u00bb NullPointer Cannot invoke \"com.github.davidmoten.rtree.geometry.Geometry.mbr()\" because the return value of \"com.github.davidmoten.rtree.geometry.HasGeometry.geometry()\" is null\n[INFO] \n[ERROR] Tests run: 1, Failures: 0, Errors: 1, Skipped: 0\n[INFO] \n[INFO] ------------------------------------------------------------------------\n[INFO] BUILD FAILURE\n[INFO] ------------------------------------------------------------------------\n[INFO] Total time:  5.598 s\n[INFO] Finished at: 2024-10-03T12:17:55+08:00\n[INFO] ------------------------------------------------------------------------\n[ERROR] Failed to execute goal org.apache.maven.plugins:maven-surefire-plugin:3.2.5:test (default-test) on project rtree: \n[ERROR] \n[ERROR] Please refer to /home/zhangzhe/fuzzing-repo/targets/rtree-master/target/surefire-reports for the individual test results.\n[ERROR] Please refer to dump files (if any exist) [date].dump, [date]-jvmRun[N].dump and [date].dumpstream.\n[ERROR] -> [Help 1]\n[ERROR] \n[ERROR] To see the full stack trace of the errors, re-run Maven with the -e switch.\n[ERROR] Re-run Maven using the -X switch to enable full debug logging.\n[ERROR] \n[ERROR] For more information about the errors and possible solutions, please read the following articles:\n[ERROR] [Help 1] http://cwiki.apache.org/confluence/display/MAVEN/MojoFailureException\n"}