{"name": "Argument_getTypeTest", "status": "compile error", "error": "[INFO] Scanning for projects...\n[INFO] Inspecting build with total of 1 modules...\n[INFO] Installing Nexus Staging features:\n[INFO]   ... total of 1 executions of maven-deploy-plugin replaced with nexus-staging-maven-plugin\n[INFO] \n[INFO] ------------------< io.cucumber:cucumber-expressions >------------------\n[INFO] Building Cucumber Expressions 17.1.1-SNAPSHOT\n[INFO]   from pom.xml\n[INFO] --------------------------------[ jar ]---------------------------------\n[INFO] \n[INFO] --- enforcer:3.4.1:enforce (enforce) @ cucumber-expressions ---\n[INFO] Rule 0: org.apache.maven.enforcer.rules.version.RequireJavaVersion passed\n[INFO] Rule 1: org.apache.maven.enforcer.rules.version.RequireMavenVersion passed\n[INFO] Rule 2: org.apache.maven.enforcer.rules.RequirePluginVersions passed\n[INFO] \n[INFO] --- jacoco:0.8.12:prepare-agent (default) @ cucumber-expressions ---\n[INFO] argLine set to -javaagent:/home/zhangzhe/.m2/repository/org/jacoco/org.jacoco.agent/0.8.12/org.jacoco.agent-0.8.12-runtime.jar=destfile=/home/zhangzhe/fuzzing-repo/targets/java/cucumber-expressions/java/target/jacoco.exec,excludes=**/demo/**\n[INFO] \n[INFO] --- resources:3.3.1:resources (default-resources) @ cucumber-expressions ---\n[INFO] skip non existing resourceDirectory /home/zhangzhe/fuzzing-repo/targets/java/cucumber-expressions/java/src/main/resources\n[INFO] \n[INFO] --- compiler:3.12.1:compile (default-compile) @ cucumber-expressions ---\n[INFO] Nothing to compile - all classes are up to date.\n[INFO] \n[INFO] --- resources:3.3.1:testResources (default-testResources) @ cucumber-expressions ---\n[INFO] skip non existing resourceDirectory /home/zhangzhe/fuzzing-repo/targets/java/cucumber-expressions/java/src/test/resources\n[INFO] \n[INFO] --- compiler:3.12.1:testCompile (default-testCompile) @ cucumber-expressions ---\n[INFO] Nothing to compile - all classes are up to date.\n[INFO] \n[INFO] --- surefire:3.2.3:test (default-test) @ cucumber-expressions ---\n[INFO] Using auto detected provider org.apache.maven.surefire.junitplatform.JUnitPlatformProvider\n[INFO] \n[INFO] -------------------------------------------------------\n[INFO]  T E S T S\n[INFO] -------------------------------------------------------\n[INFO] Running io.cucumber.cucumberexpressions.Argument_getTypeTest\n[ERROR] Tests run: 1, Failures: 0, Errors: 1, Skipped: 0, Time elapsed: 0.077 s <<< FAILURE! -- in io.cucumber.cucumberexpressions.Argument_getTypeTest\n[ERROR] io.cucumber.cucumberexpressions.Argument_getTypeTest.testGetType -- Time elapsed: 0.039 s <<< ERROR!\njava.lang.Error: \nUnresolved compilation problem: \n\tCannot infer type arguments for Argument<>\n\n\tat io.cucumber.cucumberexpressions.Argument_getTypeTest.testGetType(Argument_getTypeTest.java:23)\n\tat java.base/java.lang.reflect.Method.invoke(Method.java:580)\n\tat java.base/java.util.ArrayList.forEach(ArrayList.java:1596)\n\tat java.base/java.util.ArrayList.forEach(ArrayList.java:1596)\n\n[INFO] \n[INFO] Results:\n[INFO] \n[ERROR] Errors: \n[ERROR]   Argument_getTypeTest.testGetType:23  Unresolved compilation problem: \n\tCannot infer type arguments for Argument<>\n\n[INFO] \n[ERROR] Tests run: 1, Failures: 0, Errors: 1, Skipped: 0\n[INFO] \n[INFO] ------------------------------------------------------------------------\n[INFO] BUILD FAILURE\n[INFO] ------------------------------------------------------------------------\n[INFO] Total time:  2.662 s\n[INFO] Finished at: 2024-10-01T18:07:43+08:00\n[INFO] ------------------------------------------------------------------------\n[ERROR] Failed to execute goal org.apache.maven.plugins:maven-surefire-plugin:3.2.3:test (default-test) on project cucumber-expressions: \n[ERROR] \n[ERROR] Please refer to /home/zhangzhe/fuzzing-repo/targets/java/cucumber-expressions/java/target/surefire-reports for the individual test results.\n[ERROR] Please refer to dump files (if any exist) [date].dump, [date]-jvmRun[N].dump and [date].dumpstream.\n[ERROR] -> [Help 1]\n[ERROR] \n[ERROR] To see the full stack trace of the errors, re-run Maven with the -e switch.\n[ERROR] Re-run Maven using the -X switch to enable full debug logging.\n[ERROR] \n[ERROR] For more information about the errors and possible solutions, please read the following articles:\n[ERROR] [Help 1] http://cwiki.apache.org/confluence/display/MAVEN/MojoFailureException\n"}