{"name": "BuiltInParameterTransformer_transformTest", "status": "assertion error", "error": "[INFO] Scanning for projects...\n[INFO] Inspecting build with total of 1 modules...\n[INFO] Installing Nexus Staging features:\n[INFO]   ... total of 1 executions of maven-deploy-plugin replaced with nexus-staging-maven-plugin\n[INFO] \n[INFO] ------------------< io.cucumber:cucumber-expressions >------------------\n[INFO] Building Cucumber Expressions 17.1.1-SNAPSHOT\n[INFO]   from pom.xml\n[INFO] --------------------------------[ jar ]---------------------------------\n[INFO] \n[INFO] --- enforcer:3.4.1:enforce (enforce) @ cucumber-expressions ---\n[INFO] Rule 0: org.apache.maven.enforcer.rules.version.RequireJavaVersion passed\n[INFO] Rule 1: org.apache.maven.enforcer.rules.version.RequireMavenVersion passed\n[INFO] Rule 2: org.apache.maven.enforcer.rules.RequirePluginVersions passed\n[INFO] \n[INFO] --- jacoco:0.8.12:prepare-agent (default) @ cucumber-expressions ---\n[INFO] argLine set to -javaagent:/home/zhangzhe/.m2/repository/org/jacoco/org.jacoco.agent/0.8.12/org.jacoco.agent-0.8.12-runtime.jar=destfile=/home/zhangzhe/fuzzing-repo/targets/java/cucumber-expressions/java/target/jacoco.exec,excludes=**/demo/**\n[INFO] \n[INFO] --- resources:3.3.1:resources (default-resources) @ cucumber-expressions ---\n[INFO] skip non existing resourceDirectory /home/zhangzhe/fuzzing-repo/targets/java/cucumber-expressions/java/src/main/resources\n[INFO] \n[INFO] --- compiler:3.12.1:compile (default-compile) @ cucumber-expressions ---\n[INFO] Nothing to compile - all classes are up to date.\n[INFO] \n[INFO] --- resources:3.3.1:testResources (default-testResources) @ cucumber-expressions ---\n[INFO] skip non existing resourceDirectory /home/zhangzhe/fuzzing-repo/targets/java/cucumber-expressions/java/src/test/resources\n[INFO] \n[INFO] --- compiler:3.12.1:testCompile (default-testCompile) @ cucumber-expressions ---\n[INFO] Recompiling the module because of added or removed source files.\n[INFO] Compiling 35 source files with javac [debug target 1.8] to target/test-classes\n[WARNING] \u672a\u4e0e -source 8 \u4e00\u8d77\u8bbe\u7f6e\u5f15\u5bfc\u7c7b\u8def\u5f84\n[WARNING] \u6e90\u503c 8 \u5df2\u8fc7\u65f6\uff0c\u5c06\u5728\u672a\u6765\u53d1\u884c\u7248\u4e2d\u5220\u9664\n[WARNING] \u76ee\u6807\u503c 8 \u5df2\u8fc7\u65f6\uff0c\u5c06\u5728\u672a\u6765\u53d1\u884c\u7248\u4e2d\u5220\u9664\n[WARNING] \u8981\u9690\u85cf\u6709\u5173\u5df2\u8fc7\u65f6\u9009\u9879\u7684\u8b66\u544a, \u8bf7\u4f7f\u7528 -Xlint:-options\u3002\n[INFO] /home/zhangzhe/fuzzing-repo/targets/java/cucumber-expressions/java/src/test/java/io/cucumber/cucumberexpressions/CustomMatchers.java: /home/zhangzhe/fuzzing-repo/targets/java/cucumber-expressions/java/src/test/java/io/cucumber/cucumberexpressions/CustomMatchers.java\u4f7f\u7528\u4e86\u672a\u7ecf\u68c0\u67e5\u6216\u4e0d\u5b89\u5168\u7684\u64cd\u4f5c\u3002\n[INFO] /home/zhangzhe/fuzzing-repo/targets/java/cucumber-expressions/java/src/test/java/io/cucumber/cucumberexpressions/CustomMatchers.java: \u6709\u5173\u8be6\u7ec6\u4fe1\u606f, \u8bf7\u4f7f\u7528 -Xlint:unchecked \u91cd\u65b0\u7f16\u8bd1\u3002\n[INFO] \n[INFO] --- surefire:3.2.3:test (default-test) @ cucumber-expressions ---\n[INFO] Using auto detected provider org.apache.maven.surefire.junitplatform.JUnitPlatformProvider\n[INFO] \n[INFO] -------------------------------------------------------\n[INFO]  T E S T S\n[INFO] -------------------------------------------------------\n[INFO] Running io.cucumber.cucumberexpressions.BuiltInParameterTransformer_transformTest\n[ERROR] Tests run: 5, Failures: 1, Errors: 0, Skipped: 0, Time elapsed: 0.096 s <<< FAILURE! -- in io.cucumber.cucumberexpressions.BuiltInParameterTransformer_transformTest\n[ERROR] io.cucumber.cucumberexpressions.BuiltInParameterTransformer_transformTest.testTransformStringToOptionalBigDecimal -- Time elapsed: 0.006 s <<< FAILURE!\norg.opentest4j.AssertionFailedError: expected: java.util.Optional@2dcd168a<Optional[123.45]> but was: java.util.Optional@388526fb<Optional[123.45]>\n\tat org.junit.jupiter.api.AssertionFailureBuilder.build(AssertionFailureBuilder.java:151)\n\tat org.junit.jupiter.api.AssertionFailureBuilder.buildAndThrow(AssertionFailureBuilder.java:132)\n\tat org.junit.jupiter.api.AssertEquals.failNotEqual(AssertEquals.java:197)\n\tat org.junit.jupiter.api.AssertEquals.assertEquals(AssertEquals.java:182)\n\tat org.junit.jupiter.api.AssertEquals.assertEquals(AssertEquals.java:177)\n\tat org.junit.jupiter.api.Assertions.assertEquals(Assertions.java:1145)\n\tat io.cucumber.cucumberexpressions.BuiltInParameterTransformer_transformTest.testTransformStringToOptionalBigDecimal(BuiltInParameterTransformer_transformTest.java:36)\n\tat java.base/java.lang.reflect.Method.invoke(Method.java:580)\n\tat java.base/java.util.ArrayList.forEach(ArrayList.java:1596)\n\tat java.base/java.util.ArrayList.forEach(ArrayList.java:1596)\n\n[INFO] \n[INFO] Results:\n[INFO] \n[ERROR] Failures: \n[ERROR]   BuiltInParameterTransformer_transformTest.testTransformStringToOptionalBigDecimal:36 expected: java.util.Optional@2dcd168a<Optional[123.45]> but was: java.util.Optional@388526fb<Optional[123.45]>\n[INFO] \n[ERROR] Tests run: 5, Failures: 1, Errors: 0, Skipped: 0\n[INFO] \n[INFO] ------------------------------------------------------------------------\n[INFO] BUILD FAILURE\n[INFO] ------------------------------------------------------------------------\n[INFO] Total time:  4.144 s\n[INFO] Finished at: 2024-10-01T18:12:42+08:00\n[INFO] ------------------------------------------------------------------------\n[ERROR] Failed to execute goal org.apache.maven.plugins:maven-surefire-plugin:3.2.3:test (default-test) on project cucumber-expressions: There are test failures.\n[ERROR] \n[ERROR] Please refer to /home/zhangzhe/fuzzing-repo/targets/java/cucumber-expressions/java/target/surefire-reports for the individual test results.\n[ERROR] Please refer to dump files (if any exist) [date].dump, [date]-jvmRun[N].dump and [date].dumpstream.\n[ERROR] -> [Help 1]\n[ERROR] \n[ERROR] To see the full stack trace of the errors, re-run Maven with the -e switch.\n[ERROR] Re-run Maven using the -X switch to enable full debug logging.\n[ERROR] \n[ERROR] For more information about the errors and possible solutions, please read the following articles:\n[ERROR] [Help 1] http://cwiki.apache.org/confluence/display/MAVEN/MojoFailureException\n"}