{"name": "ExpressionFactory_createExpressionTest", "status": "compile error", "error": "[INFO] Scanning for projects...\n[INFO] Inspecting build with total of 1 modules...\n[INFO] Installing Nexus Staging features:\n[INFO]   ... total of 1 executions of maven-deploy-plugin replaced with nexus-staging-maven-plugin\n[INFO] \n[INFO] ------------------< io.cucumber:cucumber-expressions >------------------\n[INFO] Building Cucumber Expressions 17.1.1-SNAPSHOT\n[INFO]   from pom.xml\n[INFO] --------------------------------[ jar ]---------------------------------\n[INFO] \n[INFO] --- enforcer:3.4.1:enforce (enforce) @ cucumber-expressions ---\n[INFO] Rule 0: org.apache.maven.enforcer.rules.version.RequireJavaVersion passed\n[INFO] Rule 1: org.apache.maven.enforcer.rules.version.RequireMavenVersion passed\n[INFO] Rule 2: org.apache.maven.enforcer.rules.RequirePluginVersions passed\n[INFO] \n[INFO] --- jacoco:0.8.12:prepare-agent (default) @ cucumber-expressions ---\n[INFO] argLine set to -javaagent:/home/zhangzhe/.m2/repository/org/jacoco/org.jacoco.agent/0.8.12/org.jacoco.agent-0.8.12-runtime.jar=destfile=/home/zhangzhe/fuzzing-repo/targets/java/cucumber-expressions/java/target/jacoco.exec,excludes=**/demo/**\n[INFO] \n[INFO] --- resources:3.3.1:resources (default-resources) @ cucumber-expressions ---\n[INFO] skip non existing resourceDirectory /home/zhangzhe/fuzzing-repo/targets/java/cucumber-expressions/java/src/main/resources\n[INFO] \n[INFO] --- compiler:3.12.1:compile (default-compile) @ cucumber-expressions ---\n[INFO] Nothing to compile - all classes are up to date.\n[INFO] \n[INFO] --- resources:3.3.1:testResources (default-testResources) @ cucumber-expressions ---\n[INFO] skip non existing resourceDirectory /home/zhangzhe/fuzzing-repo/targets/java/cucumber-expressions/java/src/test/resources\n[INFO] \n[INFO] --- compiler:3.12.1:testCompile (default-testCompile) @ cucumber-expressions ---\n[INFO] Recompiling the module because of added or removed source files.\n[INFO] Compiling 25 source files with javac [debug target 1.8] to target/test-classes\n[WARNING] \u672a\u4e0e -source 8 \u4e00\u8d77\u8bbe\u7f6e\u5f15\u5bfc\u7c7b\u8def\u5f84\n[WARNING] \u6e90\u503c 8 \u5df2\u8fc7\u65f6\uff0c\u5c06\u5728\u672a\u6765\u53d1\u884c\u7248\u4e2d\u5220\u9664\n[WARNING] \u76ee\u6807\u503c 8 \u5df2\u8fc7\u65f6\uff0c\u5c06\u5728\u672a\u6765\u53d1\u884c\u7248\u4e2d\u5220\u9664\n[WARNING] \u8981\u9690\u85cf\u6709\u5173\u5df2\u8fc7\u65f6\u9009\u9879\u7684\u8b66\u544a, \u8bf7\u4f7f\u7528 -Xlint:-options\u3002\n[INFO] /home/zhangzhe/fuzzing-repo/targets/java/cucumber-expressions/java/src/test/java/io/cucumber/cucumberexpressions/CustomMatchers.java: /home/zhangzhe/fuzzing-repo/targets/java/cucumber-expressions/java/src/test/java/io/cucumber/cucumberexpressions/CustomMatchers.java\u4f7f\u7528\u4e86\u672a\u7ecf\u68c0\u67e5\u6216\u4e0d\u5b89\u5168\u7684\u64cd\u4f5c\u3002\n[INFO] /home/zhangzhe/fuzzing-repo/targets/java/cucumber-expressions/java/src/test/java/io/cucumber/cucumberexpressions/CustomMatchers.java: \u6709\u5173\u8be6\u7ec6\u4fe1\u606f, \u8bf7\u4f7f\u7528 -Xlint:unchecked \u91cd\u65b0\u7f16\u8bd1\u3002\n[INFO] \n[INFO] --- surefire:3.2.3:test (default-test) @ cucumber-expressions ---\n[INFO] Using auto detected provider org.apache.maven.surefire.junitplatform.JUnitPlatformProvider\n[INFO] \n[INFO] -------------------------------------------------------\n[INFO]  T E S T S\n[INFO] -------------------------------------------------------\n[INFO] Running io.cucumber.cucumberexpressions.ExpressionFactory_createExpressionTest\n[ERROR] Tests run: 4, Failures: 0, Errors: 4, Skipped: 0, Time elapsed: 0.067 s <<< FAILURE! -- in io.cucumber.cucumberexpressions.ExpressionFactory_createExpressionTest\n[ERROR] io.cucumber.cucumberexpressions.ExpressionFactory_createExpressionTest.testCreateExpression_CucumberExpression -- Time elapsed: 0.009 s <<< ERROR!\njava.lang.NullPointerException: Cannot invoke \"java.util.Locale.stripExtensions()\" because \"locale\" is null\n\tat java.base/sun.util.cldr.CLDRLocaleProviderAdapter.isSupportedProviderLocale(CLDRLocaleProviderAdapter.java:292)\n\tat java.base/sun.util.locale.provider.NumberFormatProviderImpl.isSupportedLocale(NumberFormatProviderImpl.java:91)\n\tat java.base/sun.util.locale.provider.LocaleProviderAdapter.findAdapter(LocaleProviderAdapter.java:297)\n\tat java.base/sun.util.locale.provider.LocaleProviderAdapter.getAdapter(LocaleProviderAdapter.java:264)\n\tat java.base/java.text.NumberFormat.getInstance(NumberFormat.java:963)\n\tat java.base/java.text.NumberFormat.getNumberInstance(NumberFormat.java:518)\n\tat io.cucumber.cucumberexpressions.NumberParser.<init>(NumberParser.java:14)\n\tat io.cucumber.cucumberexpressions.BuiltInParameterTransformer.<init>(BuiltInParameterTransformer.java:17)\n\tat io.cucumber.cucumberexpressions.ParameterTypeRegistry.<init>(ParameterTypeRegistry.java:54)\n\tat io.cucumber.cucumberexpressions.ExpressionFactory_createExpressionTest.<init>(ExpressionFactory_createExpressionTest.java:9)\n\tat java.base/java.lang.reflect.Constructor.newInstanceWithCaller(Constructor.java:502)\n\tat java.base/java.lang.reflect.Constructor.newInstance(Constructor.java:486)\n\tat java.base/java.util.Optional.orElseGet(Optional.java:364)\n\tat java.base/java.util.ArrayList.forEach(ArrayList.java:1596)\n\tat java.base/java.util.ArrayList.forEach(ArrayList.java:1596)\n\n[ERROR] io.cucumber.cucumberexpressions.ExpressionFactory_createExpressionTest.testCreateExpression_EmptyString -- Time elapsed: 0.001 s <<< ERROR!\njava.lang.NullPointerException: Cannot invoke \"Object.hashCode()\" because \"key\" is null\n\tat java.base/java.util.concurrent.ConcurrentHashMap.get(ConcurrentHashMap.java:936)\n\tat java.base/sun.util.locale.provider.LocaleProviderAdapter.getAdapter(LocaleProviderAdapter.java:255)\n\tat java.base/java.text.NumberFormat.getInstance(NumberFormat.java:963)\n\tat java.base/java.text.NumberFormat.getNumberInstance(NumberFormat.java:518)\n\tat io.cucumber.cucumberexpressions.NumberParser.<init>(NumberParser.java:14)\n\tat io.cucumber.cucumberexpressions.BuiltInParameterTransformer.<init>(BuiltInParameterTransformer.java:17)\n\tat io.cucumber.cucumberexpressions.ParameterTypeRegistry.<init>(ParameterTypeRegistry.java:54)\n\tat io.cucumber.cucumberexpressions.ExpressionFactory_createExpressionTest.<init>(ExpressionFactory_createExpressionTest.java:9)\n\tat java.base/java.lang.reflect.Constructor.newInstanceWithCaller(Constructor.java:502)\n\tat java.base/java.lang.reflect.Constructor.newInstance(Constructor.java:486)\n\tat java.base/java.util.Optional.orElseGet(Optional.java:364)\n\tat java.base/java.util.ArrayList.forEach(ArrayList.java:1596)\n\tat java.base/java.util.ArrayList.forEach(ArrayList.java:1596)\n\n[ERROR] io.cucumber.cucumberexpressions.ExpressionFactory_createExpressionTest.testCreateExpression_RegularExpressionWithSlashes -- Time elapsed: 0.001 s <<< ERROR!\njava.lang.NullPointerException: Cannot invoke \"Object.hashCode()\" because \"key\" is null\n\tat java.base/java.util.concurrent.ConcurrentHashMap.get(ConcurrentHashMap.java:936)\n\tat java.base/sun.util.locale.provider.LocaleProviderAdapter.getAdapter(LocaleProviderAdapter.java:255)\n\tat java.base/java.text.NumberFormat.getInstance(NumberFormat.java:963)\n\tat java.base/java.text.NumberFormat.getNumberInstance(NumberFormat.java:518)\n\tat io.cucumber.cucumberexpressions.NumberParser.<init>(NumberParser.java:14)\n\tat io.cucumber.cucumberexpressions.BuiltInParameterTransformer.<init>(BuiltInParameterTransformer.java:17)\n\tat io.cucumber.cucumberexpressions.ParameterTypeRegistry.<init>(ParameterTypeRegistry.java:54)\n\tat io.cucumber.cucumberexpressions.ExpressionFactory_createExpressionTest.<init>(ExpressionFactory_createExpressionTest.java:9)\n\tat java.base/java.lang.reflect.Constructor.newInstanceWithCaller(Constructor.java:502)\n\tat java.base/java.lang.reflect.Constructor.newInstance(Constructor.java:486)\n\tat java.base/java.util.Optional.orElseGet(Optional.java:364)\n\tat java.base/java.util.ArrayList.forEach(ArrayList.java:1596)\n\tat java.base/java.util.ArrayList.forEach(ArrayList.java:1596)\n\n[ERROR] io.cucumber.cucumberexpressions.ExpressionFactory_createExpressionTest.testCreateExpression_RegularExpressionWithAnchors -- Time elapsed: 0 s <<< ERROR!\njava.lang.NullPointerException: Cannot invoke \"Object.hashCode()\" because \"key\" is null\n\tat java.base/java.util.concurrent.ConcurrentHashMap.get(ConcurrentHashMap.java:936)\n\tat java.base/sun.util.locale.provider.LocaleProviderAdapter.getAdapter(LocaleProviderAdapter.java:255)\n\tat java.base/java.text.NumberFormat.getInstance(NumberFormat.java:963)\n\tat java.base/java.text.NumberFormat.getNumberInstance(NumberFormat.java:518)\n\tat io.cucumber.cucumberexpressions.NumberParser.<init>(NumberParser.java:14)\n\tat io.cucumber.cucumberexpressions.BuiltInParameterTransformer.<init>(BuiltInParameterTransformer.java:17)\n\tat io.cucumber.cucumberexpressions.ParameterTypeRegistry.<init>(ParameterTypeRegistry.java:54)\n\tat io.cucumber.cucumberexpressions.ExpressionFactory_createExpressionTest.<init>(ExpressionFactory_createExpressionTest.java:9)\n\tat java.base/java.lang.reflect.Constructor.newInstanceWithCaller(Constructor.java:502)\n\tat java.base/java.lang.reflect.Constructor.newInstance(Constructor.java:486)\n\tat java.base/java.util.Optional.orElseGet(Optional.java:364)\n\tat java.base/java.util.ArrayList.forEach(ArrayList.java:1596)\n\tat java.base/java.util.ArrayList.forEach(ArrayList.java:1596)\n\n[INFO] \n[INFO] Results:\n[INFO] \n[ERROR] Errors: \n[ERROR]   ExpressionFactory_createExpressionTest.<init>:9 \u00bb NullPointer Cannot invoke \"java.util.Locale.stripExtensions()\" because \"locale\" is null\n[ERROR]   ExpressionFactory_createExpressionTest.<init>:9 \u00bb NullPointer Cannot invoke \"Object.hashCode()\" because \"key\" is null\n[ERROR]   ExpressionFactory_createExpressionTest.<init>:9 \u00bb NullPointer Cannot invoke \"Object.hashCode()\" because \"key\" is null\n[ERROR]   ExpressionFactory_createExpressionTest.<init>:9 \u00bb NullPointer Cannot invoke \"Object.hashCode()\" because \"key\" is null\n[INFO] \n[ERROR] Tests run: 4, Failures: 0, Errors: 4, Skipped: 0\n[INFO] \n[INFO] ------------------------------------------------------------------------\n[INFO] BUILD FAILURE\n[INFO] ------------------------------------------------------------------------\n[INFO] Total time:  4.255 s\n[INFO] Finished at: 2024-10-01T16:22:04+08:00\n[INFO] ------------------------------------------------------------------------\n[ERROR] Failed to execute goal org.apache.maven.plugins:maven-surefire-plugin:3.2.3:test (default-test) on project cucumber-expressions: \n[ERROR] \n[ERROR] Please refer to /home/zhangzhe/fuzzing-repo/targets/java/cucumber-expressions/java/target/surefire-reports for the individual test results.\n[ERROR] Please refer to dump files (if any exist) [date].dump, [date]-jvmRun[N].dump and [date].dumpstream.\n[ERROR] -> [Help 1]\n[ERROR] \n[ERROR] To see the full stack trace of the errors, re-run Maven with the -e switch.\n[ERROR] Re-run Maven using the -X switch to enable full debug logging.\n[ERROR] \n[ERROR] For more information about the errors and possible solutions, please read the following articles:\n[ERROR] [Help 1] http://cwiki.apache.org/confluence/display/MAVEN/MojoFailureException\n"}