{"name": "ParameterTypeRegistry_setDefaultParameterTransformerTest", "status": "compile error", "error": "[INFO] Scanning for projects...\n[INFO] Inspecting build with total of 1 modules...\n[INFO] Installing Nexus Staging features:\n[INFO]   ... total of 1 executions of maven-deploy-plugin replaced with nexus-staging-maven-plugin\n[INFO] \n[INFO] ------------------< io.cucumber:cucumber-expressions >------------------\n[INFO] Building Cucumber Expressions 17.1.1-SNAPSHOT\n[INFO]   from pom.xml\n[INFO] --------------------------------[ jar ]---------------------------------\n[INFO] \n[INFO] --- enforcer:3.4.1:enforce (enforce) @ cucumber-expressions ---\n[INFO] Rule 0: org.apache.maven.enforcer.rules.version.RequireJavaVersion passed\n[INFO] Rule 1: org.apache.maven.enforcer.rules.version.RequireMavenVersion passed\n[INFO] Rule 2: org.apache.maven.enforcer.rules.RequirePluginVersions passed\n[INFO] \n[INFO] --- jacoco:0.8.12:prepare-agent (default) @ cucumber-expressions ---\n[INFO] argLine set to -javaagent:/home/zhangzhe/.m2/repository/org/jacoco/org.jacoco.agent/0.8.12/org.jacoco.agent-0.8.12-runtime.jar=destfile=/home/zhangzhe/fuzzing-repo/targets/java/cucumber-expressions/java/target/jacoco.exec,excludes=**/demo/**\n[INFO] \n[INFO] --- resources:3.3.1:resources (default-resources) @ cucumber-expressions ---\n[INFO] skip non existing resourceDirectory /home/zhangzhe/fuzzing-repo/targets/java/cucumber-expressions/java/src/main/resources\n[INFO] \n[INFO] --- compiler:3.12.1:compile (default-compile) @ cucumber-expressions ---\n[INFO] Nothing to compile - all classes are up to date.\n[INFO] \n[INFO] --- resources:3.3.1:testResources (default-testResources) @ cucumber-expressions ---\n[INFO] skip non existing resourceDirectory /home/zhangzhe/fuzzing-repo/targets/java/cucumber-expressions/java/src/test/resources\n[INFO] \n[INFO] --- compiler:3.12.1:testCompile (default-testCompile) @ cucumber-expressions ---\n[INFO] Recompiling the module because of added or removed source files.\n[INFO] Compiling 36 source files with javac [debug target 1.8] to target/test-classes\n[INFO] /home/zhangzhe/fuzzing-repo/targets/java/cucumber-expressions/java/src/test/java/io/cucumber/cucumberexpressions/CustomMatchers.java: /home/zhangzhe/fuzzing-repo/targets/java/cucumber-expressions/java/src/test/java/io/cucumber/cucumberexpressions/CustomMatchers.java\u4f7f\u7528\u4e86\u672a\u7ecf\u68c0\u67e5\u6216\u4e0d\u5b89\u5168\u7684\u64cd\u4f5c\u3002\n[INFO] /home/zhangzhe/fuzzing-repo/targets/java/cucumber-expressions/java/src/test/java/io/cucumber/cucumberexpressions/CustomMatchers.java: \u6709\u5173\u8be6\u7ec6\u4fe1\u606f, \u8bf7\u4f7f\u7528 -Xlint:unchecked \u91cd\u65b0\u7f16\u8bd1\u3002\n[INFO] -------------------------------------------------------------\n[WARNING] COMPILATION WARNING : \n[INFO] -------------------------------------------------------------\n[WARNING] \u672a\u4e0e -source 8 \u4e00\u8d77\u8bbe\u7f6e\u5f15\u5bfc\u7c7b\u8def\u5f84\n[WARNING] \u6e90\u503c 8 \u5df2\u8fc7\u65f6\uff0c\u5c06\u5728\u672a\u6765\u53d1\u884c\u7248\u4e2d\u5220\u9664\n[WARNING] \u76ee\u6807\u503c 8 \u5df2\u8fc7\u65f6\uff0c\u5c06\u5728\u672a\u6765\u53d1\u884c\u7248\u4e2d\u5220\u9664\n[WARNING] \u8981\u9690\u85cf\u6709\u5173\u5df2\u8fc7\u65f6\u9009\u9879\u7684\u8b66\u544a, \u8bf7\u4f7f\u7528 -Xlint:-options\u3002\n[INFO] 4 warnings \n[INFO] -------------------------------------------------------------\n[INFO] -------------------------------------------------------------\n[ERROR] COMPILATION ERROR : \n[INFO] -------------------------------------------------------------\n[ERROR] /home/zhangzhe/fuzzing-repo/targets/java/cucumber-expressions/java/src/test/java/io/cucumber/cucumberexpressions/ParameterTypeRegistry_setDefaultParameterTransformerTest.java:[15,59] \u627e\u4e0d\u5230\u7b26\u53f7\n  \u7b26\u53f7:   \u53d8\u91cf Locale\n  \u4f4d\u7f6e: \u7c7b io.cucumber.cucumberexpressions.ParameterTypeRegistry_setDefaultParameterTransformerTest\n[ERROR] /home/zhangzhe/fuzzing-repo/targets/java/cucumber-expressions/java/src/test/java/io/cucumber/cucumberexpressions/ParameterTypeRegistry_setDefaultParameterTransformerTest.java:[18,55] \u627e\u4e0d\u5230\u7b26\u53f7\n  \u7b26\u53f7: \u7c7b Type\n[INFO] 2 errors \n[INFO] -------------------------------------------------------------\n[INFO] ------------------------------------------------------------------------\n[INFO] BUILD FAILURE\n[INFO] ------------------------------------------------------------------------\n[INFO] Total time:  2.814 s\n[INFO] Finished at: 2024-10-01T18:14:30+08:00\n[INFO] ------------------------------------------------------------------------\n[ERROR] Failed to execute goal org.apache.maven.plugins:maven-compiler-plugin:3.12.1:testCompile (default-testCompile) on project cucumber-expressions: Compilation failure: Compilation failure: \n[ERROR] /home/zhangzhe/fuzzing-repo/targets/java/cucumber-expressions/java/src/test/java/io/cucumber/cucumberexpressions/ParameterTypeRegistry_setDefaultParameterTransformerTest.java:[15,59] \u627e\u4e0d\u5230\u7b26\u53f7\n[ERROR]   \u7b26\u53f7:   \u53d8\u91cf Locale\n[ERROR]   \u4f4d\u7f6e: \u7c7b io.cucumber.cucumberexpressions.ParameterTypeRegistry_setDefaultParameterTransformerTest\n[ERROR] /home/zhangzhe/fuzzing-repo/targets/java/cucumber-expressions/java/src/test/java/io/cucumber/cucumberexpressions/ParameterTypeRegistry_setDefaultParameterTransformerTest.java:[18,55] \u627e\u4e0d\u5230\u7b26\u53f7\n[ERROR]   \u7b26\u53f7: \u7c7b Type\n[ERROR] -> [Help 1]\n[ERROR] \n[ERROR] To see the full stack trace of the errors, re-run Maven with the -e switch.\n[ERROR] Re-run Maven using the -X switch to enable full debug logging.\n[ERROR] \n[ERROR] For more information about the errors and possible solutions, please read the following articles:\n[ERROR] [Help 1] http://cwiki.apache.org/confluence/display/MAVEN/MojoFailureException\n"}