{"name": "IteratorUtils_getIteratorTest", "status": "compile error", "error": "[INFO] Scanning for projects...\n[INFO] \n[INFO] --------------< org.apache.commons:commons-collections4 >---------------\n[INFO] Building Apache Commons Collections 4.5.0-M3-SNAPSHOT\n[INFO]   from pom.xml\n[INFO] --------------------------------[ jar ]---------------------------------\n[INFO] \n[INFO] --- enforcer:3.5.0:enforce (enforce-maven-version) @ commons-collections4 ---\n[INFO] Rule 0: org.apache.maven.enforcer.rules.version.RequireMavenVersion passed\n[INFO] \n[INFO] --- enforcer:3.5.0:enforce (enforce-java-version) @ commons-collections4 ---\n[INFO] Rule 0: org.apache.maven.enforcer.rules.version.RequireJavaVersion passed\n[INFO] \n[INFO] --- apache-rat:0.16.1:check (rat-check) @ commons-collections4 ---\n[INFO] RAT will not execute since it is configured to be skipped via system property 'rat.skip'.\n[INFO] \n[INFO] --- artifact:3.5.1:check-buildplan (check-buildplan) @ commons-collections4 ---\n[INFO] no known issue with org.apache.maven.plugins:maven-enforcer-plugin:3.5.0\n[INFO] no known issue with org.apache.rat:apache-rat-plugin:0.16.1\n[INFO] no known issue with org.apache.maven.plugins:maven-artifact-plugin:3.5.1\n[INFO] no known issue with org.codehaus.mojo:build-helper-maven-plugin:3.6.0\n[INFO] no known issue with org.apache.maven.plugins:maven-antrun-plugin:3.1.0\n[INFO] no known issue with org.apache.maven.plugins:maven-remote-resources-plugin:3.2.0 (>= 1.7.0)\n[INFO] no known issue with org.codehaus.mojo:buildnumber-maven-plugin:3.2.1\n[INFO] no known issue with org.apache.maven.plugins:maven-resources-plugin:3.3.1\n[INFO] no known issue with org.apache.maven.plugins:maven-compiler-plugin:3.13.0\n[INFO] no known issue with org.apache.felix:maven-bundle-plugin:5.1.9 (>= 5.1.9)\n[INFO] no known issue with org.jacoco:jacoco-maven-plugin:0.8.12\n[INFO] no known issue with org.apache.maven.plugins:maven-surefire-plugin:3.5.0\n[INFO] no known issue with org.apache.maven.plugins:maven-jar-plugin:3.4.2 (>= 3.2.0)\n[INFO] no known issue with org.apache.maven.plugins:maven-site-plugin:3.12.1\n[INFO] no known issue with org.apache.maven.plugins:maven-source-plugin:3.2.1 (>= 3.2.1)\n[INFO] no known issue with org.cyclonedx:cyclonedx-maven-plugin:2.8.1 (>= 2.7.9)\n[INFO] no known issue with org.spdx:spdx-maven-plugin:0.7.4\n[INFO] no known issue with org.moditect:moditect-maven-plugin:1.2.2.Final (>= 1.2.0.Final)\n[INFO] no known issue with org.apache.maven.plugins:maven-install-plugin:3.1.2\n[INFO] no known issue with org.apache.maven.plugins:maven-deploy-plugin:3.1.2\n[INFO] \n[INFO] --- build-helper:3.6.0:parse-version (parse-version) @ commons-collections4 ---\n[INFO] \n[INFO] --- antrun:3.1.0:run (javadoc.resources) @ commons-collections4 ---\n[INFO] Executing tasks\n[INFO]      [copy] Copying 2 files to /home/zhangzhe/fuzzing-repo/targets/java/commons-collections-3-for-ablation-0/target/apidocs/META-INF\n[INFO] Executed tasks\n[INFO] \n[INFO] --- remote-resources:3.2.0:process (process-resource-bundles) @ commons-collections4 ---\n[INFO] Skipping remote resources execution.\n[INFO] \n[INFO] --- buildnumber:3.2.1:create (default) @ commons-collections4 ---\n[INFO] Executing: /bin/sh -c cd '/home/zhangzhe/fuzzing-repo/targets/java/commons-collections-3-for-ablation-0' && 'git' 'log' '-1' '--no-merges' '--format=format:%H %aI %aE %aN'\n[INFO] Working directory: /home/zhangzhe/fuzzing-repo/targets/java/commons-collections-3-for-ablation-0\n[INFO] Storing buildNumber: null at timestamp: 1733243509014\n[INFO] Executing: /bin/sh -c cd '/home/zhangzhe/fuzzing-repo/targets/java/commons-collections-3-for-ablation-0' && 'git' 'symbolic-ref' 'HEAD'\n[INFO] Working directory: /home/zhangzhe/fuzzing-repo/targets/java/commons-collections-3-for-ablation-0\n[WARNING] Cannot get the branch information from the git repository: \nDetecting the current branch failed: fatal: ref HEAD is not a symbolic ref\n\n[INFO] Executing: /bin/sh -c cd '/home/zhangzhe/fuzzing-repo/targets/java/commons-collections-3-for-ablation-0' && 'git' 'log' '-1' '--no-merges' '--format=format:%H %aI %aE %aN'\n[INFO] Working directory: /home/zhangzhe/fuzzing-repo/targets/java/commons-collections-3-for-ablation-0\n[INFO] Storing scmBranch: UNKNOWN\n[INFO] \n[INFO] --- resources:3.3.1:resources (default-resources) @ commons-collections4 ---\n[INFO] skip non existing resourceDirectory /home/zhangzhe/fuzzing-repo/targets/java/commons-collections-3-for-ablation-0/src/main/resources\n[INFO] Copying 2 resources from  to target/classes/META-INF\n[INFO] \n[INFO] --- compiler:3.13.0:compile (default-compile) @ commons-collections4 ---\n[INFO] Recompiling the module because of changed source code.\n[INFO] Compiling 354 source files with javac [debug release 8] to target/classes\n[INFO] /home/zhangzhe/fuzzing-repo/targets/java/commons-collections-3-for-ablation-0/src/main/java/org/apache/commons/collections4/MapUtils.java: \u67d0\u4e9b\u8f93\u5165\u6587\u4ef6\u4f7f\u7528\u6216\u8986\u76d6\u4e86\u5df2\u8fc7\u65f6\u7684 API\u3002\n[INFO] /home/zhangzhe/fuzzing-repo/targets/java/commons-collections-3-for-ablation-0/src/main/java/org/apache/commons/collections4/MapUtils.java: \u6709\u5173\u8be6\u7ec6\u4fe1\u606f, \u8bf7\u4f7f\u7528 -Xlint:deprecation \u91cd\u65b0\u7f16\u8bd1\u3002\n[INFO] /home/zhangzhe/fuzzing-repo/targets/java/commons-collections-3-for-ablation-0/src/main/java/org/apache/commons/collections4/ClosureUtils.java: \u67d0\u4e9b\u8f93\u5165\u6587\u4ef6\u4f7f\u7528\u4e86\u672a\u7ecf\u68c0\u67e5\u6216\u4e0d\u5b89\u5168\u7684\u64cd\u4f5c\u3002\n[INFO] /home/zhangzhe/fuzzing-repo/targets/java/commons-collections-3-for-ablation-0/src/main/java/org/apache/commons/collections4/ClosureUtils.java: \u6709\u5173\u8be6\u7ec6\u4fe1\u606f, \u8bf7\u4f7f\u7528 -Xlint:unchecked \u91cd\u65b0\u7f16\u8bd1\u3002\n[INFO] \n[INFO] --- bundle:5.1.9:manifest (bundle-manifest) @ commons-collections4 ---\n[INFO] No MANIFEST.MF file found, generating manifest.\n[INFO] Writing manifest: /home/zhangzhe/fuzzing-repo/targets/java/commons-collections-3-for-ablation-0/target/osgi/MANIFEST.MF\n[INFO] \n[INFO] --- resources:3.3.1:testResources (default-testResources) @ commons-collections4 ---\n[INFO] Copying 181 resources from src/test/resources to target/test-classes\n[INFO] Copying 2 resources from  to target/test-classes/META-INF\n[INFO] \n[INFO] --- compiler:3.13.0:testCompile (default-testCompile) @ commons-collections4 ---\n[INFO] Recompiling the module because of changed dependency.\n[INFO] Compiling 308 source files with javac [debug release 8] to target/test-classes\n[INFO] /home/zhangzhe/fuzzing-repo/targets/java/commons-collections-3-for-ablation-0/src/test/java/org/apache/commons/collections4/MapUtilsTest.java: \u67d0\u4e9b\u8f93\u5165\u6587\u4ef6\u4f7f\u7528\u6216\u8986\u76d6\u4e86\u5df2\u8fc7\u65f6\u7684 API\u3002\n[INFO] /home/zhangzhe/fuzzing-repo/targets/java/commons-collections-3-for-ablation-0/src/test/java/org/apache/commons/collections4/MapUtilsTest.java: \u6709\u5173\u8be6\u7ec6\u4fe1\u606f, \u8bf7\u4f7f\u7528 -Xlint:deprecation \u91cd\u65b0\u7f16\u8bd1\u3002\n[INFO] /home/zhangzhe/fuzzing-repo/targets/java/commons-collections-3-for-ablation-0/src/test/java/org/apache/commons/collections4/ComparatorUtilsTest.java: \u67d0\u4e9b\u8f93\u5165\u6587\u4ef6\u4f7f\u7528\u4e86\u672a\u7ecf\u68c0\u67e5\u6216\u4e0d\u5b89\u5168\u7684\u64cd\u4f5c\u3002\n[INFO] /home/zhangzhe/fuzzing-repo/targets/java/commons-collections-3-for-ablation-0/src/test/java/org/apache/commons/collections4/ComparatorUtilsTest.java: \u6709\u5173\u8be6\u7ec6\u4fe1\u606f, \u8bf7\u4f7f\u7528 -Xlint:unchecked \u91cd\u65b0\u7f16\u8bd1\u3002\n[INFO] -------------------------------------------------------------\n[ERROR] COMPILATION ERROR : \n[INFO] -------------------------------------------------------------\n[ERROR] /home/zhangzhe/fuzzing-repo/targets/java/commons-collections-3-for-ablation-0/src/test/java/org/apache/commons/collections4/IteratorUtils_getIteratorTest.java:[17,63] \u627e\u4e0d\u5230\u7b26\u53f7\n  \u7b26\u53f7:   \u7c7b EmptyIterator\n  \u4f4d\u7f6e: \u7c7b org.apache.commons.collections4.IteratorUtils_getIteratorTest\n[ERROR] /home/zhangzhe/fuzzing-repo/targets/java/commons-collections-3-for-ablation-0/src/test/java/org/apache/commons/collections4/IteratorUtils_getIteratorTest.java:[29,64] \u627e\u4e0d\u5230\u7b26\u53f7\n  \u7b26\u53f7:   \u7c7b ObjectArrayIterator\n  \u4f4d\u7f6e: \u7c7b org.apache.commons.collections4.IteratorUtils_getIteratorTest\n[ERROR] /home/zhangzhe/fuzzing-repo/targets/java/commons-collections-3-for-ablation-0/src/test/java/org/apache/commons/collections4/IteratorUtils_getIteratorTest.java:[34,70] \u627e\u4e0d\u5230\u7b26\u53f7\n  \u7b26\u53f7:   \u7c7b EnumerationIterator\n  \u4f4d\u7f6e: \u7c7b org.apache.commons.collections4.IteratorUtils_getIteratorTest\n[ERROR] /home/zhangzhe/fuzzing-repo/targets/java/commons-collections-3-for-ablation-0/src/test/java/org/apache/commons/collections4/IteratorUtils_getIteratorTest.java:[53,67] \u627e\u4e0d\u5230\u7b26\u53f7\n  \u7b26\u53f7:   \u7c7b NodeListIterator\n  \u4f4d\u7f6e: \u7c7b org.apache.commons.collections4.IteratorUtils_getIteratorTest\n[ERROR] /home/zhangzhe/fuzzing-repo/targets/java/commons-collections-3-for-ablation-0/src/test/java/org/apache/commons/collections4/IteratorUtils_getIteratorTest.java:[68,49] \u627e\u4e0d\u5230\u7b26\u53f7\n  \u7b26\u53f7: \u7c7b DOMException\n[ERROR] /home/zhangzhe/fuzzing-repo/targets/java/commons-collections-3-for-ablation-0/src/test/java/org/apache/commons/collections4/IteratorUtils_getIteratorTest.java:[73,63] \u627e\u4e0d\u5230\u7b26\u53f7\n  \u7b26\u53f7: \u7c7b DOMException\n[ERROR] /home/zhangzhe/fuzzing-repo/targets/java/commons-collections-3-for-ablation-0/src/test/java/org/apache/commons/collections4/IteratorUtils_getIteratorTest.java:[108,20] \u627e\u4e0d\u5230\u7b26\u53f7\n  \u7b26\u53f7: \u7c7b NamedNodeMap\n[ERROR] /home/zhangzhe/fuzzing-repo/targets/java/commons-collections-3-for-ablation-0/src/test/java/org/apache/commons/collections4/IteratorUtils_getIteratorTest.java:[113,20] \u627e\u4e0d\u5230\u7b26\u53f7\n  \u7b26\u53f7: \u7c7b Document\n[ERROR] /home/zhangzhe/fuzzing-repo/targets/java/commons-collections-3-for-ablation-0/src/test/java/org/apache/commons/collections4/IteratorUtils_getIteratorTest.java:[118,75] \u627e\u4e0d\u5230\u7b26\u53f7\n  \u7b26\u53f7: \u7c7b DOMException\n[ERROR] /home/zhangzhe/fuzzing-repo/targets/java/commons-collections-3-for-ablation-0/src/test/java/org/apache/commons/collections4/IteratorUtils_getIteratorTest.java:[123,75] \u627e\u4e0d\u5230\u7b26\u53f7\n  \u7b26\u53f7: \u7c7b DOMException\n[ERROR] /home/zhangzhe/fuzzing-repo/targets/java/commons-collections-3-for-ablation-0/src/test/java/org/apache/commons/collections4/IteratorUtils_getIteratorTest.java:[128,59] \u627e\u4e0d\u5230\u7b26\u53f7\n  \u7b26\u53f7: \u7c7b DOMException\n[ERROR] /home/zhangzhe/fuzzing-repo/targets/java/commons-collections-3-for-ablation-0/src/test/java/org/apache/commons/collections4/IteratorUtils_getIteratorTest.java:[133,59] \u627e\u4e0d\u5230\u7b26\u53f7\n  \u7b26\u53f7: \u7c7b DOMException\n[ERROR] /home/zhangzhe/fuzzing-repo/targets/java/commons-collections-3-for-ablation-0/src/test/java/org/apache/commons/collections4/IteratorUtils_getIteratorTest.java:[168,57] \u627e\u4e0d\u5230\u7b26\u53f7\n  \u7b26\u53f7: \u7c7b DOMException\n[ERROR] /home/zhangzhe/fuzzing-repo/targets/java/commons-collections-3-for-ablation-0/src/test/java/org/apache/commons/collections4/IteratorUtils_getIteratorTest.java:[188,69] \u627e\u4e0d\u5230\u7b26\u53f7\n  \u7b26\u53f7: \u7c7b DOMException\n[ERROR] /home/zhangzhe/fuzzing-repo/targets/java/commons-collections-3-for-ablation-0/src/test/java/org/apache/commons/collections4/IteratorUtils_getIteratorTest.java:[193,51] \u627e\u4e0d\u5230\u7b26\u53f7\n  \u7b26\u53f7: \u7c7b DOMException\n[ERROR] /home/zhangzhe/fuzzing-repo/targets/java/commons-collections-3-for-ablation-0/src/test/java/org/apache/commons/collections4/IteratorUtils_getIteratorTest.java:[198,67] \u627e\u4e0d\u5230\u7b26\u53f7\n  \u7b26\u53f7: \u7c7b DOMException\n[ERROR] /home/zhangzhe/fuzzing-repo/targets/java/commons-collections-3-for-ablation-0/src/test/java/org/apache/commons/collections4/IteratorUtils_getIteratorTest.java:[233,64] \u627e\u4e0d\u5230\u7b26\u53f7\n  \u7b26\u53f7: \u7c7b UserDataHandler\n[ERROR] /home/zhangzhe/fuzzing-repo/targets/java/commons-collections-3-for-ablation-0/src/test/java/org/apache/commons/collections4/IteratorUtils_getIteratorTest.java:[242,63] \u627e\u4e0d\u5230\u7b26\u53f7\n  \u7b26\u53f7:   \u7c7b NodeListIterator\n  \u4f4d\u7f6e: \u7c7b org.apache.commons.collections4.IteratorUtils_getIteratorTest\n[ERROR] /home/zhangzhe/fuzzing-repo/targets/java/commons-collections-3-for-ablation-0/src/test/java/org/apache/commons/collections4/IteratorUtils_getIteratorTest.java:[247,69] \u627e\u4e0d\u5230\u7b26\u53f7\n  \u7b26\u53f7:   \u7c7b EnumerationIterator\n  \u4f4d\u7f6e: \u7c7b org.apache.commons.collections4.IteratorUtils_getIteratorTest\n[ERROR] /home/zhangzhe/fuzzing-repo/targets/java/commons-collections-3-for-ablation-0/src/test/java/org/apache/commons/collections4/IteratorUtils_getIteratorTest.java:[251,67] \u627e\u4e0d\u5230\u7b26\u53f7\n  \u7b26\u53f7:   \u7c7b ArrayIterator\n  \u4f4d\u7f6e: \u7c7b org.apache.commons.collections4.IteratorUtils_getIteratorTest\n[ERROR] /home/zhangzhe/fuzzing-repo/targets/java/commons-collections-3-for-ablation-0/src/test/java/org/apache/commons/collections4/IteratorUtils_getIteratorTest.java:[263,69] \u627e\u4e0d\u5230\u7b26\u53f7\n  \u7b26\u53f7:   \u7c7b SingletonIterator\n  \u4f4d\u7f6e: \u7c7b org.apache.commons.collections4.IteratorUtils_getIteratorTest\n[INFO] 21 errors \n[INFO] -------------------------------------------------------------\n[INFO] ------------------------------------------------------------------------\n[INFO] BUILD FAILURE\n[INFO] ------------------------------------------------------------------------\n[INFO] Total time:  11.410 s\n[INFO] Finished at: 2024-12-04T00:31:58+08:00\n[INFO] ------------------------------------------------------------------------\n[ERROR] Failed to execute goal org.apache.maven.plugins:maven-compiler-plugin:3.13.0:testCompile (default-testCompile) on project commons-collections4: Compilation failure: Compilation failure: \n[ERROR] /home/zhangzhe/fuzzing-repo/targets/java/commons-collections-3-for-ablation-0/src/test/java/org/apache/commons/collections4/IteratorUtils_getIteratorTest.java:[17,63] \u627e\u4e0d\u5230\u7b26\u53f7\n[ERROR]   \u7b26\u53f7:   \u7c7b EmptyIterator\n[ERROR]   \u4f4d\u7f6e: \u7c7b org.apache.commons.collections4.IteratorUtils_getIteratorTest\n[ERROR] /home/zhangzhe/fuzzing-repo/targets/java/commons-collections-3-for-ablation-0/src/test/java/org/apache/commons/collections4/IteratorUtils_getIteratorTest.java:[29,64] \u627e\u4e0d\u5230\u7b26\u53f7\n[ERROR]   \u7b26\u53f7:   \u7c7b ObjectArrayIterator\n[ERROR]   \u4f4d\u7f6e: \u7c7b org.apache.commons.collections4.IteratorUtils_getIteratorTest\n[ERROR] /home/zhangzhe/fuzzing-repo/targets/java/commons-collections-3-for-ablation-0/src/test/java/org/apache/commons/collections4/IteratorUtils_getIteratorTest.java:[34,70] \u627e\u4e0d\u5230\u7b26\u53f7\n[ERROR]   \u7b26\u53f7:   \u7c7b EnumerationIterator\n[ERROR]   \u4f4d\u7f6e: \u7c7b org.apache.commons.collections4.IteratorUtils_getIteratorTest\n[ERROR] /home/zhangzhe/fuzzing-repo/targets/java/commons-collections-3-for-ablation-0/src/test/java/org/apache/commons/collections4/IteratorUtils_getIteratorTest.java:[53,67] \u627e\u4e0d\u5230\u7b26\u53f7\n[ERROR]   \u7b26\u53f7:   \u7c7b NodeListIterator\n[ERROR]   \u4f4d\u7f6e: \u7c7b org.apache.commons.collections4.IteratorUtils_getIteratorTest\n[ERROR] /home/zhangzhe/fuzzing-repo/targets/java/commons-collections-3-for-ablation-0/src/test/java/org/apache/commons/collections4/IteratorUtils_getIteratorTest.java:[68,49] \u627e\u4e0d\u5230\u7b26\u53f7\n[ERROR]   \u7b26\u53f7: \u7c7b DOMException\n[ERROR] /home/zhangzhe/fuzzing-repo/targets/java/commons-collections-3-for-ablation-0/src/test/java/org/apache/commons/collections4/IteratorUtils_getIteratorTest.java:[73,63] \u627e\u4e0d\u5230\u7b26\u53f7\n[ERROR]   \u7b26\u53f7: \u7c7b DOMException\n[ERROR] /home/zhangzhe/fuzzing-repo/targets/java/commons-collections-3-for-ablation-0/src/test/java/org/apache/commons/collections4/IteratorUtils_getIteratorTest.java:[108,20] \u627e\u4e0d\u5230\u7b26\u53f7\n[ERROR]   \u7b26\u53f7: \u7c7b NamedNodeMap\n[ERROR] /home/zhangzhe/fuzzing-repo/targets/java/commons-collections-3-for-ablation-0/src/test/java/org/apache/commons/collections4/IteratorUtils_getIteratorTest.java:[113,20] \u627e\u4e0d\u5230\u7b26\u53f7\n[ERROR]   \u7b26\u53f7: \u7c7b Document\n[ERROR] /home/zhangzhe/fuzzing-repo/targets/java/commons-collections-3-for-ablation-0/src/test/java/org/apache/commons/collections4/IteratorUtils_getIteratorTest.java:[118,75] \u627e\u4e0d\u5230\u7b26\u53f7\n[ERROR]   \u7b26\u53f7: \u7c7b DOMException\n[ERROR] /home/zhangzhe/fuzzing-repo/targets/java/commons-collections-3-for-ablation-0/src/test/java/org/apache/commons/collections4/IteratorUtils_getIteratorTest.java:[123,75] \u627e\u4e0d\u5230\u7b26\u53f7\n[ERROR]   \u7b26\u53f7: \u7c7b DOMException\n[ERROR] /home/zhangzhe/fuzzing-repo/targets/java/commons-collections-3-for-ablation-0/src/test/java/org/apache/commons/collections4/IteratorUtils_getIteratorTest.java:[128,59] \u627e\u4e0d\u5230\u7b26\u53f7\n[ERROR]   \u7b26\u53f7: \u7c7b DOMException\n[ERROR] /home/zhangzhe/fuzzing-repo/targets/java/commons-collections-3-for-ablation-0/src/test/java/org/apache/commons/collections4/IteratorUtils_getIteratorTest.java:[133,59] \u627e\u4e0d\u5230\u7b26\u53f7\n[ERROR]   \u7b26\u53f7: \u7c7b DOMException\n[ERROR] /home/zhangzhe/fuzzing-repo/targets/java/commons-collections-3-for-ablation-0/src/test/java/org/apache/commons/collections4/IteratorUtils_getIteratorTest.java:[168,57] \u627e\u4e0d\u5230\u7b26\u53f7\n[ERROR]   \u7b26\u53f7: \u7c7b DOMException\n[ERROR] /home/zhangzhe/fuzzing-repo/targets/java/commons-collections-3-for-ablation-0/src/test/java/org/apache/commons/collections4/IteratorUtils_getIteratorTest.java:[188,69] \u627e\u4e0d\u5230\u7b26\u53f7\n[ERROR]   \u7b26\u53f7: \u7c7b DOMException\n[ERROR] /home/zhangzhe/fuzzing-repo/targets/java/commons-collections-3-for-ablation-0/src/test/java/org/apache/commons/collections4/IteratorUtils_getIteratorTest.java:[193,51] \u627e\u4e0d\u5230\u7b26\u53f7\n[ERROR]   \u7b26\u53f7: \u7c7b DOMException\n[ERROR] /home/zhangzhe/fuzzing-repo/targets/java/commons-collections-3-for-ablation-0/src/test/java/org/apache/commons/collections4/IteratorUtils_getIteratorTest.java:[198,67] \u627e\u4e0d\u5230\u7b26\u53f7\n[ERROR]   \u7b26\u53f7: \u7c7b DOMException\n[ERROR] /home/zhangzhe/fuzzing-repo/targets/java/commons-collections-3-for-ablation-0/src/test/java/org/apache/commons/collections4/IteratorUtils_getIteratorTest.java:[233,64] \u627e\u4e0d\u5230\u7b26\u53f7\n[ERROR]   \u7b26\u53f7: \u7c7b UserDataHandler\n[ERROR] /home/zhangzhe/fuzzing-repo/targets/java/commons-collections-3-for-ablation-0/src/test/java/org/apache/commons/collections4/IteratorUtils_getIteratorTest.java:[242,63] \u627e\u4e0d\u5230\u7b26\u53f7\n[ERROR]   \u7b26\u53f7:   \u7c7b NodeListIterator\n[ERROR]   \u4f4d\u7f6e: \u7c7b org.apache.commons.collections4.IteratorUtils_getIteratorTest\n[ERROR] /home/zhangzhe/fuzzing-repo/targets/java/commons-collections-3-for-ablation-0/src/test/java/org/apache/commons/collections4/IteratorUtils_getIteratorTest.java:[247,69] \u627e\u4e0d\u5230\u7b26\u53f7\n[ERROR]   \u7b26\u53f7:   \u7c7b EnumerationIterator\n[ERROR]   \u4f4d\u7f6e: \u7c7b org.apache.commons.collections4.IteratorUtils_getIteratorTest\n[ERROR] /home/zhangzhe/fuzzing-repo/targets/java/commons-collections-3-for-ablation-0/src/test/java/org/apache/commons/collections4/IteratorUtils_getIteratorTest.java:[251,67] \u627e\u4e0d\u5230\u7b26\u53f7\n[ERROR]   \u7b26\u53f7:   \u7c7b ArrayIterator\n[ERROR]   \u4f4d\u7f6e: \u7c7b org.apache.commons.collections4.IteratorUtils_getIteratorTest\n[ERROR] /home/zhangzhe/fuzzing-repo/targets/java/commons-collections-3-for-ablation-0/src/test/java/org/apache/commons/collections4/IteratorUtils_getIteratorTest.java:[263,69] \u627e\u4e0d\u5230\u7b26\u53f7\n[ERROR]   \u7b26\u53f7:   \u7c7b SingletonIterator\n[ERROR]   \u4f4d\u7f6e: \u7c7b org.apache.commons.collections4.IteratorUtils_getIteratorTest\n[ERROR] -> [Help 1]\n[ERROR] \n[ERROR] To see the full stack trace of the errors, re-run Maven with the -e switch.\n[ERROR] Re-run Maven using the -X switch to enable full debug logging.\n[ERROR] \n[ERROR] For more information about the errors and possible solutions, please read the following articles:\n[ERROR] [Help 1] http://cwiki.apache.org/confluence/display/MAVEN/MojoFailureException\n"}